{"total": {"lines":{"total":15659,"covered":1390,"skipped":0,"pct":8.87},"statements":{"total":17062,"covered":1512,"skipped":0,"pct":8.86},"functions":{"total":3696,"covered":376,"skipped":0,"pct":10.17},"branches":{"total":8093,"covered":493,"skipped":0,"pct":6.09},"branchesTrue":{"total":0,"covered":0,"skipped":0,"pct":100}}
,"/Users/hilmes/Projects/johnstreet/app/error.tsx": {"lines":{"total":5,"covered":0,"skipped":0,"pct":0},"functions":{"total":2,"covered":0,"skipped":0,"pct":0},"statements":{"total":5,"covered":0,"skipped":0,"pct":0},"branches":{"total":1,"covered":0,"skipped":0,"pct":0}}
,"/Users/hilmes/Projects/johnstreet/app/layout.tsx": {"lines":{"total":8,"covered":0,"skipped":0,"pct":0},"functions":{"total":1,"covered":0,"skipped":0,"pct":0},"statements":{"total":9,"covered":0,"skipped":0,"pct":0},"branches":{"total":0,"covered":0,"skipped":0,"pct":100}}
,"/Users/hilmes/Projects/johnstreet/app/not-found.tsx": {"lines":{"total":3,"covered":0,"skipped":0,"pct":0},"functions":{"total":1,"covered":0,"skipped":0,"pct":0},"statements":{"total":3,"covered":0,"skipped":0,"pct":0},"branches":{"total":0,"covered":0,"skipped":0,"pct":100}}
,"/Users/hilmes/Projects/johnstreet/app/page.tsx": {"lines":{"total":3,"covered":0,"skipped":0,"pct":0},"functions":{"total":1,"covered":0,"skipped":0,"pct":0},"statements":{"total":3,"covered":0,"skipped":0,"pct":0},"branches":{"total":0,"covered":0,"skipped":0,"pct":100}}
,"/Users/hilmes/Projects/johnstreet/app/providers.tsx": {"lines":{"total":7,"covered":0,"skipped":0,"pct":0},"functions":{"total":1,"covered":0,"skipped":0,"pct":0},"statements":{"total":7,"covered":0,"skipped":0,"pct":0},"branches":{"total":0,"covered":0,"skipped":0,"pct":100}}
,"/Users/hilmes/Projects/johnstreet/app/activity-feed/page.tsx": {"lines":{"total":132,"covered":0,"skipped":0,"pct":0},"functions":{"total":29,"covered":0,"skipped":0,"pct":0},"statements":{"total":138,"covered":0,"skipped":0,"pct":0},"branches":{"total":69,"covered":0,"skipped":0,"pct":0}}
,"/Users/hilmes/Projects/johnstreet/app/ai-strategy/page.tsx": {"lines":{"total":65,"covered":0,"skipped":0,"pct":0},"functions":{"total":21,"covered":0,"skipped":0,"pct":0},"statements":{"total":67,"covered":0,"skipped":0,"pct":0},"branches":{"total":21,"covered":0,"skipped":0,"pct":0}}
,"/Users/hilmes/Projects/johnstreet/app/analysis/performance/page.tsx": {"lines":{"total":3,"covered":0,"skipped":0,"pct":0},"functions":{"total":1,"covered":0,"skipped":0,"pct":0},"statements":{"total":3,"covered":0,"skipped":0,"pct":0},"branches":{"total":0,"covered":0,"skipped":0,"pct":100}}
,"/Users/hilmes/Projects/johnstreet/app/analytics/market/page.tsx": {"lines":{"total":33,"covered":0,"skipped":0,"pct":0},"functions":{"total":14,"covered":0,"skipped":0,"pct":0},"statements":{"total":39,"covered":0,"skipped":0,"pct":0},"branches":{"total":45,"covered":0,"skipped":0,"pct":0}}
,"/Users/hilmes/Projects/johnstreet/app/analytics/portfolio/page.tsx": {"lines":{"total":32,"covered":0,"skipped":0,"pct":0},"functions":{"total":14,"covered":0,"skipped":0,"pct":0},"statements":{"total":35,"covered":0,"skipped":0,"pct":0},"branches":{"total":60,"covered":0,"skipped":0,"pct":0}}
,"/Users/hilmes/Projects/johnstreet/app/api/auth/api-keys/route.ts": {"lines":{"total":57,"covered":0,"skipped":0,"pct":0},"functions":{"total":4,"covered":0,"skipped":0,"pct":0},"statements":{"total":57,"covered":0,"skipped":0,"pct":0},"branches":{"total":31,"covered":0,"skipped":0,"pct":0}}
,"/Users/hilmes/Projects/johnstreet/app/api/backtest/run/route.ts": {"lines":{"total":36,"covered":0,"skipped":0,"pct":0},"functions":{"total":3,"covered":0,"skipped":0,"pct":0},"statements":{"total":38,"covered":0,"skipped":0,"pct":0},"branches":{"total":14,"covered":0,"skipped":0,"pct":0}}
,"/Users/hilmes/Projects/johnstreet/app/api/backtesting/optimize/route.ts": {"lines":{"total":75,"covered":0,"skipped":0,"pct":0},"functions":{"total":6,"covered":0,"skipped":0,"pct":0},"statements":{"total":79,"covered":0,"skipped":0,"pct":0},"branches":{"total":22,"covered":0,"skipped":0,"pct":0}}
,"/Users/hilmes/Projects/johnstreet/app/api/backtesting/run/route.ts": {"lines":{"total":49,"covered":0,"skipped":0,"pct":0},"functions":{"total":5,"covered":0,"skipped":0,"pct":0},"statements":{"total":49,"covered":0,"skipped":0,"pct":0},"branches":{"total":31,"covered":0,"skipped":0,"pct":0}}
,"/Users/hilmes/Projects/johnstreet/app/api/claude/strategy/route.ts": {"lines":{"total":24,"covered":0,"skipped":0,"pct":0},"functions":{"total":3,"covered":0,"skipped":0,"pct":0},"statements":{"total":25,"covered":0,"skipped":0,"pct":0},"branches":{"total":14,"covered":0,"skipped":0,"pct":0}}
,"/Users/hilmes/Projects/johnstreet/app/api/cron/archive/route.ts": {"lines":{"total":65,"covered":0,"skipped":0,"pct":0},"functions":{"total":8,"covered":0,"skipped":0,"pct":0},"statements":{"total":72,"covered":0,"skipped":0,"pct":0},"branches":{"total":37,"covered":0,"skipped":0,"pct":0}}
,"/Users/hilmes/Projects/johnstreet/app/api/cron/monitor/route.ts": {"lines":{"total":32,"covered":0,"skipped":0,"pct":0},"functions":{"total":5,"covered":0,"skipped":0,"pct":0},"statements":{"total":38,"covered":0,"skipped":0,"pct":0},"branches":{"total":13,"covered":0,"skipped":0,"pct":0}}
,"/Users/hilmes/Projects/johnstreet/app/api/dashboard/route.ts": {"lines":{"total":45,"covered":0,"skipped":0,"pct":0},"functions":{"total":9,"covered":0,"skipped":0,"pct":0},"statements":{"total":48,"covered":0,"skipped":0,"pct":0},"branches":{"total":23,"covered":0,"skipped":0,"pct":0}}
,"/Users/hilmes/Projects/johnstreet/app/api/data/export/route.ts": {"lines":{"total":86,"covered":0,"skipped":0,"pct":0},"functions":{"total":15,"covered":0,"skipped":0,"pct":0},"statements":{"total":101,"covered":0,"skipped":0,"pct":0},"branches":{"total":51,"covered":0,"skipped":0,"pct":0}}
,"/Users/hilmes/Projects/johnstreet/app/api/data/status/route.ts": {"lines":{"total":25,"covered":0,"skipped":0,"pct":0},"functions":{"total":9,"covered":0,"skipped":0,"pct":0},"statements":{"total":28,"covered":0,"skipped":0,"pct":0},"branches":{"total":19,"covered":0,"skipped":0,"pct":0}}
,"/Users/hilmes/Projects/johnstreet/app/api/kraken/historical/route.ts": {"lines":{"total":36,"covered":0,"skipped":0,"pct":0},"functions":{"total":3,"covered":0,"skipped":0,"pct":0},"statements":{"total":38,"covered":0,"skipped":0,"pct":0},"branches":{"total":19,"covered":0,"skipped":0,"pct":0}}
,"/Users/hilmes/Projects/johnstreet/app/api/kraken/orderbook/route.ts": {"lines":{"total":16,"covered":0,"skipped":0,"pct":0},"functions":{"total":1,"covered":0,"skipped":0,"pct":0},"statements":{"total":16,"covered":0,"skipped":0,"pct":0},"branches":{"total":8,"covered":0,"skipped":0,"pct":0}}
,"/Users/hilmes/Projects/johnstreet/app/api/kraken/orderbook/test/route.ts": {"lines":{"total":26,"covered":0,"skipped":0,"pct":0},"functions":{"total":4,"covered":0,"skipped":0,"pct":0},"statements":{"total":29,"covered":0,"skipped":0,"pct":0},"branches":{"total":17,"covered":0,"skipped":0,"pct":0}}
,"/Users/hilmes/Projects/johnstreet/app/api/kraken/ticker/route.ts": {"lines":{"total":12,"covered":0,"skipped":0,"pct":0},"functions":{"total":1,"covered":0,"skipped":0,"pct":0},"statements":{"total":12,"covered":0,"skipped":0,"pct":0},"branches":{"total":5,"covered":0,"skipped":0,"pct":0}}
,"/Users/hilmes/Projects/johnstreet/app/api/live/activity-feed/route.ts": {"lines":{"total":70,"covered":0,"skipped":0,"pct":0},"functions":{"total":31,"covered":0,"skipped":0,"pct":0},"statements":{"total":80,"covered":0,"skipped":0,"pct":0},"branches":{"total":55,"covered":0,"skipped":0,"pct":0}}
,"/Users/hilmes/Projects/johnstreet/app/api/live/start-system/route.ts": {"lines":{"total":6,"covered":0,"skipped":0,"pct":0},"functions":{"total":1,"covered":0,"skipped":0,"pct":0},"statements":{"total":6,"covered":0,"skipped":0,"pct":0},"branches":{"total":0,"covered":0,"skipped":0,"pct":100}}
,"/Users/hilmes/Projects/johnstreet/app/api/portfolio/balance/route.ts": {"lines":{"total":24,"covered":0,"skipped":0,"pct":0},"functions":{"total":2,"covered":0,"skipped":0,"pct":0},"statements":{"total":24,"covered":0,"skipped":0,"pct":0},"branches":{"total":3,"covered":0,"skipped":0,"pct":0}}
,"/Users/hilmes/Projects/johnstreet/app/api/sentiment/activity/route.ts": {"lines":{"total":75,"covered":0,"skipped":0,"pct":0},"functions":{"total":9,"covered":0,"skipped":0,"pct":0},"statements":{"total":77,"covered":0,"skipped":0,"pct":0},"branches":{"total":36,"covered":0,"skipped":0,"pct":0}}
,"/Users/hilmes/Projects/johnstreet/app/api/sentiment/analyze/route.ts": {"lines":{"total":18,"covered":0,"skipped":0,"pct":0},"functions":{"total":2,"covered":0,"skipped":0,"pct":0},"statements":{"total":18,"covered":0,"skipped":0,"pct":0},"branches":{"total":8,"covered":0,"skipped":0,"pct":0}}
,"/Users/hilmes/Projects/johnstreet/app/api/sentiment/historical/route.ts": {"lines":{"total":56,"covered":0,"skipped":0,"pct":0},"functions":{"total":5,"covered":0,"skipped":0,"pct":0},"statements":{"total":57,"covered":0,"skipped":0,"pct":0},"branches":{"total":37,"covered":0,"skipped":0,"pct":0}}
,"/Users/hilmes/Projects/johnstreet/app/api/sentiment/pump-detector/route.ts": {"lines":{"total":83,"covered":0,"skipped":0,"pct":0},"functions":{"total":12,"covered":0,"skipped":0,"pct":0},"statements":{"total":87,"covered":0,"skipped":0,"pct":0},"branches":{"total":41,"covered":0,"skipped":0,"pct":0}}
,"/Users/hilmes/Projects/johnstreet/app/api/sentiment/reddit/route.ts": {"lines":{"total":38,"covered":0,"skipped":0,"pct":0},"functions":{"total":9,"covered":0,"skipped":0,"pct":0},"statements":{"total":39,"covered":0,"skipped":0,"pct":0},"branches":{"total":17,"covered":0,"skipped":0,"pct":0}}
,"/Users/hilmes/Projects/johnstreet/app/api/sentiment/subreddits/route.ts": {"lines":{"total":123,"covered":0,"skipped":0,"pct":0},"functions":{"total":6,"covered":0,"skipped":0,"pct":0},"statements":{"total":127,"covered":0,"skipped":0,"pct":0},"branches":{"total":68,"covered":0,"skipped":0,"pct":0}}
,"/Users/hilmes/Projects/johnstreet/app/api/sentiment/twitter/route.ts": {"lines":{"total":84,"covered":0,"skipped":0,"pct":0},"functions":{"total":4,"covered":0,"skipped":0,"pct":0},"statements":{"total":86,"covered":0,"skipped":0,"pct":0},"branches":{"total":48,"covered":0,"skipped":0,"pct":0}}
,"/Users/hilmes/Projects/johnstreet/app/api/strategies/route.ts": {"lines":{"total":58,"covered":0,"skipped":0,"pct":0},"functions":{"total":5,"covered":0,"skipped":0,"pct":0},"statements":{"total":58,"covered":0,"skipped":0,"pct":0},"branches":{"total":15,"covered":0,"skipped":0,"pct":0}}
,"/Users/hilmes/Projects/johnstreet/app/api/trading/cancel/route.ts": {"lines":{"total":37,"covered":0,"skipped":0,"pct":0},"functions":{"total":4,"covered":0,"skipped":0,"pct":0},"statements":{"total":38,"covered":0,"skipped":0,"pct":0},"branches":{"total":12,"covered":0,"skipped":0,"pct":0}}
,"/Users/hilmes/Projects/johnstreet/app/api/trading/circuit-breaker/route.ts": {"lines":{"total":89,"covered":0,"skipped":0,"pct":0},"functions":{"total":9,"covered":0,"skipped":0,"pct":0},"statements":{"total":97,"covered":0,"skipped":0,"pct":0},"branches":{"total":39,"covered":0,"skipped":0,"pct":0}}
,"/Users/hilmes/Projects/johnstreet/app/api/trading/integration/route.ts": {"lines":{"total":69,"covered":0,"skipped":0,"pct":0},"functions":{"total":5,"covered":0,"skipped":0,"pct":0},"statements":{"total":70,"covered":0,"skipped":0,"pct":0},"branches":{"total":48,"covered":0,"skipped":0,"pct":0}}
,"/Users/hilmes/Projects/johnstreet/app/api/trading/integration/start/route.ts": {"lines":{"total":40,"covered":0,"skipped":0,"pct":0},"functions":{"total":2,"covered":0,"skipped":0,"pct":0},"statements":{"total":40,"covered":0,"skipped":0,"pct":0},"branches":{"total":34,"covered":0,"skipped":0,"pct":0}}
,"/Users/hilmes/Projects/johnstreet/app/api/trading/integration/stop/route.ts": {"lines":{"total":12,"covered":0,"skipped":0,"pct":0},"functions":{"total":1,"covered":0,"skipped":0,"pct":0},"statements":{"total":12,"covered":0,"skipped":0,"pct":0},"branches":{"total":13,"covered":0,"skipped":0,"pct":0}}
,"/Users/hilmes/Projects/johnstreet/app/api/trading/monitor/route.ts": {"lines":{"total":82,"covered":0,"skipped":0,"pct":0},"functions":{"total":11,"covered":0,"skipped":0,"pct":0},"statements":{"total":85,"covered":0,"skipped":0,"pct":0},"branches":{"total":42,"covered":0,"skipped":0,"pct":0}}
,"/Users/hilmes/Projects/johnstreet/app/api/trading/order/route.ts": {"lines":{"total":37,"covered":0,"skipped":0,"pct":0},"functions":{"total":5,"covered":0,"skipped":0,"pct":0},"statements":{"total":37,"covered":0,"skipped":0,"pct":0},"branches":{"total":25,"covered":0,"skipped":0,"pct":0}}
,"/Users/hilmes/Projects/johnstreet/app/api/trading/paper/route.ts": {"lines":{"total":63,"covered":0,"skipped":0,"pct":0},"functions":{"total":5,"covered":0,"skipped":0,"pct":0},"statements":{"total":64,"covered":0,"skipped":0,"pct":0},"branches":{"total":41,"covered":0,"skipped":0,"pct":0}}
,"/Users/hilmes/Projects/johnstreet/app/api/trading/positions/route.ts": {"lines":{"total":79,"covered":0,"skipped":0,"pct":0},"functions":{"total":5,"covered":0,"skipped":0,"pct":0},"statements":{"total":80,"covered":0,"skipped":0,"pct":0},"branches":{"total":33,"covered":0,"skipped":0,"pct":0}}
,"/Users/hilmes/Projects/johnstreet/app/api/trends/route.ts": {"lines":{"total":28,"covered":0,"skipped":0,"pct":0},"functions":{"total":5,"covered":0,"skipped":0,"pct":0},"statements":{"total":29,"covered":0,"skipped":0,"pct":0},"branches":{"total":9,"covered":0,"skipped":0,"pct":0}}
,"/Users/hilmes/Projects/johnstreet/app/api/ws/route.ts": {"lines":{"total":3,"covered":0,"skipped":0,"pct":0},"functions":{"total":1,"covered":0,"skipped":0,"pct":0},"statements":{"total":4,"covered":0,"skipped":0,"pct":0},"branches":{"total":0,"covered":0,"skipped":0,"pct":100}}
,"/Users/hilmes/Projects/johnstreet/app/dashboard/page.tsx": {"lines":{"total":4,"covered":0,"skipped":0,"pct":0},"functions":{"total":1,"covered":0,"skipped":0,"pct":0},"statements":{"total":4,"covered":0,"skipped":0,"pct":0},"branches":{"total":0,"covered":0,"skipped":0,"pct":100}}
,"/Users/hilmes/Projects/johnstreet/app/financial-excellence/page.tsx": {"lines":{"total":33,"covered":0,"skipped":0,"pct":0},"functions":{"total":8,"covered":0,"skipped":0,"pct":0},"statements":{"total":33,"covered":0,"skipped":0,"pct":0},"branches":{"total":16,"covered":0,"skipped":0,"pct":0}}
,"/Users/hilmes/Projects/johnstreet/app/hooks/useLiveOrderBook.ts": {"lines":{"total":74,"covered":0,"skipped":0,"pct":0},"functions":{"total":14,"covered":0,"skipped":0,"pct":0},"statements":{"total":75,"covered":0,"skipped":0,"pct":0},"branches":{"total":38,"covered":0,"skipped":0,"pct":0}}
,"/Users/hilmes/Projects/johnstreet/app/hooks/useLivePrices.ts": {"lines":{"total":84,"covered":3,"skipped":0,"pct":3.57},"functions":{"total":20,"covered":0,"skipped":0,"pct":0},"statements":{"total":85,"covered":3,"skipped":0,"pct":3.52},"branches":{"total":32,"covered":0,"skipped":0,"pct":0}}
,"/Users/hilmes/Projects/johnstreet/app/portfolio/page.tsx": {"lines":{"total":56,"covered":0,"skipped":0,"pct":0},"functions":{"total":20,"covered":0,"skipped":0,"pct":0},"statements":{"total":58,"covered":0,"skipped":0,"pct":0},"branches":{"total":53,"covered":0,"skipped":0,"pct":0}}
,"/Users/hilmes/Projects/johnstreet/app/risk/alerts/page.tsx": {"lines":{"total":81,"covered":0,"skipped":0,"pct":0},"functions":{"total":41,"covered":0,"skipped":0,"pct":0},"statements":{"total":98,"covered":0,"skipped":0,"pct":0},"branches":{"total":105,"covered":0,"skipped":0,"pct":0}}
,"/Users/hilmes/Projects/johnstreet/app/risk/dashboard/page.tsx": {"lines":{"total":4,"covered":0,"skipped":0,"pct":0},"functions":{"total":1,"covered":0,"skipped":0,"pct":0},"statements":{"total":4,"covered":0,"skipped":0,"pct":0},"branches":{"total":0,"covered":0,"skipped":0,"pct":100}}
,"/Users/hilmes/Projects/johnstreet/app/risk/pump-detector/page.tsx": {"lines":{"total":187,"covered":0,"skipped":0,"pct":0},"functions":{"total":68,"covered":0,"skipped":0,"pct":0},"statements":{"total":203,"covered":0,"skipped":0,"pct":0},"branches":{"total":131,"covered":0,"skipped":0,"pct":0}}
,"/Users/hilmes/Projects/johnstreet/app/sentiment/page.tsx": {"lines":{"total":192,"covered":0,"skipped":0,"pct":0},"functions":{"total":72,"covered":0,"skipped":0,"pct":0},"statements":{"total":212,"covered":0,"skipped":0,"pct":0},"branches":{"total":186,"covered":0,"skipped":0,"pct":0}}
,"/Users/hilmes/Projects/johnstreet/app/settings/page.tsx": {"lines":{"total":51,"covered":0,"skipped":0,"pct":0},"functions":{"total":22,"covered":0,"skipped":0,"pct":0},"statements":{"total":53,"covered":0,"skipped":0,"pct":0},"branches":{"total":65,"covered":0,"skipped":0,"pct":0}}
,"/Users/hilmes/Projects/johnstreet/app/strategies/page.tsx": {"lines":{"total":106,"covered":0,"skipped":0,"pct":0},"functions":{"total":47,"covered":0,"skipped":0,"pct":0},"statements":{"total":114,"covered":0,"skipped":0,"pct":0},"branches":{"total":101,"covered":0,"skipped":0,"pct":0}}
,"/Users/hilmes/Projects/johnstreet/app/strategies/backtest/page.tsx": {"lines":{"total":77,"covered":0,"skipped":0,"pct":0},"functions":{"total":38,"covered":0,"skipped":0,"pct":0},"statements":{"total":89,"covered":0,"skipped":0,"pct":0},"branches":{"total":68,"covered":0,"skipped":0,"pct":0}}
,"/Users/hilmes/Projects/johnstreet/app/strategies/performance/page.tsx": {"lines":{"total":54,"covered":0,"skipped":0,"pct":0},"functions":{"total":20,"covered":0,"skipped":0,"pct":0},"statements":{"total":57,"covered":0,"skipped":0,"pct":0},"branches":{"total":25,"covered":0,"skipped":0,"pct":0}}
,"/Users/hilmes/Projects/johnstreet/app/trading/page.tsx": {"lines":{"total":3,"covered":0,"skipped":0,"pct":0},"functions":{"total":1,"covered":0,"skipped":0,"pct":0},"statements":{"total":3,"covered":0,"skipped":0,"pct":0},"branches":{"total":0,"covered":0,"skipped":0,"pct":100}}
,"/Users/hilmes/Projects/johnstreet/app/trading/live/page.tsx": {"lines":{"total":45,"covered":0,"skipped":0,"pct":0},"functions":{"total":13,"covered":0,"skipped":0,"pct":0},"statements":{"total":45,"covered":0,"skipped":0,"pct":0},"branches":{"total":26,"covered":0,"skipped":0,"pct":0}}
,"/Users/hilmes/Projects/johnstreet/app/trading/orders/page.tsx": {"lines":{"total":125,"covered":0,"skipped":0,"pct":0},"functions":{"total":42,"covered":0,"skipped":0,"pct":0},"statements":{"total":138,"covered":0,"skipped":0,"pct":0},"branches":{"total":85,"covered":0,"skipped":0,"pct":0}}
,"/Users/hilmes/Projects/johnstreet/app/trading/paper/page.tsx": {"lines":{"total":94,"covered":0,"skipped":0,"pct":0},"functions":{"total":36,"covered":0,"skipped":0,"pct":0},"statements":{"total":105,"covered":0,"skipped":0,"pct":0},"branches":{"total":110,"covered":0,"skipped":0,"pct":0}}
,"/Users/hilmes/Projects/johnstreet/components/ActivityFeed.tsx": {"lines":{"total":24,"covered":0,"skipped":0,"pct":0},"functions":{"total":5,"covered":0,"skipped":0,"pct":0},"statements":{"total":24,"covered":0,"skipped":0,"pct":0},"branches":{"total":33,"covered":0,"skipped":0,"pct":0}}
,"/Users/hilmes/Projects/johnstreet/components/BacktestResults.tsx": {"lines":{"total":24,"covered":0,"skipped":0,"pct":0},"functions":{"total":11,"covered":0,"skipped":0,"pct":0},"statements":{"total":24,"covered":0,"skipped":0,"pct":0},"branches":{"total":33,"covered":0,"skipped":0,"pct":0}}
,"/Users/hilmes/Projects/johnstreet/components/Card.tsx": {"lines":{"total":7,"covered":0,"skipped":0,"pct":0},"functions":{"total":2,"covered":0,"skipped":0,"pct":0},"statements":{"total":7,"covered":0,"skipped":0,"pct":0},"branches":{"total":8,"covered":0,"skipped":0,"pct":0}}
,"/Users/hilmes/Projects/johnstreet/components/ClientLayout.tsx": {"lines":{"total":16,"covered":0,"skipped":0,"pct":0},"functions":{"total":3,"covered":0,"skipped":0,"pct":0},"statements":{"total":16,"covered":0,"skipped":0,"pct":0},"branches":{"total":6,"covered":0,"skipped":0,"pct":0}}
,"/Users/hilmes/Projects/johnstreet/components/DashboardHeader.tsx": {"lines":{"total":18,"covered":0,"skipped":0,"pct":0},"functions":{"total":7,"covered":0,"skipped":0,"pct":0},"statements":{"total":21,"covered":0,"skipped":0,"pct":0},"branches":{"total":8,"covered":0,"skipped":0,"pct":0}}
,"/Users/hilmes/Projects/johnstreet/components/ExpandableStrategyList.tsx": {"lines":{"total":26,"covered":0,"skipped":0,"pct":0},"functions":{"total":12,"covered":0,"skipped":0,"pct":0},"statements":{"total":26,"covered":0,"skipped":0,"pct":0},"branches":{"total":24,"covered":0,"skipped":0,"pct":0}}
,"/Users/hilmes/Projects/johnstreet/components/Sidebar.tsx": {"lines":{"total":30,"covered":0,"skipped":0,"pct":0},"functions":{"total":10,"covered":0,"skipped":0,"pct":0},"statements":{"total":31,"covered":0,"skipped":0,"pct":0},"branches":{"total":65,"covered":0,"skipped":0,"pct":0}}
,"/Users/hilmes/Projects/johnstreet/components/StrategyChat.tsx": {"lines":{"total":70,"covered":0,"skipped":0,"pct":0},"functions":{"total":27,"covered":0,"skipped":0,"pct":0},"statements":{"total":75,"covered":0,"skipped":0,"pct":0},"branches":{"total":44,"covered":0,"skipped":0,"pct":0}}
,"/Users/hilmes/Projects/johnstreet/components/TradingTicker.tsx": {"lines":{"total":46,"covered":0,"skipped":0,"pct":0},"functions":{"total":10,"covered":0,"skipped":0,"pct":0},"statements":{"total":50,"covered":0,"skipped":0,"pct":0},"branches":{"total":18,"covered":0,"skipped":0,"pct":0}}
,"/Users/hilmes/Projects/johnstreet/components/core/DataTable.tsx": {"lines":{"total":52,"covered":0,"skipped":0,"pct":0},"functions":{"total":18,"covered":0,"skipped":0,"pct":0},"statements":{"total":57,"covered":0,"skipped":0,"pct":0},"branches":{"total":88,"covered":0,"skipped":0,"pct":0}}
,"/Users/hilmes/Projects/johnstreet/components/core/MetricCard.tsx": {"lines":{"total":31,"covered":0,"skipped":0,"pct":0},"functions":{"total":7,"covered":0,"skipped":0,"pct":0},"statements":{"total":32,"covered":0,"skipped":0,"pct":0},"branches":{"total":73,"covered":0,"skipped":0,"pct":0}}
,"/Users/hilmes/Projects/johnstreet/components/core/OrderForm.tsx": {"lines":{"total":75,"covered":0,"skipped":0,"pct":0},"functions":{"total":19,"covered":0,"skipped":0,"pct":0},"statements":{"total":79,"covered":0,"skipped":0,"pct":0},"branches":{"total":65,"covered":0,"skipped":0,"pct":0}}
,"/Users/hilmes/Projects/johnstreet/components/core/Sparkline.tsx": {"lines":{"total":38,"covered":0,"skipped":0,"pct":0},"functions":{"total":8,"covered":0,"skipped":0,"pct":0},"statements":{"total":42,"covered":0,"skipped":0,"pct":0},"branches":{"total":38,"covered":0,"skipped":0,"pct":0}}
,"/Users/hilmes/Projects/johnstreet/components/core/Typography.tsx": {"lines":{"total":46,"covered":0,"skipped":0,"pct":0},"functions":{"total":8,"covered":0,"skipped":0,"pct":0},"statements":{"total":50,"covered":0,"skipped":0,"pct":0},"branches":{"total":80,"covered":0,"skipped":0,"pct":0}}
,"/Users/hilmes/Projects/johnstreet/components/dashboard/TradingDashboard.tsx": {"lines":{"total":33,"covered":0,"skipped":0,"pct":0},"functions":{"total":11,"covered":0,"skipped":0,"pct":0},"statements":{"total":36,"covered":0,"skipped":0,"pct":0},"branches":{"total":24,"covered":0,"skipped":0,"pct":0}}
,"/Users/hilmes/Projects/johnstreet/components/layout/SwissGrid.tsx": {"lines":{"total":14,"covered":0,"skipped":0,"pct":0},"functions":{"total":8,"covered":0,"skipped":0,"pct":0},"statements":{"total":15,"covered":0,"skipped":0,"pct":0},"branches":{"total":37,"covered":0,"skipped":0,"pct":0}}
,"/Users/hilmes/Projects/johnstreet/components/layout/ZenCard.tsx": {"lines":{"total":7,"covered":0,"skipped":0,"pct":0},"functions":{"total":4,"covered":0,"skipped":0,"pct":0},"statements":{"total":7,"covered":0,"skipped":0,"pct":0},"branches":{"total":54,"covered":0,"skipped":0,"pct":0}}
,"/Users/hilmes/Projects/johnstreet/components/risk/RiskDashboard.tsx": {"lines":{"total":38,"covered":37,"skipped":0,"pct":97.36},"functions":{"total":13,"covered":13,"skipped":0,"pct":100},"statements":{"total":42,"covered":39,"skipped":0,"pct":92.85},"branches":{"total":36,"covered":26,"skipped":0,"pct":72.22}}
,"/Users/hilmes/Projects/johnstreet/components/trading/CandlestickChart.tsx": {"lines":{"total":51,"covered":0,"skipped":0,"pct":0},"functions":{"total":13,"covered":0,"skipped":0,"pct":0},"statements":{"total":55,"covered":0,"skipped":0,"pct":0},"branches":{"total":46,"covered":0,"skipped":0,"pct":0}}
,"/Users/hilmes/Projects/johnstreet/components/trading/LiveDataIndicator.tsx": {"lines":{"total":13,"covered":0,"skipped":0,"pct":0},"functions":{"total":2,"covered":0,"skipped":0,"pct":0},"statements":{"total":14,"covered":0,"skipped":0,"pct":0},"branches":{"total":19,"covered":0,"skipped":0,"pct":0}}
,"/Users/hilmes/Projects/johnstreet/components/trading/MarketDepth.tsx": {"lines":{"total":1,"covered":0,"skipped":0,"pct":0},"functions":{"total":1,"covered":0,"skipped":0,"pct":0},"statements":{"total":2,"covered":0,"skipped":0,"pct":0},"branches":{"total":0,"covered":0,"skipped":0,"pct":100}}
,"/Users/hilmes/Projects/johnstreet/components/trading/OrderBook.tsx": {"lines":{"total":44,"covered":0,"skipped":0,"pct":0},"functions":{"total":13,"covered":0,"skipped":0,"pct":0},"statements":{"total":51,"covered":0,"skipped":0,"pct":0},"branches":{"total":28,"covered":0,"skipped":0,"pct":0}}
,"/Users/hilmes/Projects/johnstreet/components/trading/OrderForm.tsx": {"lines":{"total":54,"covered":45,"skipped":0,"pct":83.33},"functions":{"total":15,"covered":10,"skipped":0,"pct":66.66},"statements":{"total":56,"covered":47,"skipped":0,"pct":83.92},"branches":{"total":68,"covered":59,"skipped":0,"pct":86.76}}
,"/Users/hilmes/Projects/johnstreet/components/trading/PositionsTable.tsx": {"lines":{"total":1,"covered":0,"skipped":0,"pct":0},"functions":{"total":1,"covered":0,"skipped":0,"pct":0},"statements":{"total":2,"covered":0,"skipped":0,"pct":0},"branches":{"total":0,"covered":0,"skipped":0,"pct":100}}
,"/Users/hilmes/Projects/johnstreet/components/trading/PriceChart.tsx": {"lines":{"total":53,"covered":41,"skipped":0,"pct":77.35},"functions":{"total":13,"covered":9,"skipped":0,"pct":69.23},"statements":{"total":58,"covered":45,"skipped":0,"pct":77.58},"branches":{"total":34,"covered":28,"skipped":0,"pct":82.35}}
,"/Users/hilmes/Projects/johnstreet/components/trading/RiskCalculator.tsx": {"lines":{"total":2,"covered":0,"skipped":0,"pct":0},"functions":{"total":1,"covered":0,"skipped":0,"pct":0},"statements":{"total":3,"covered":0,"skipped":0,"pct":0},"branches":{"total":0,"covered":0,"skipped":0,"pct":100}}
,"/Users/hilmes/Projects/johnstreet/components/trading/TradeHistory.tsx": {"lines":{"total":1,"covered":0,"skipped":0,"pct":0},"functions":{"total":1,"covered":0,"skipped":0,"pct":0},"statements":{"total":2,"covered":0,"skipped":0,"pct":0},"branches":{"total":0,"covered":0,"skipped":0,"pct":100}}
,"/Users/hilmes/Projects/johnstreet/components/typography/Typography.tsx": {"lines":{"total":34,"covered":0,"skipped":0,"pct":0},"functions":{"total":6,"covered":0,"skipped":0,"pct":0},"statements":{"total":34,"covered":0,"skipped":0,"pct":0},"branches":{"total":67,"covered":0,"skipped":0,"pct":0}}
,"/Users/hilmes/Projects/johnstreet/components/visualizations/DataTable.tsx": {"lines":{"total":13,"covered":0,"skipped":0,"pct":0},"functions":{"total":5,"covered":0,"skipped":0,"pct":0},"statements":{"total":13,"covered":0,"skipped":0,"pct":0},"branches":{"total":34,"covered":0,"skipped":0,"pct":0}}
,"/Users/hilmes/Projects/johnstreet/components/visualizations/ExecutionAnalytics.tsx": {"lines":{"total":20,"covered":0,"skipped":0,"pct":0},"functions":{"total":6,"covered":0,"skipped":0,"pct":0},"statements":{"total":21,"covered":0,"skipped":0,"pct":0},"branches":{"total":21,"covered":0,"skipped":0,"pct":0}}
,"/Users/hilmes/Projects/johnstreet/components/visualizations/MarketIndicator.tsx": {"lines":{"total":20,"covered":0,"skipped":0,"pct":0},"functions":{"total":5,"covered":0,"skipped":0,"pct":0},"statements":{"total":23,"covered":0,"skipped":0,"pct":0},"branches":{"total":44,"covered":0,"skipped":0,"pct":0}}
,"/Users/hilmes/Projects/johnstreet/components/visualizations/MetricCard.tsx": {"lines":{"total":15,"covered":15,"skipped":0,"pct":100},"functions":{"total":3,"covered":3,"skipped":0,"pct":100},"statements":{"total":18,"covered":17,"skipped":0,"pct":94.44},"branches":{"total":33,"covered":32,"skipped":0,"pct":96.96}}
,"/Users/hilmes/Projects/johnstreet/components/visualizations/PortfolioAllocation.tsx": {"lines":{"total":16,"covered":0,"skipped":0,"pct":0},"functions":{"total":8,"covered":0,"skipped":0,"pct":0},"statements":{"total":18,"covered":0,"skipped":0,"pct":0},"branches":{"total":15,"covered":0,"skipped":0,"pct":0}}
,"/Users/hilmes/Projects/johnstreet/components/visualizations/RiskGauge.tsx": {"lines":{"total":16,"covered":0,"skipped":0,"pct":0},"functions":{"total":2,"covered":0,"skipped":0,"pct":0},"statements":{"total":19,"covered":0,"skipped":0,"pct":0},"branches":{"total":12,"covered":0,"skipped":0,"pct":0}}
,"/Users/hilmes/Projects/johnstreet/components/visualizations/RiskMetrics.tsx": {"lines":{"total":24,"covered":0,"skipped":0,"pct":0},"functions":{"total":5,"covered":0,"skipped":0,"pct":0},"statements":{"total":26,"covered":0,"skipped":0,"pct":0},"branches":{"total":15,"covered":0,"skipped":0,"pct":0}}
,"/Users/hilmes/Projects/johnstreet/components/visualizations/Sparkline.tsx": {"lines":{"total":24,"covered":0,"skipped":0,"pct":0},"functions":{"total":5,"covered":0,"skipped":0,"pct":0},"statements":{"total":26,"covered":0,"skipped":0,"pct":0},"branches":{"total":24,"covered":0,"skipped":0,"pct":0}}
,"/Users/hilmes/Projects/johnstreet/components/widgets/CandlestickChart.tsx": {"lines":{"total":11,"covered":0,"skipped":0,"pct":0},"functions":{"total":5,"covered":0,"skipped":0,"pct":0},"statements":{"total":12,"covered":0,"skipped":0,"pct":0},"branches":{"total":8,"covered":0,"skipped":0,"pct":0}}
,"/Users/hilmes/Projects/johnstreet/components/widgets/MarketDataWidget.tsx": {"lines":{"total":18,"covered":0,"skipped":0,"pct":0},"functions":{"total":3,"covered":0,"skipped":0,"pct":0},"statements":{"total":18,"covered":0,"skipped":0,"pct":0},"branches":{"total":21,"covered":0,"skipped":0,"pct":0}}
,"/Users/hilmes/Projects/johnstreet/components/widgets/OpenOrders.tsx": {"lines":{"total":3,"covered":0,"skipped":0,"pct":0},"functions":{"total":1,"covered":0,"skipped":0,"pct":0},"statements":{"total":3,"covered":0,"skipped":0,"pct":0},"branches":{"total":0,"covered":0,"skipped":0,"pct":100}}
,"/Users/hilmes/Projects/johnstreet/components/widgets/OrderBook.tsx": {"lines":{"total":44,"covered":0,"skipped":0,"pct":0},"functions":{"total":12,"covered":0,"skipped":0,"pct":0},"statements":{"total":49,"covered":0,"skipped":0,"pct":0},"branches":{"total":40,"covered":0,"skipped":0,"pct":0}}
,"/Users/hilmes/Projects/johnstreet/components/widgets/OrderForm.tsx": {"lines":{"total":67,"covered":0,"skipped":0,"pct":0},"functions":{"total":16,"covered":0,"skipped":0,"pct":0},"statements":{"total":68,"covered":0,"skipped":0,"pct":0},"branches":{"total":54,"covered":0,"skipped":0,"pct":0}}
,"/Users/hilmes/Projects/johnstreet/components/widgets/OrderHistory.tsx": {"lines":{"total":3,"covered":0,"skipped":0,"pct":0},"functions":{"total":1,"covered":0,"skipped":0,"pct":0},"statements":{"total":3,"covered":0,"skipped":0,"pct":0},"branches":{"total":0,"covered":0,"skipped":0,"pct":100}}
,"/Users/hilmes/Projects/johnstreet/components/widgets/PortfolioBalance.tsx": {"lines":{"total":14,"covered":0,"skipped":0,"pct":0},"functions":{"total":6,"covered":0,"skipped":0,"pct":0},"statements":{"total":17,"covered":0,"skipped":0,"pct":0},"branches":{"total":8,"covered":0,"skipped":0,"pct":0}}
,"/Users/hilmes/Projects/johnstreet/components/widgets/TechnicalIndicators.tsx": {"lines":{"total":15,"covered":0,"skipped":0,"pct":0},"functions":{"total":4,"covered":0,"skipped":0,"pct":0},"statements":{"total":17,"covered":0,"skipped":0,"pct":0},"branches":{"total":21,"covered":0,"skipped":0,"pct":0}}
,"/Users/hilmes/Projects/johnstreet/components/widgets/TradeAnalysis.tsx": {"lines":{"total":3,"covered":0,"skipped":0,"pct":0},"functions":{"total":1,"covered":0,"skipped":0,"pct":0},"statements":{"total":3,"covered":0,"skipped":0,"pct":0},"branches":{"total":0,"covered":0,"skipped":0,"pct":100}}
,"/Users/hilmes/Projects/johnstreet/components/widgets/TradeHistory.tsx": {"lines":{"total":5,"covered":0,"skipped":0,"pct":0},"functions":{"total":2,"covered":0,"skipped":0,"pct":0},"statements":{"total":5,"covered":0,"skipped":0,"pct":0},"branches":{"total":3,"covered":0,"skipped":0,"pct":0}}
,"/Users/hilmes/Projects/johnstreet/lib/alerts/AlertSystem.ts": {"lines":{"total":139,"covered":0,"skipped":0,"pct":0},"functions":{"total":30,"covered":0,"skipped":0,"pct":0},"statements":{"total":144,"covered":0,"skipped":0,"pct":0},"branches":{"total":47,"covered":0,"skipped":0,"pct":0}}
,"/Users/hilmes/Projects/johnstreet/lib/alerts/NotificationService.ts": {"lines":{"total":93,"covered":83,"skipped":0,"pct":89.24},"functions":{"total":29,"covered":26,"skipped":0,"pct":89.65},"statements":{"total":97,"covered":86,"skipped":0,"pct":88.65},"branches":{"total":31,"covered":28,"skipped":0,"pct":90.32}}
,"/Users/hilmes/Projects/johnstreet/lib/anthropic/client.ts": {"lines":{"total":20,"covered":0,"skipped":0,"pct":0},"functions":{"total":2,"covered":0,"skipped":0,"pct":0},"statements":{"total":20,"covered":0,"skipped":0,"pct":0},"branches":{"total":13,"covered":0,"skipped":0,"pct":0}}
,"/Users/hilmes/Projects/johnstreet/lib/auth/ApiKeyManager.ts": {"lines":{"total":105,"covered":0,"skipped":0,"pct":0},"functions":{"total":17,"covered":0,"skipped":0,"pct":0},"statements":{"total":107,"covered":0,"skipped":0,"pct":0},"branches":{"total":47,"covered":0,"skipped":0,"pct":0}}
,"/Users/hilmes/Projects/johnstreet/lib/backtest/StrategyExecutor.ts": {"lines":{"total":144,"covered":0,"skipped":0,"pct":0},"functions":{"total":26,"covered":0,"skipped":0,"pct":0},"statements":{"total":163,"covered":0,"skipped":0,"pct":0},"branches":{"total":80,"covered":0,"skipped":0,"pct":0}}
,"/Users/hilmes/Projects/johnstreet/lib/backtesting/BacktestEngine.ts": {"lines":{"total":121,"covered":29,"skipped":0,"pct":23.96},"functions":{"total":17,"covered":4,"skipped":0,"pct":23.52},"statements":{"total":125,"covered":29,"skipped":0,"pct":23.2},"branches":{"total":32,"covered":3,"skipped":0,"pct":9.37}}
,"/Users/hilmes/Projects/johnstreet/lib/backtesting/MarketDataSimulator.ts": {"lines":{"total":129,"covered":0,"skipped":0,"pct":0},"functions":{"total":31,"covered":0,"skipped":0,"pct":0},"statements":{"total":148,"covered":0,"skipped":0,"pct":0},"branches":{"total":27,"covered":0,"skipped":0,"pct":0}}
,"/Users/hilmes/Projects/johnstreet/lib/backtesting/PerformanceAnalyzer.ts": {"lines":{"total":142,"covered":1,"skipped":0,"pct":0.7},"functions":{"total":51,"covered":0,"skipped":0,"pct":0},"statements":{"total":179,"covered":1,"skipped":0,"pct":0.55},"branches":{"total":52,"covered":0,"skipped":0,"pct":0}}
,"/Users/hilmes/Projects/johnstreet/lib/backtesting/RealisticExecutionModel.ts": {"lines":{"total":110,"covered":3,"skipped":0,"pct":2.72},"functions":{"total":22,"covered":0,"skipped":0,"pct":0},"statements":{"total":121,"covered":3,"skipped":0,"pct":2.47},"branches":{"total":47,"covered":0,"skipped":0,"pct":0}}
,"/Users/hilmes/Projects/johnstreet/lib/backtesting/types.ts": {"lines":{"total":5,"covered":0,"skipped":0,"pct":0},"functions":{"total":3,"covered":0,"skipped":0,"pct":0},"statements":{"total":5,"covered":0,"skipped":0,"pct":0},"branches":{"total":1,"covered":0,"skipped":0,"pct":0}}
,"/Users/hilmes/Projects/johnstreet/lib/backtesting/strategies/SampleStrategies.ts": {"lines":{"total":167,"covered":0,"skipped":0,"pct":0},"functions":{"total":30,"covered":0,"skipped":0,"pct":0},"statements":{"total":185,"covered":0,"skipped":0,"pct":0},"branches":{"total":103,"covered":0,"skipped":0,"pct":0}}
,"/Users/hilmes/Projects/johnstreet/lib/constants/websocket.ts": {"lines":{"total":4,"covered":0,"skipped":0,"pct":0},"functions":{"total":0,"covered":0,"skipped":0,"pct":100},"statements":{"total":8,"covered":0,"skipped":0,"pct":0},"branches":{"total":0,"covered":0,"skipped":0,"pct":100}}
,"/Users/hilmes/Projects/johnstreet/lib/design/DesignSystem.ts": {"lines":{"total":8,"covered":2,"skipped":0,"pct":25},"functions":{"total":5,"covered":0,"skipped":0,"pct":0},"statements":{"total":10,"covered":3,"skipped":0,"pct":30},"branches":{"total":7,"covered":0,"skipped":0,"pct":0}}
,"/Users/hilmes/Projects/johnstreet/lib/design/DesignSystemDark.ts": {"lines":{"total":9,"covered":0,"skipped":0,"pct":0},"functions":{"total":2,"covered":0,"skipped":0,"pct":0},"statements":{"total":11,"covered":0,"skipped":0,"pct":0},"branches":{"total":1,"covered":0,"skipped":0,"pct":0}}
,"/Users/hilmes/Projects/johnstreet/lib/design/DieterRamsDesignSystem.ts": {"lines":{"total":6,"covered":3,"skipped":0,"pct":50},"functions":{"total":4,"covered":1,"skipped":0,"pct":25},"statements":{"total":8,"covered":5,"skipped":0,"pct":62.5},"branches":{"total":11,"covered":3,"skipped":0,"pct":27.27}}
,"/Users/hilmes/Projects/johnstreet/lib/design/TufteDesignSystem.ts": {"lines":{"total":19,"covered":6,"skipped":0,"pct":31.57},"functions":{"total":13,"covered":0,"skipped":0,"pct":0},"statements":{"total":25,"covered":7,"skipped":0,"pct":28},"branches":{"total":13,"covered":0,"skipped":0,"pct":0}}
,"/Users/hilmes/Projects/johnstreet/lib/exchanges/UnifiedExchange.ts": {"lines":{"total":103,"covered":0,"skipped":0,"pct":0},"functions":{"total":30,"covered":0,"skipped":0,"pct":0},"statements":{"total":122,"covered":0,"skipped":0,"pct":0},"branches":{"total":68,"covered":0,"skipped":0,"pct":0}}
,"/Users/hilmes/Projects/johnstreet/lib/feeds/CryptoPanicClient.ts": {"lines":{"total":152,"covered":0,"skipped":0,"pct":0},"functions":{"total":27,"covered":0,"skipped":0,"pct":0},"statements":{"total":161,"covered":0,"skipped":0,"pct":0},"branches":{"total":59,"covered":0,"skipped":0,"pct":0}}
,"/Users/hilmes/Projects/johnstreet/lib/feeds/DataOrchestrator.ts": {"lines":{"total":242,"covered":0,"skipped":0,"pct":0},"functions":{"total":47,"covered":0,"skipped":0,"pct":0},"statements":{"total":261,"covered":0,"skipped":0,"pct":0},"branches":{"total":152,"covered":0,"skipped":0,"pct":0}}
,"/Users/hilmes/Projects/johnstreet/lib/feeds/DataSourceMetrics.ts": {"lines":{"total":88,"covered":0,"skipped":0,"pct":0},"functions":{"total":21,"covered":0,"skipped":0,"pct":0},"statements":{"total":93,"covered":0,"skipped":0,"pct":0},"branches":{"total":23,"covered":0,"skipped":0,"pct":0}}
,"/Users/hilmes/Projects/johnstreet/lib/feeds/LunarCrushClient.ts": {"lines":{"total":195,"covered":0,"skipped":0,"pct":0},"functions":{"total":28,"covered":0,"skipped":0,"pct":0},"statements":{"total":201,"covered":0,"skipped":0,"pct":0},"branches":{"total":83,"covered":0,"skipped":0,"pct":0}}
,"/Users/hilmes/Projects/johnstreet/lib/feeds/PushshiftClient.ts": {"lines":{"total":195,"covered":0,"skipped":0,"pct":0},"functions":{"total":39,"covered":0,"skipped":0,"pct":0},"statements":{"total":206,"covered":0,"skipped":0,"pct":0},"branches":{"total":76,"covered":0,"skipped":0,"pct":0}}
,"/Users/hilmes/Projects/johnstreet/lib/feeds/RSSMonitor.ts": {"lines":{"total":130,"covered":0,"skipped":0,"pct":0},"functions":{"total":26,"covered":0,"skipped":0,"pct":0},"statements":{"total":136,"covered":0,"skipped":0,"pct":0},"branches":{"total":74,"covered":0,"skipped":0,"pct":0}}
,"/Users/hilmes/Projects/johnstreet/lib/feeds/TwitterStreamingClient.ts": {"lines":{"total":156,"covered":0,"skipped":0,"pct":0},"functions":{"total":28,"covered":0,"skipped":0,"pct":0},"statements":{"total":167,"covered":0,"skipped":0,"pct":0},"branches":{"total":68,"covered":0,"skipped":0,"pct":0}}
,"/Users/hilmes/Projects/johnstreet/lib/kraken/PriceFeedManager.ts": {"lines":{"total":108,"covered":0,"skipped":0,"pct":0},"functions":{"total":33,"covered":0,"skipped":0,"pct":0},"statements":{"total":117,"covered":0,"skipped":0,"pct":0},"branches":{"total":26,"covered":0,"skipped":0,"pct":0}}
,"/Users/hilmes/Projects/johnstreet/lib/kraken/historical.ts": {"lines":{"total":37,"covered":0,"skipped":0,"pct":0},"functions":{"total":4,"covered":0,"skipped":0,"pct":0},"statements":{"total":42,"covered":0,"skipped":0,"pct":0},"branches":{"total":12,"covered":0,"skipped":0,"pct":0}}
,"/Users/hilmes/Projects/johnstreet/lib/kraken/websocket.ts": {"lines":{"total":109,"covered":0,"skipped":0,"pct":0},"functions":{"total":23,"covered":0,"skipped":0,"pct":0},"statements":{"total":110,"covered":0,"skipped":0,"pct":0},"branches":{"total":55,"covered":0,"skipped":0,"pct":0}}
,"/Users/hilmes/Projects/johnstreet/lib/sentiment/ActivityLogger.ts": {"lines":{"total":95,"covered":0,"skipped":0,"pct":0},"functions":{"total":37,"covered":0,"skipped":0,"pct":0},"statements":{"total":102,"covered":0,"skipped":0,"pct":0},"branches":{"total":54,"covered":0,"skipped":0,"pct":0}}
,"/Users/hilmes/Projects/johnstreet/lib/sentiment/ActivityLoggerKV.ts": {"lines":{"total":193,"covered":0,"skipped":0,"pct":0},"functions":{"total":54,"covered":0,"skipped":0,"pct":0},"statements":{"total":206,"covered":0,"skipped":0,"pct":0},"branches":{"total":76,"covered":0,"skipped":0,"pct":0}}
,"/Users/hilmes/Projects/johnstreet/lib/sentiment/CryptoSymbolExtractor.ts": {"lines":{"total":92,"covered":0,"skipped":0,"pct":0},"functions":{"total":22,"covered":0,"skipped":0,"pct":0},"statements":{"total":98,"covered":0,"skipped":0,"pct":0},"branches":{"total":60,"covered":0,"skipped":0,"pct":0}}
,"/Users/hilmes/Projects/johnstreet/lib/sentiment/CryptoSymbolValidator.ts": {"lines":{"total":26,"covered":0,"skipped":0,"pct":0},"functions":{"total":8,"covered":0,"skipped":0,"pct":0},"statements":{"total":26,"covered":0,"skipped":0,"pct":0},"branches":{"total":4,"covered":0,"skipped":0,"pct":0}}
,"/Users/hilmes/Projects/johnstreet/lib/sentiment/HistoricalVerifier.ts": {"lines":{"total":220,"covered":0,"skipped":0,"pct":0},"functions":{"total":32,"covered":0,"skipped":0,"pct":0},"statements":{"total":227,"covered":0,"skipped":0,"pct":0},"branches":{"total":91,"covered":0,"skipped":0,"pct":0}}
,"/Users/hilmes/Projects/johnstreet/lib/sentiment/HistoricalVerifierKV.ts": {"lines":{"total":326,"covered":0,"skipped":0,"pct":0},"functions":{"total":46,"covered":0,"skipped":0,"pct":0},"statements":{"total":334,"covered":0,"skipped":0,"pct":0},"branches":{"total":150,"covered":0,"skipped":0,"pct":0}}
,"/Users/hilmes/Projects/johnstreet/lib/sentiment/RedditScanner.ts": {"lines":{"total":160,"covered":0,"skipped":0,"pct":0},"functions":{"total":36,"covered":0,"skipped":0,"pct":0},"statements":{"total":175,"covered":0,"skipped":0,"pct":0},"branches":{"total":62,"covered":0,"skipped":0,"pct":0}}
,"/Users/hilmes/Projects/johnstreet/lib/sentiment/SentimentAnalyzer.ts": {"lines":{"total":124,"covered":0,"skipped":0,"pct":0},"functions":{"total":31,"covered":0,"skipped":0,"pct":0},"statements":{"total":143,"covered":0,"skipped":0,"pct":0},"branches":{"total":87,"covered":0,"skipped":0,"pct":0}}
,"/Users/hilmes/Projects/johnstreet/lib/sentiment/SubredditManager.ts": {"lines":{"total":139,"covered":0,"skipped":0,"pct":0},"functions":{"total":41,"covered":0,"skipped":0,"pct":0},"statements":{"total":150,"covered":0,"skipped":0,"pct":0},"branches":{"total":42,"covered":0,"skipped":0,"pct":0}}
,"/Users/hilmes/Projects/johnstreet/lib/sentiment/SubredditManagerKV.ts": {"lines":{"total":219,"covered":0,"skipped":0,"pct":0},"functions":{"total":49,"covered":0,"skipped":0,"pct":0},"statements":{"total":236,"covered":0,"skipped":0,"pct":0},"branches":{"total":66,"covered":0,"skipped":0,"pct":0}}
,"/Users/hilmes/Projects/johnstreet/lib/sentiment/TwitterScanner.ts": {"lines":{"total":161,"covered":0,"skipped":0,"pct":0},"functions":{"total":36,"covered":0,"skipped":0,"pct":0},"statements":{"total":169,"covered":0,"skipped":0,"pct":0},"branches":{"total":65,"covered":0,"skipped":0,"pct":0}}
,"/Users/hilmes/Projects/johnstreet/lib/sentiment/advanced/AdvancedSignalsIntegration.ts": {"lines":{"total":287,"covered":0,"skipped":0,"pct":0},"functions":{"total":72,"covered":0,"skipped":0,"pct":0},"statements":{"total":308,"covered":0,"skipped":0,"pct":0},"branches":{"total":120,"covered":0,"skipped":0,"pct":0}}
,"/Users/hilmes/Projects/johnstreet/lib/sentiment/advanced/BaseSignalDetector.ts": {"lines":{"total":56,"covered":30,"skipped":0,"pct":53.57},"functions":{"total":20,"covered":11,"skipped":0,"pct":55},"statements":{"total":61,"covered":32,"skipped":0,"pct":52.45},"branches":{"total":24,"covered":6,"skipped":0,"pct":25}}
,"/Users/hilmes/Projects/johnstreet/lib/sentiment/advanced/DashboardIntegration.ts": {"lines":{"total":121,"covered":0,"skipped":0,"pct":0},"functions":{"total":52,"covered":0,"skipped":0,"pct":0},"statements":{"total":132,"covered":0,"skipped":0,"pct":0},"branches":{"total":42,"covered":0,"skipped":0,"pct":0}}
,"/Users/hilmes/Projects/johnstreet/lib/sentiment/advanced/SignalOrchestrator.ts": {"lines":{"total":100,"covered":0,"skipped":0,"pct":0},"functions":{"total":29,"covered":0,"skipped":0,"pct":0},"statements":{"total":105,"covered":0,"skipped":0,"pct":0},"branches":{"total":20,"covered":0,"skipped":0,"pct":0}}
,"/Users/hilmes/Projects/johnstreet/lib/sentiment/advanced/index.ts": {"lines":{"total":20,"covered":0,"skipped":0,"pct":0},"functions":{"total":0,"covered":0,"skipped":0,"pct":100},"statements":{"total":32,"covered":0,"skipped":0,"pct":0},"branches":{"total":0,"covered":0,"skipped":0,"pct":100}}
,"/Users/hilmes/Projects/johnstreet/lib/sentiment/advanced/types.ts": {"lines":{"total":1,"covered":1,"skipped":0,"pct":100},"functions":{"total":1,"covered":1,"skipped":0,"pct":100},"statements":{"total":1,"covered":1,"skipped":0,"pct":100},"branches":{"total":2,"covered":2,"skipped":0,"pct":100}}
,"/Users/hilmes/Projects/johnstreet/lib/sentiment/advanced/utils.ts": {"lines":{"total":60,"covered":0,"skipped":0,"pct":0},"functions":{"total":15,"covered":0,"skipped":0,"pct":0},"statements":{"total":69,"covered":0,"skipped":0,"pct":0},"branches":{"total":36,"covered":0,"skipped":0,"pct":0}}
,"/Users/hilmes/Projects/johnstreet/lib/sentiment/advanced/detectors/CommunityMigrationDetector.ts": {"lines":{"total":158,"covered":0,"skipped":0,"pct":0},"functions":{"total":25,"covered":0,"skipped":0,"pct":0},"statements":{"total":164,"covered":0,"skipped":0,"pct":0},"branches":{"total":67,"covered":0,"skipped":0,"pct":0}}
,"/Users/hilmes/Projects/johnstreet/lib/sentiment/advanced/detectors/ContrarianClusterDetector.ts": {"lines":{"total":297,"covered":0,"skipped":0,"pct":0},"functions":{"total":85,"covered":0,"skipped":0,"pct":0},"statements":{"total":340,"covered":0,"skipped":0,"pct":0},"branches":{"total":86,"covered":0,"skipped":0,"pct":0}}
,"/Users/hilmes/Projects/johnstreet/lib/sentiment/advanced/detectors/CrossLanguageArbitrageDetector.ts": {"lines":{"total":121,"covered":0,"skipped":0,"pct":0},"functions":{"total":18,"covered":0,"skipped":0,"pct":0},"statements":{"total":128,"covered":0,"skipped":0,"pct":0},"branches":{"total":42,"covered":0,"skipped":0,"pct":0}}
,"/Users/hilmes/Projects/johnstreet/lib/sentiment/advanced/detectors/EmojiEvolutionDetector.ts": {"lines":{"total":190,"covered":179,"skipped":0,"pct":94.21},"functions":{"total":71,"covered":71,"skipped":0,"pct":100},"statements":{"total":217,"covered":200,"skipped":0,"pct":92.16},"branches":{"total":40,"covered":28,"skipped":0,"pct":70}}
,"/Users/hilmes/Projects/johnstreet/lib/sentiment/advanced/detectors/InfluencerNetworkDetector.ts": {"lines":{"total":289,"covered":0,"skipped":0,"pct":0},"functions":{"total":60,"covered":0,"skipped":0,"pct":0},"statements":{"total":321,"covered":0,"skipped":0,"pct":0},"branches":{"total":100,"covered":0,"skipped":0,"pct":0}}
,"/Users/hilmes/Projects/johnstreet/lib/sentiment/advanced/detectors/LinguisticComplexityDetector.ts": {"lines":{"total":366,"covered":0,"skipped":0,"pct":0},"functions":{"total":69,"covered":0,"skipped":0,"pct":0},"statements":{"total":397,"covered":0,"skipped":0,"pct":0},"branches":{"total":195,"covered":0,"skipped":0,"pct":0}}
,"/Users/hilmes/Projects/johnstreet/lib/sentiment/advanced/detectors/ReplyGuyDetector.ts": {"lines":{"total":282,"covered":256,"skipped":0,"pct":90.78},"functions":{"total":92,"covered":84,"skipped":0,"pct":91.3},"statements":{"total":342,"covered":305,"skipped":0,"pct":89.18},"branches":{"total":101,"covered":69,"skipped":0,"pct":68.31}}
,"/Users/hilmes/Projects/johnstreet/lib/sentiment/advanced/detectors/SentimentAsymmetryDetector.ts": {"lines":{"total":225,"covered":0,"skipped":0,"pct":0},"functions":{"total":81,"covered":0,"skipped":0,"pct":0},"statements":{"total":268,"covered":0,"skipped":0,"pct":0},"branches":{"total":101,"covered":0,"skipped":0,"pct":0}}
,"/Users/hilmes/Projects/johnstreet/lib/sentiment/advanced/detectors/SentimentContagionDetector.ts": {"lines":{"total":352,"covered":0,"skipped":0,"pct":0},"functions":{"total":61,"covered":0,"skipped":0,"pct":0},"statements":{"total":394,"covered":0,"skipped":0,"pct":0},"branches":{"total":177,"covered":0,"skipped":0,"pct":0}}
,"/Users/hilmes/Projects/johnstreet/lib/sentiment/advanced/detectors/SentimentExhaustionDetector.ts": {"lines":{"total":263,"covered":0,"skipped":0,"pct":0},"functions":{"total":67,"covered":0,"skipped":0,"pct":0},"statements":{"total":318,"covered":0,"skipped":0,"pct":0},"branches":{"total":120,"covered":0,"skipped":0,"pct":0}}
,"/Users/hilmes/Projects/johnstreet/lib/sentiment/advanced/detectors/SmartMoneyDetector.ts": {"lines":{"total":378,"covered":0,"skipped":0,"pct":0},"functions":{"total":91,"covered":0,"skipped":0,"pct":0},"statements":{"total":427,"covered":0,"skipped":0,"pct":0},"branches":{"total":132,"covered":0,"skipped":0,"pct":0}}
,"/Users/hilmes/Projects/johnstreet/lib/sentiment/advanced/detectors/TimeZoneArbitrageDetector.ts": {"lines":{"total":335,"covered":0,"skipped":0,"pct":0},"functions":{"total":93,"covered":0,"skipped":0,"pct":0},"statements":{"total":391,"covered":0,"skipped":0,"pct":0},"branches":{"total":121,"covered":0,"skipped":0,"pct":0}}
,"/Users/hilmes/Projects/johnstreet/lib/sentiment/advanced/detectors/UrgencyDetector.ts": {"lines":{"total":41,"covered":0,"skipped":0,"pct":0},"functions":{"total":7,"covered":0,"skipped":0,"pct":0},"statements":{"total":42,"covered":0,"skipped":0,"pct":0},"branches":{"total":8,"covered":0,"skipped":0,"pct":0}}
,"/Users/hilmes/Projects/johnstreet/lib/sentiment/advanced/detectors/VelocityDivergenceDetector.ts": {"lines":{"total":145,"covered":0,"skipped":0,"pct":0},"functions":{"total":40,"covered":0,"skipped":0,"pct":0},"statements":{"total":184,"covered":0,"skipped":0,"pct":0},"branches":{"total":61,"covered":0,"skipped":0,"pct":0}}
,"/Users/hilmes/Projects/johnstreet/lib/sentiment/advanced/detectors/VoiceChannelDetector.ts": {"lines":{"total":309,"covered":0,"skipped":0,"pct":0},"functions":{"total":60,"covered":0,"skipped":0,"pct":0},"statements":{"total":351,"covered":0,"skipped":0,"pct":0},"branches":{"total":153,"covered":0,"skipped":0,"pct":0}}
,"/Users/hilmes/Projects/johnstreet/lib/sentiment/advanced/examples/emoji-evolution-usage.ts": {"lines":{"total":109,"covered":0,"skipped":0,"pct":0},"functions":{"total":9,"covered":0,"skipped":0,"pct":0},"statements":{"total":111,"covered":0,"skipped":0,"pct":0},"branches":{"total":11,"covered":0,"skipped":0,"pct":0}}
,"/Users/hilmes/Projects/johnstreet/lib/sentiment/advanced/examples/integration-usage.ts": {"lines":{"total":104,"covered":0,"skipped":0,"pct":0},"functions":{"total":21,"covered":0,"skipped":0,"pct":0},"statements":{"total":106,"covered":0,"skipped":0,"pct":0},"branches":{"total":6,"covered":0,"skipped":0,"pct":0}}
,"/Users/hilmes/Projects/johnstreet/lib/sentiment/advanced/examples/reply-guy-usage.ts": {"lines":{"total":66,"covered":0,"skipped":0,"pct":0},"functions":{"total":6,"covered":0,"skipped":0,"pct":0},"statements":{"total":68,"covered":0,"skipped":0,"pct":0},"branches":{"total":31,"covered":0,"skipped":0,"pct":0}}
,"/Users/hilmes/Projects/johnstreet/lib/trading/CircuitBreaker.ts": {"lines":{"total":137,"covered":132,"skipped":0,"pct":96.35},"functions":{"total":36,"covered":35,"skipped":0,"pct":97.22},"statements":{"total":142,"covered":135,"skipped":0,"pct":95.07},"branches":{"total":32,"covered":27,"skipped":0,"pct":84.37}}
,"/Users/hilmes/Projects/johnstreet/lib/trading/OrderMonitor.ts": {"lines":{"total":116,"covered":101,"skipped":0,"pct":87.06},"functions":{"total":25,"covered":22,"skipped":0,"pct":88},"statements":{"total":122,"covered":103,"skipped":0,"pct":84.42},"branches":{"total":33,"covered":22,"skipped":0,"pct":66.66}}
,"/Users/hilmes/Projects/johnstreet/lib/trading/PaperTradingEngine.ts": {"lines":{"total":173,"covered":146,"skipped":0,"pct":84.39},"functions":{"total":30,"covered":30,"skipped":0,"pct":100},"statements":{"total":180,"covered":149,"skipped":0,"pct":82.77},"branches":{"total":71,"covered":41,"skipped":0,"pct":57.74}}
,"/Users/hilmes/Projects/johnstreet/lib/trading/execution/ExecutionManager.ts": {"lines":{"total":120,"covered":0,"skipped":0,"pct":0},"functions":{"total":24,"covered":0,"skipped":0,"pct":0},"statements":{"total":131,"covered":0,"skipped":0,"pct":0},"branches":{"total":70,"covered":0,"skipped":0,"pct":0}}
,"/Users/hilmes/Projects/johnstreet/lib/trading/execution/ExecutionManagerRefactored.ts": {"lines":{"total":132,"covered":0,"skipped":0,"pct":0},"functions":{"total":44,"covered":0,"skipped":0,"pct":0},"statements":{"total":142,"covered":0,"skipped":0,"pct":0},"branches":{"total":72,"covered":0,"skipped":0,"pct":0}}
,"/Users/hilmes/Projects/johnstreet/lib/trading/integration/SentimentTradeIntegration.ts": {"lines":{"total":168,"covered":0,"skipped":0,"pct":0},"functions":{"total":46,"covered":0,"skipped":0,"pct":0},"statements":{"total":194,"covered":0,"skipped":0,"pct":0},"branches":{"total":56,"covered":0,"skipped":0,"pct":0}}
,"/Users/hilmes/Projects/johnstreet/lib/trading/pipeline/SignalPipeline.ts": {"lines":{"total":128,"covered":0,"skipped":0,"pct":0},"functions":{"total":21,"covered":0,"skipped":0,"pct":0},"statements":{"total":138,"covered":0,"skipped":0,"pct":0},"branches":{"total":42,"covered":0,"skipped":0,"pct":0}}
,"/Users/hilmes/Projects/johnstreet/lib/trading/risk/PositionSizer.ts": {"lines":{"total":132,"covered":66,"skipped":0,"pct":50},"functions":{"total":24,"covered":14,"skipped":0,"pct":58.33},"statements":{"total":140,"covered":66,"skipped":0,"pct":47.14},"branches":{"total":57,"covered":18,"skipped":0,"pct":31.57}}
,"/Users/hilmes/Projects/johnstreet/lib/trading/signals/SignalGenerator.ts": {"lines":{"total":125,"covered":56,"skipped":0,"pct":44.8},"functions":{"total":28,"covered":13,"skipped":0,"pct":46.42},"statements":{"total":152,"covered":59,"skipped":0,"pct":38.81},"branches":{"total":73,"covered":17,"skipped":0,"pct":23.28}}
,"/Users/hilmes/Projects/johnstreet/lib/trading/signals/SignalRouter.ts": {"lines":{"total":133,"covered":129,"skipped":0,"pct":96.99},"functions":{"total":23,"covered":23,"skipped":0,"pct":100},"statements":{"total":139,"covered":134,"skipped":0,"pct":96.4},"branches":{"total":66,"covered":61,"skipped":0,"pct":92.42}}
,"/Users/hilmes/Projects/johnstreet/lib/trading/strategies/defaults.ts": {"lines":{"total":15,"covered":0,"skipped":0,"pct":0},"functions":{"total":2,"covered":0,"skipped":0,"pct":0},"statements":{"total":20,"covered":0,"skipped":0,"pct":0},"branches":{"total":9,"covered":0,"skipped":0,"pct":0}}
,"/Users/hilmes/Projects/johnstreet/lib/trading/strategies/index.ts": {"lines":{"total":8,"covered":0,"skipped":0,"pct":0},"functions":{"total":0,"covered":0,"skipped":0,"pct":100},"statements":{"total":8,"covered":0,"skipped":0,"pct":0},"branches":{"total":0,"covered":0,"skipped":0,"pct":100}}
,"/Users/hilmes/Projects/johnstreet/lib/utils/api-errors.ts": {"lines":{"total":26,"covered":0,"skipped":0,"pct":0},"functions":{"total":5,"covered":0,"skipped":0,"pct":0},"statements":{"total":27,"covered":0,"skipped":0,"pct":0},"branches":{"total":14,"covered":0,"skipped":0,"pct":0}}
,"/Users/hilmes/Projects/johnstreet/lib/utils/formatters.ts": {"lines":{"total":26,"covered":26,"skipped":0,"pct":100},"functions":{"total":6,"covered":6,"skipped":0,"pct":100},"statements":{"total":43,"covered":43,"skipped":0,"pct":100},"branches":{"total":23,"covered":23,"skipped":0,"pct":100}}
,"/Users/hilmes/Projects/johnstreet/services/ApiService.ts": {"lines":{"total":35,"covered":0,"skipped":0,"pct":0},"functions":{"total":6,"covered":0,"skipped":0,"pct":0},"statements":{"total":35,"covered":0,"skipped":0,"pct":0},"branches":{"total":13,"covered":0,"skipped":0,"pct":0}}
,"/Users/hilmes/Projects/johnstreet/services/KrakenService.ts": {"lines":{"total":42,"covered":0,"skipped":0,"pct":0},"functions":{"total":36,"covered":0,"skipped":0,"pct":0},"statements":{"total":43,"covered":0,"skipped":0,"pct":0},"branches":{"total":15,"covered":0,"skipped":0,"pct":0}}
,"/Users/hilmes/Projects/johnstreet/services/PortfolioService.ts": {"lines":{"total":20,"covered":0,"skipped":0,"pct":0},"functions":{"total":4,"covered":0,"skipped":0,"pct":0},"statements":{"total":21,"covered":0,"skipped":0,"pct":0},"branches":{"total":4,"covered":0,"skipped":0,"pct":0}}
,"/Users/hilmes/Projects/johnstreet/services/SettingsService.ts": {"lines":{"total":27,"covered":0,"skipped":0,"pct":0},"functions":{"total":10,"covered":0,"skipped":0,"pct":0},"statements":{"total":27,"covered":0,"skipped":0,"pct":0},"branches":{"total":5,"covered":0,"skipped":0,"pct":0}}
,"/Users/hilmes/Projects/johnstreet/services/WebSocketService.ts": {"lines":{"total":431,"covered":0,"skipped":0,"pct":0},"functions":{"total":98,"covered":0,"skipped":0,"pct":0},"statements":{"total":443,"covered":0,"skipped":0,"pct":0},"branches":{"total":163,"covered":0,"skipped":0,"pct":0}}
}
