TN:
SF:app/error.tsx
FN:7,Error
FN:14,(anonymous_6)
FNF:2
FNH:0
FNDA:0,Error
FNDA:0,(anonymous_6)
DA:3,0
DA:4,0
DA:7,0
DA:14,0
DA:16,0
LF:5
LH:0
BRDA:64,0,0,0
BRF:1
BRH:0
end_of_record
TN:
SF:app/layout.tsx
FN:28,RootLayout
FNF:1
FNH:0
FNDA:0,RootLayout
DA:2,0
DA:3,0
DA:4,0
DA:5,0
DA:6,0
DA:8,0
DA:10,0
DA:28,0
LF:8
LH:0
BRF:0
BRH:0
end_of_record
TN:
SF:app/not-found.tsx
FN:5,NotFound
FNF:1
FNH:0
FNDA:0,NotFound
DA:1,0
DA:2,0
DA:5,0
LF:3
LH:0
BRF:0
BRH:0
end_of_record
TN:
SF:app/page.tsx
FN:3,Home
FNF:1
FNH:0
FNDA:0,Home
DA:1,0
DA:3,0
DA:5,0
LF:3
LH:0
BRF:0
BRH:0
end_of_record
TN:
SF:app/providers.tsx
FN:157,Providers
FNF:1
FNH:0
FNDA:0,Providers
DA:3,0
DA:4,0
DA:5,0
DA:6,0
DA:7,0
DA:9,0
DA:157,0
LF:7
LH:0
BRF:0
BRH:0
end_of_record
TN:
SF:app/activity-feed/page.tsx
FN:37,ActivityFeedPage
FN:52,(anonymous_5)
FN:59,(anonymous_6)
FN:65,(anonymous_7)
FN:71,(anonymous_8)
FN:79,(anonymous_9)
FN:84,(anonymous_10)
FN:96,(anonymous_11)
FN:107,(anonymous_12)
FN:111,(anonymous_13)
FN:119,(anonymous_14)
FN:127,(anonymous_15)
FN:139,(anonymous_16)
FN:151,(anonymous_17)
FN:166,(anonymous_18)
FN:169,(anonymous_19)
FN:178,(anonymous_20)
FN:179,(anonymous_21)
FN:187,(anonymous_22)
FN:198,(anonymous_23)
FN:209,(anonymous_24)
FN:219,(anonymous_25)
FN:233,(anonymous_26)
FN:315,(anonymous_27)
FN:458,(anonymous_28)
FN:492,(anonymous_29)
FN:522,(anonymous_30)
FN:553,(anonymous_31)
FN:613,(anonymous_32)
FNF:29
FNH:0
FNDA:0,ActivityFeedPage
FNDA:0,(anonymous_5)
FNDA:0,(anonymous_6)
FNDA:0,(anonymous_7)
FNDA:0,(anonymous_8)
FNDA:0,(anonymous_9)
FNDA:0,(anonymous_10)
FNDA:0,(anonymous_11)
FNDA:0,(anonymous_12)
FNDA:0,(anonymous_13)
FNDA:0,(anonymous_14)
FNDA:0,(anonymous_15)
FNDA:0,(anonymous_16)
FNDA:0,(anonymous_17)
FNDA:0,(anonymous_18)
FNDA:0,(anonymous_19)
FNDA:0,(anonymous_20)
FNDA:0,(anonymous_21)
FNDA:0,(anonymous_22)
FNDA:0,(anonymous_23)
FNDA:0,(anonymous_24)
FNDA:0,(anonymous_25)
FNDA:0,(anonymous_26)
FNDA:0,(anonymous_27)
FNDA:0,(anonymous_28)
FNDA:0,(anonymous_29)
FNDA:0,(anonymous_30)
FNDA:0,(anonymous_31)
FNDA:0,(anonymous_32)
DA:3,0
DA:4,0
DA:37,0
DA:38,0
DA:39,0
DA:40,0
DA:41,0
DA:42,0
DA:43,0
DA:44,0
DA:45,0
DA:46,0
DA:48,0
DA:49,0
DA:50,0
DA:52,0
DA:53,0
DA:54,0
DA:55,0
DA:57,0
DA:59,0
DA:60,0
DA:61,0
DA:65,0
DA:66,0
DA:67,0
DA:71,0
DA:72,0
DA:73,0
DA:76,0
DA:77,0
DA:79,0
DA:80,0
DA:81,0
DA:84,0
DA:85,0
DA:86,0
DA:88,0
DA:89,0
DA:91,0
DA:93,0
DA:96,0
DA:97,0
DA:98,0
DA:103,0
DA:107,0
DA:108,0
DA:109,0
DA:111,0
DA:112,0
DA:113,0
DA:119,0
DA:120,0
DA:121,0
DA:122,0
DA:124,0
DA:127,0
DA:128,0
DA:129,0
DA:130,0
DA:131,0
DA:132,0
DA:135,0
DA:139,0
DA:140,0
DA:141,0
DA:142,0
DA:143,0
DA:144,0
DA:147,0
DA:151,0
DA:152,0
DA:154,0
DA:155,0
DA:160,0
DA:162,0
DA:166,0
DA:167,0
DA:169,0
DA:170,0
DA:171,0
DA:172,0
DA:175,0
DA:178,0
DA:179,0
DA:180,0
DA:181,0
DA:182,0
DA:183,0
DA:187,0
DA:188,0
DA:189,0
DA:190,0
DA:191,0
DA:192,0
DA:193,0
DA:194,0
DA:198,0
DA:199,0
DA:200,0
DA:201,0
DA:202,0
DA:203,0
DA:204,0
DA:205,0
DA:209,0
DA:210,0
DA:211,0
DA:212,0
DA:213,0
DA:214,0
DA:215,0
DA:219,0
DA:220,0
DA:221,0
DA:222,0
DA:224,0
DA:225,0
DA:226,0
DA:227,0
DA:229,0
DA:233,0
DA:234,0
DA:235,0
DA:236,0
DA:239,0
DA:315,0
DA:458,0
DA:492,0
DA:522,0
DA:553,0
DA:614,0
LF:132
LH:0
BRDA:66,0,0,0
BRDA:66,1,0,0
BRDA:66,1,1,0
BRDA:66,1,2,0
BRDA:72,2,0,0
BRDA:88,3,0,0
BRDA:91,4,0,0
BRDA:91,4,1,0
BRDA:112,5,0,0
BRDA:112,6,0,0
BRDA:112,6,1,0
BRDA:120,7,0,0
BRDA:131,8,0,0
BRDA:143,9,0,0
BRDA:152,10,0,0
BRDA:167,11,0,0
BRDA:180,12,0,0
BRDA:180,13,0,0
BRDA:180,13,1,0
BRDA:181,14,0,0
BRDA:181,15,0,0
BRDA:181,15,1,0
BRDA:182,16,0,0
BRDA:182,17,0,0
BRDA:182,17,1,0
BRDA:188,18,0,0
BRDA:188,18,1,0
BRDA:188,18,2,0
BRDA:188,18,3,0
BRDA:188,18,4,0
BRDA:188,18,5,0
BRDA:199,19,0,0
BRDA:199,19,1,0
BRDA:199,19,2,0
BRDA:199,19,3,0
BRDA:199,19,4,0
BRDA:199,19,5,0
BRDA:210,20,0,0
BRDA:210,20,1,0
BRDA:210,20,2,0
BRDA:210,20,3,0
BRDA:210,20,4,0
BRDA:224,21,0,0
BRDA:224,21,1,0
BRDA:226,22,0,0
BRDA:226,22,1,0
BRDA:234,23,0,0
BRDA:235,24,0,0
BRDA:286,25,0,0
BRDA:286,25,1,0
BRDA:288,26,0,0
BRDA:288,26,1,0
BRDA:290,27,0,0
BRDA:303,28,0,0
BRDA:303,28,1,0
BRDA:311,29,0,0
BRDA:311,29,1,0
BRDA:318,30,0,0
BRDA:318,30,1,0
BRDA:319,31,0,0
BRDA:319,31,1,0
BRDA:353,32,0,0
BRDA:420,33,0,0
BRDA:420,33,1,0
BRDA:651,34,0,0
BRDA:676,35,0,0
BRDA:676,35,1,0
BRDA:681,36,0,0
BRDA:690,37,0,0
BRF:69
BRH:0
end_of_record
TN:
SF:app/ai-strategy/page.tsx
FN:45,AIStrategyPage
FN:57,(anonymous_6)
FN:58,(anonymous_7)
FN:62,(anonymous_8)
FN:69,(anonymous_9)
FN:109,(anonymous_10)
FN:160,(anonymous_11)
FN:185,(anonymous_12)
FN:193,(anonymous_13)
FN:244,(anonymous_14)
FN:265,(anonymous_15)
FN:274,(anonymous_16)
FN:331,(anonymous_17)
FN:338,(anonymous_18)
FN:368,(anonymous_19)
FN:379,(anonymous_20)
FN:385,(anonymous_21)
FN:391,(anonymous_22)
FN:399,(anonymous_23)
FN:413,(anonymous_24)
FN:430,(anonymous_25)
FNF:21
FNH:0
FNDA:0,AIStrategyPage
FNDA:0,(anonymous_6)
FNDA:0,(anonymous_7)
FNDA:0,(anonymous_8)
FNDA:0,(anonymous_9)
FNDA:0,(anonymous_10)
FNDA:0,(anonymous_11)
FNDA:0,(anonymous_12)
FNDA:0,(anonymous_13)
FNDA:0,(anonymous_14)
FNDA:0,(anonymous_15)
FNDA:0,(anonymous_16)
FNDA:0,(anonymous_17)
FNDA:0,(anonymous_18)
FNDA:0,(anonymous_19)
FNDA:0,(anonymous_20)
FNDA:0,(anonymous_21)
FNDA:0,(anonymous_22)
FNDA:0,(anonymous_23)
FNDA:0,(anonymous_24)
FNDA:0,(anonymous_25)
DA:3,0
DA:24,0
DA:38,0
DA:40,0
DA:41,0
DA:42,0
DA:45,0
DA:46,0
DA:47,0
DA:48,0
DA:49,0
DA:50,0
DA:51,0
DA:52,0
DA:53,0
DA:54,0
DA:55,0
DA:57,0
DA:58,0
DA:59,0
DA:62,0
DA:63,0
DA:64,0
DA:66,0
DA:69,0
DA:70,0
DA:72,0
DA:73,0
DA:75,0
DA:76,0
DA:77,0
DA:78,0
DA:80,0
DA:94,0
DA:95,0
DA:98,0
DA:99,0
DA:101,0
DA:102,0
DA:104,0
DA:109,0
DA:110,0
DA:111,0
DA:112,0
DA:116,0
DA:160,0
DA:186,0
DA:195,0
DA:196,0
DA:197,0
DA:198,0
DA:200,0
DA:201,0
DA:244,0
DA:266,0
DA:275,0
DA:332,0
DA:338,0
DA:368,0
DA:379,0
DA:385,0
DA:391,0
DA:399,0
DA:413,0
DA:430,0
LF:65
LH:0
BRDA:70,0,0,0
BRDA:94,1,0,0
BRDA:111,2,0,0
BRDA:167,3,0,0
BRDA:167,3,1,0
BRDA:172,4,0,0
BRDA:196,5,0,0
BRDA:236,6,0,0
BRDA:281,7,0,0
BRDA:281,7,1,0
BRDA:282,8,0,0
BRDA:282,8,1,0
BRDA:282,9,0,0
BRDA:282,9,1,0
BRDA:327,10,0,0
BRDA:336,11,0,0
BRDA:336,11,1,0
BRDA:358,12,0,0
BRDA:358,12,1,0
BRDA:425,13,0,0
BRDA:425,13,1,0
BRF:21
BRH:0
end_of_record
TN:
SF:app/analysis/performance/page.tsx
FN:7,PerformancePage
FNF:1
FNH:0
FNDA:0,PerformancePage
DA:3,0
DA:4,0
DA:7,0
LF:3
LH:0
BRF:0
BRH:0
end_of_record
TN:
SF:app/analytics/market/page.tsx
FN:37,MarketAnalysisPage
FN:100,(anonymous_5)
FN:101,(anonymous_6)
FN:102,(anonymous_7)
FN:124,(anonymous_8)
FN:179,(anonymous_9)
FN:182,(anonymous_10)
FN:202,(anonymous_11)
FN:372,(anonymous_12)
FN:394,(anonymous_13)
FN:472,(anonymous_14)
FN:514,(anonymous_15)
FN:544,(anonymous_16)
FN:599,(anonymous_17)
FNF:14
FNH:0
FNDA:0,MarketAnalysisPage
FNDA:0,(anonymous_5)
FNDA:0,(anonymous_6)
FNDA:0,(anonymous_7)
FNDA:0,(anonymous_8)
FNDA:0,(anonymous_9)
FNDA:0,(anonymous_10)
FNDA:0,(anonymous_11)
FNDA:0,(anonymous_12)
FNDA:0,(anonymous_13)
FNDA:0,(anonymous_14)
FNDA:0,(anonymous_15)
FNDA:0,(anonymous_16)
FNDA:0,(anonymous_17)
DA:3,0
DA:4,0
DA:37,0
DA:38,0
DA:39,0
DA:40,0
DA:43,0
DA:58,0
DA:68,0
DA:100,0
DA:101,0
DA:102,0
DA:103,0
DA:105,0
DA:106,0
DA:107,0
DA:108,0
DA:109,0
DA:113,0
DA:124,0
DA:125,0
DA:128,0
DA:131,0
DA:133,0
DA:180,0
DA:182,0
DA:202,0
DA:372,0
DA:395,0
DA:473,0
DA:515,0
DA:545,0
DA:600,0
LF:33
LH:0
BRDA:105,0,0,0
BRDA:106,1,0,0
BRDA:107,2,0,0
BRDA:108,3,0,0
BRDA:125,4,0,0
BRDA:125,4,1,0
BRDA:125,4,2,0
BRDA:125,4,3,0
BRDA:125,4,4,0
BRDA:185,5,0,0
BRDA:185,5,1,0
BRDA:186,6,0,0
BRDA:186,6,1,0
BRDA:187,7,0,0
BRDA:187,7,1,0
BRDA:202,8,0,0
BRDA:202,8,1,0
BRDA:215,9,0,0
BRDA:215,9,1,0
BRDA:254,10,0,0
BRDA:254,10,1,0
BRDA:255,11,0,0
BRDA:255,11,1,0
BRDA:304,12,0,0
BRDA:304,12,1,0
BRDA:305,13,0,0
BRDA:305,13,1,0
BRDA:379,14,0,0
BRDA:477,15,0,0
BRDA:477,15,1,0
BRDA:496,16,0,0
BRDA:496,16,1,0
BRDA:498,17,0,0
BRDA:498,17,1,0
BRDA:584,18,0,0
BRDA:622,19,0,0
BRDA:622,19,1,0
BRDA:623,20,0,0
BRDA:623,20,1,0
BRDA:633,21,0,0
BRDA:633,21,1,0
BRDA:634,22,0,0
BRDA:634,22,1,0
BRDA:635,23,0,0
BRDA:635,23,1,0
BRF:45
BRH:0
end_of_record
TN:
SF:app/analytics/portfolio/page.tsx
FN:43,PortfolioAnalyticsPage
FN:112,(anonymous_5)
FN:113,(anonymous_6)
FN:114,(anonymous_7)
FN:115,(anonymous_8)
FN:126,(anonymous_9)
FN:135,(anonymous_10)
FN:186,(anonymous_11)
FN:189,(anonymous_12)
FN:209,(anonymous_13)
FN:423,(anonymous_14)
FN:525,(anonymous_15)
FN:639,(anonymous_16)
FN:725,(anonymous_17)
FNF:14
FNH:0
FNDA:0,PortfolioAnalyticsPage
FNDA:0,(anonymous_5)
FNDA:0,(anonymous_6)
FNDA:0,(anonymous_7)
FNDA:0,(anonymous_8)
FNDA:0,(anonymous_9)
FNDA:0,(anonymous_10)
FNDA:0,(anonymous_11)
FNDA:0,(anonymous_12)
FNDA:0,(anonymous_13)
FNDA:0,(anonymous_14)
FNDA:0,(anonymous_15)
FNDA:0,(anonymous_16)
FNDA:0,(anonymous_17)
DA:3,0
DA:4,0
DA:43,0
DA:44,0
DA:45,0
DA:48,0
DA:49,0
DA:50,0
DA:52,0
DA:88,0
DA:96,0
DA:104,0
DA:112,0
DA:113,0
DA:114,0
DA:115,0
DA:117,0
DA:126,0
DA:127,0
DA:128,0
DA:129,0
DA:130,0
DA:131,0
DA:135,0
DA:136,0
DA:187,0
DA:189,0
DA:209,0
DA:424,0
DA:526,0
DA:640,0
DA:726,0
LF:32
LH:0
BRDA:113,0,0,0
BRDA:113,0,1,0
BRDA:114,1,0,0
BRDA:114,1,1,0
BRDA:121,2,0,0
BRDA:121,2,1,0
BRDA:127,3,0,0
BRDA:127,3,1,0
BRDA:127,3,2,0
BRDA:127,3,3,0
BRDA:192,4,0,0
BRDA:192,4,1,0
BRDA:193,5,0,0
BRDA:193,5,1,0
BRDA:194,6,0,0
BRDA:194,6,1,0
BRDA:209,7,0,0
BRDA:209,7,1,0
BRDA:222,8,0,0
BRDA:222,8,1,0
BRDA:266,9,0,0
BRDA:266,9,1,0
BRDA:269,10,0,0
BRDA:269,10,1,0
BRDA:293,11,0,0
BRDA:293,11,1,0
BRDA:294,12,0,0
BRDA:294,12,1,0
BRDA:342,13,0,0
BRDA:342,13,1,0
BRDA:343,14,0,0
BRDA:343,14,1,0
BRDA:431,15,0,0
BRDA:431,15,1,0
BRDA:479,16,0,0
BRDA:479,16,1,0
BRDA:482,17,0,0
BRDA:482,17,1,0
BRDA:492,18,0,0
BRDA:492,18,1,0
BRDA:495,19,0,0
BRDA:495,19,1,0
BRDA:510,20,0,0
BRDA:561,21,0,0
BRDA:561,21,1,0
BRDA:563,22,0,0
BRDA:563,22,1,0
BRDA:677,23,0,0
BRDA:677,23,1,0
BRDA:710,24,0,0
BRDA:729,25,0,0
BRDA:729,25,1,0
BRDA:755,26,0,0
BRDA:755,26,1,0
BRDA:760,27,0,0
BRDA:760,27,1,0
BRDA:762,28,0,0
BRDA:762,28,1,0
BRDA:789,29,0,0
BRDA:789,29,1,0
BRF:60
BRH:0
end_of_record
TN:
SF:app/api/auth/api-keys/route.ts
FN:19,POST
FN:67,GET
FN:127,PUT
FN:164,DELETE
FNF:4
FNH:0
FNDA:0,POST
FNDA:0,GET
FNDA:0,PUT
FNDA:0,DELETE
DA:1,0
DA:2,0
DA:19,0
DA:20,0
DA:21,0
DA:24,0
DA:25,0
DA:31,0
DA:33,0
DA:45,0
DA:46,0
DA:51,0
DA:58,0
DA:60,0
DA:67,0
DA:68,0
DA:69,0
DA:70,0
DA:71,0
DA:73,0
DA:75,0
DA:77,0
DA:79,0
DA:80,0
DA:93,0
DA:98,0
DA:100,0
DA:102,0
DA:109,0
DA:111,0
DA:118,0
DA:120,0
DA:127,0
DA:128,0
DA:129,0
DA:131,0
DA:132,0
DA:138,0
DA:140,0
DA:142,0
DA:143,0
DA:148,0
DA:155,0
DA:157,0
DA:164,0
DA:165,0
DA:166,0
DA:167,0
DA:169,0
DA:170,0
DA:176,0
DA:178,0
DA:180,0
DA:181,0
DA:186,0
DA:193,0
DA:195,0
LF:57
LH:0
BRDA:24,0,0,0
BRDA:24,1,0,0
BRDA:24,1,1,0
BRDA:24,1,2,0
BRDA:24,1,3,0
BRDA:45,2,0,0
BRDA:45,2,1,0
BRDA:62,3,0,0
BRDA:62,3,1,0
BRDA:75,4,0,0
BRDA:75,4,1,0
BRDA:79,5,0,0
BRDA:79,5,1,0
BRDA:98,6,0,0
BRDA:98,6,1,0
BRDA:122,7,0,0
BRDA:122,7,1,0
BRDA:131,8,0,0
BRDA:131,9,0,0
BRDA:131,9,1,0
BRDA:142,10,0,0
BRDA:142,10,1,0
BRDA:145,11,0,0
BRDA:145,11,1,0
BRDA:159,12,0,0
BRDA:159,12,1,0
BRDA:169,13,0,0
BRDA:180,14,0,0
BRDA:180,14,1,0
BRDA:197,15,0,0
BRDA:197,15,1,0
BRF:31
BRH:0
end_of_record
TN:
SF:app/api/backtest/run/route.ts
FN:14,POST
FN:35,(anonymous_4)
FN:59,GET
FNF:3
FNH:0
FNDA:0,POST
FNDA:0,(anonymous_4)
FNDA:0,GET
DA:1,0
DA:3,0
DA:4,0
DA:14,0
DA:15,0
DA:16,0
DA:17,0
DA:20,0
DA:27,0
DA:28,0
DA:35,0
DA:45,0
DA:46,0
DA:48,0
DA:50,0
DA:51,0
DA:59,0
DA:60,0
DA:61,0
DA:62,0
DA:65,0
DA:66,0
DA:67,0
DA:69,0
DA:70,0
DA:71,0
DA:72,0
DA:73,0
DA:75,0
DA:76,0
DA:77,0
DA:78,0
DA:79,0
DA:81,0
DA:91,0
DA:94,0
LF:36
LH:0
BRDA:17,0,0,0
BRDA:27,1,0,0
BRDA:27,2,0,0
BRDA:27,2,1,0
BRDA:52,3,0,0
BRDA:52,3,1,0
BRDA:61,4,0,0
BRDA:61,4,1,0
BRDA:62,5,0,0
BRDA:62,5,1,0
BRDA:67,6,0,0
BRDA:67,6,1,0
BRDA:67,7,0,0
BRDA:67,7,1,0
BRF:14
BRH:0
end_of_record
TN:
SF:app/api/backtesting/optimize/route.ts
FN:18,POST
FN:104,(anonymous_4)
FN:134,generateParameterCombinations
FN:139,generateCombinations
FN:185,createOptimizationStrategy
FN:198,GET
FNF:6
FNH:0
FNDA:0,POST
FNDA:0,(anonymous_4)
FNDA:0,generateParameterCombinations
FNDA:0,generateCombinations
FNDA:0,createOptimizationStrategy
FNDA:0,GET
DA:1,0
DA:2,0
DA:3,0
DA:4,0
DA:5,0
DA:18,0
DA:19,0
DA:20,0
DA:32,0
DA:34,0
DA:35,0
DA:41,0
DA:42,0
DA:45,0
DA:46,0
DA:47,0
DA:56,0
DA:60,0
DA:61,0
DA:63,0
DA:64,0
DA:66,0
DA:68,0
DA:69,0
DA:71,0
DA:81,0
DA:82,0
DA:83,0
DA:85,0
DA:87,0
DA:98,0
DA:99,0
DA:104,0
DA:105,0
DA:106,0
DA:110,0
DA:111,0
DA:120,0
DA:126,0
DA:127,0
DA:135,0
DA:136,0
DA:143,0
DA:144,0
DA:145,0
DA:148,0
DA:149,0
DA:152,0
DA:153,0
DA:155,0
DA:156,0
DA:157,0
DA:158,0
DA:159,0
DA:161,0
DA:162,0
DA:163,0
DA:164,0
DA:169,0
DA:172,0
DA:173,0
DA:174,0
DA:175,0
DA:176,0
DA:177,0
DA:179,0
DA:182,0
DA:186,0
DA:188,0
DA:191,0
DA:194,0
DA:198,0
DA:200,0
DA:207,0
DA:220,0
LF:75
LH:0
BRDA:24,0,0,0
BRDA:27,1,0,0
BRDA:28,2,0,0
BRDA:29,3,0,0
BRDA:30,4,0,0
BRDA:31,5,0,0
BRDA:34,6,0,0
BRDA:34,7,0,0
BRDA:34,7,1,0
BRDA:69,8,0,0
BRDA:128,9,0,0
BRDA:128,9,1,0
BRDA:143,10,0,0
BRDA:148,11,0,0
BRDA:155,12,0,0
BRDA:155,12,1,0
BRDA:156,13,0,0
BRDA:161,14,0,0
BRDA:172,15,0,0
BRDA:186,16,0,0
BRDA:186,16,1,0
BRDA:186,16,2,0
BRF:22
BRH:0
end_of_record
TN:
SF:app/api/backtesting/run/route.ts
FN:15,POST
FN:95,(anonymous_4)
FN:103,(anonymous_5)
FN:129,createStrategy
FN:159,GET
FNF:5
FNH:0
FNDA:0,POST
FNDA:0,(anonymous_4)
FNDA:0,(anonymous_5)
FNDA:0,createStrategy
FNDA:0,GET
DA:1,0
DA:2,0
DA:3,0
DA:4,0
DA:12,0
DA:15,0
DA:16,0
DA:17,0
DA:29,0
DA:32,0
DA:33,0
DA:36,0
DA:37,0
DA:40,0
DA:41,0
DA:43,0
DA:44,0
DA:48,0
DA:49,0
DA:50,0
DA:54,0
DA:66,0
DA:67,0
DA:68,0
DA:78,0
DA:82,0
DA:85,0
DA:86,0
DA:90,0
DA:93,0
DA:95,0
DA:96,0
DA:103,0
DA:104,0
DA:112,0
DA:114,0
DA:121,0
DA:122,0
DA:130,0
DA:133,0
DA:137,0
DA:141,0
DA:144,0
DA:148,0
DA:152,0
DA:155,0
DA:159,0
DA:161,0
DA:215,0
LF:49
LH:0
BRDA:20,0,0,0
BRDA:21,1,0,0
BRDA:24,2,0,0
BRDA:25,3,0,0
BRDA:26,4,0,0
BRDA:27,5,0,0
BRDA:28,6,0,0
BRDA:32,7,0,0
BRDA:36,8,0,0
BRDA:36,9,0,0
BRDA:36,9,1,0
BRDA:43,10,0,0
BRDA:49,11,0,0
BRDA:66,12,0,0
BRDA:66,12,1,0
BRDA:86,13,0,0
BRDA:86,13,1,0
BRDA:123,14,0,0
BRDA:123,14,1,0
BRDA:130,15,0,0
BRDA:130,15,1,0
BRDA:130,15,2,0
BRDA:130,15,3,0
BRDA:130,15,4,0
BRDA:130,15,5,0
BRDA:130,15,6,0
BRDA:130,15,7,0
BRDA:130,15,8,0
BRDA:130,15,9,0
BRDA:130,15,10,0
BRDA:130,15,11,0
BRF:31
BRH:0
end_of_record
TN:
SF:app/api/claude/strategy/route.ts
FN:4,POST
FN:31,PUT
FN:46,(anonymous_8)
FNF:3
FNH:0
FNDA:0,POST
FNDA:0,PUT
FNDA:0,(anonymous_8)
DA:1,0
DA:2,0
DA:4,0
DA:5,0
DA:6,0
DA:9,0
DA:11,0
DA:12,0
DA:18,0
DA:20,0
DA:22,0
DA:23,0
DA:31,0
DA:32,0
DA:33,0
DA:36,0
DA:38,0
DA:39,0
DA:46,0
DA:47,0
DA:49,0
DA:57,0
DA:62,0
DA:63,0
LF:24
LH:0
BRDA:9,0,0,0
BRDA:9,0,1,0
BRDA:11,1,0,0
BRDA:24,2,0,0
BRDA:24,2,1,0
BRDA:36,3,0,0
BRDA:36,3,1,0
BRDA:38,4,0,0
BRDA:53,5,0,0
BRDA:53,5,1,0
BRDA:58,6,0,0
BRDA:58,6,1,0
BRDA:64,7,0,0
BRDA:64,7,1,0
BRF:14
BRH:0
end_of_record
TN:
SF:app/api/cron/archive/route.ts
FN:29,GET
FN:37,(anonymous_9)
FN:44,(anonymous_10)
FN:94,(anonymous_11)
FN:140,(anonymous_12)
FN:142,(anonymous_13)
FN:172,(anonymous_14)
FN:214,(anonymous_15)
FNF:8
FNH:0
FNDA:0,GET
FNDA:0,(anonymous_9)
FNDA:0,(anonymous_10)
FNDA:0,(anonymous_11)
FNDA:0,(anonymous_12)
FNDA:0,(anonymous_13)
FNDA:0,(anonymous_14)
FNDA:0,(anonymous_15)
DA:1,0
DA:2,0
DA:3,0
DA:5,0
DA:6,0
DA:7,0
DA:29,0
DA:30,0
DA:32,0
DA:33,0
DA:34,0
DA:37,0
DA:40,0
DA:41,0
DA:44,0
DA:45,0
DA:54,0
DA:55,0
DA:56,0
DA:58,0
DA:60,0
DA:61,0
DA:62,0
DA:63,0
DA:74,0
DA:75,0
DA:76,0
DA:77,0
DA:78,0
DA:79,0
DA:84,0
DA:85,0
DA:92,0
DA:93,0
DA:94,0
DA:96,0
DA:99,0
DA:100,0
DA:112,0
DA:113,0
DA:114,0
DA:124,0
DA:125,0
DA:126,0
DA:134,0
DA:140,0
DA:142,0
DA:148,0
DA:152,0
DA:153,0
DA:154,0
DA:156,0
DA:157,0
DA:159,0
DA:162,0
DA:163,0
DA:171,0
DA:172,0
DA:173,0
DA:185,0
DA:198,0
DA:212,0
DA:214,0
DA:215,0
DA:221,0
LF:65
LH:0
BRDA:33,0,0,0
BRDA:45,1,0,0
BRDA:45,1,1,0
BRDA:45,1,2,0
BRDA:45,1,3,0
BRDA:45,1,4,0
BRDA:45,1,5,0
BRDA:60,2,0,0
BRDA:62,3,0,0
BRDA:75,4,0,0
BRDA:75,4,1,0
BRDA:76,5,0,0
BRDA:76,5,1,0
BRDA:78,6,0,0
BRDA:78,6,1,0
BRDA:84,7,0,0
BRDA:93,8,0,0
BRDA:96,9,0,0
BRDA:96,9,1,0
BRDA:99,10,0,0
BRDA:99,11,0,0
BRDA:99,11,1,0
BRDA:116,12,0,0
BRDA:116,12,1,0
BRDA:117,13,0,0
BRDA:117,13,1,0
BRDA:129,14,0,0
BRDA:129,14,1,0
BRDA:153,15,0,0
BRDA:153,15,1,0
BRDA:156,16,0,0
BRDA:163,17,0,0
BRDA:163,17,1,0
BRDA:217,18,0,0
BRDA:217,18,1,0
BRDA:225,19,0,0
BRDA:225,19,1,0
BRF:37
BRH:0
end_of_record
TN:
SF:app/api/cron/monitor/route.ts
FN:8,GET
FN:17,(anonymous_9)
FN:18,(anonymous_10)
FN:89,(anonymous_11)
FN:141,(anonymous_12)
FNF:5
FNH:0
FNDA:0,GET
FNDA:0,(anonymous_9)
FNDA:0,(anonymous_10)
FNDA:0,(anonymous_11)
FNDA:0,(anonymous_12)
DA:1,0
DA:2,0
DA:4,0
DA:5,0
DA:6,0
DA:8,0
DA:9,0
DA:11,0
DA:12,0
DA:13,0
DA:17,0
DA:18,0
DA:21,0
DA:23,0
DA:25,0
DA:79,0
DA:80,0
DA:84,0
DA:85,0
DA:88,0
DA:89,0
DA:92,0
DA:93,0
DA:94,0
DA:109,0
DA:110,0
DA:113,0
DA:125,0
DA:138,0
DA:141,0
DA:142,0
DA:148,0
LF:32
LH:0
BRDA:12,0,0,0
BRDA:23,1,0,0
BRDA:31,2,0,0
BRDA:31,2,1,0
BRDA:43,3,0,0
BRDA:43,3,1,0
BRDA:54,4,0,0
BRDA:54,4,1,0
BRDA:92,5,0,0
BRDA:144,6,0,0
BRDA:144,6,1,0
BRDA:152,7,0,0
BRDA:152,7,1,0
BRF:13
BRH:0
end_of_record
TN:
SF:app/api/dashboard/route.ts
FN:39,GET
FN:55,(anonymous_2)
FN:58,(anonymous_3)
FN:100,fetchPortfolioData
FN:147,fetchCurrentPrices
FN:156,fetchRecentSignals
FN:180,generatePriceHistory
FN:195,generatePerformanceChart
FN:215,fetchAlerts
FNF:9
FNH:0
FNDA:0,GET
FNDA:0,(anonymous_2)
FNDA:0,(anonymous_3)
FNDA:0,fetchPortfolioData
FNDA:0,fetchCurrentPrices
FNDA:0,fetchRecentSignals
FNDA:0,generatePriceHistory
FNDA:0,generatePerformanceChart
FNDA:0,fetchAlerts
DA:2,0
DA:4,0
DA:39,0
DA:40,0
DA:42,0
DA:43,0
DA:44,0
DA:48,0
DA:49,0
DA:52,0
DA:55,0
DA:58,0
DA:59,0
DA:60,0
DA:61,0
DA:63,0
DA:76,0
DA:79,0
DA:82,0
DA:84,0
DA:93,0
DA:95,0
DA:102,0
DA:149,0
DA:158,0
DA:177,0
DA:181,0
DA:182,0
DA:183,0
DA:185,0
DA:186,0
DA:187,0
DA:188,0
DA:192,0
DA:196,0
DA:197,0
DA:198,0
DA:200,0
DA:201,0
DA:202,0
DA:203,0
DA:204,0
DA:206,0
DA:212,0
DA:216,0
LF:45
LH:0
BRDA:43,0,0,0
BRDA:49,1,0,0
BRDA:49,1,1,0
BRDA:59,2,0,0
BRDA:59,2,1,0
BRDA:65,3,0,0
BRDA:65,3,1,0
BRDA:104,4,0,0
BRDA:104,4,1,0
BRDA:181,5,0,0
BRDA:181,5,1,0
BRDA:181,6,0,0
BRDA:181,6,1,0
BRDA:196,7,0,0
BRDA:196,7,1,0
BRDA:196,8,0,0
BRDA:196,8,1,0
BRDA:201,9,0,0
BRDA:201,9,1,0
BRDA:201,10,0,0
BRDA:201,10,1,0
BRDA:207,11,0,0
BRDA:207,11,1,0
BRF:23
BRH:0
end_of_record
TN:
SF:app/api/data/export/route.ts
FN:7,GET
FN:22,(anonymous_6)
FN:51,(anonymous_7)
FN:58,(anonymous_8)
FN:77,(anonymous_9)
FN:115,POST
FN:124,(anonymous_11)
FN:157,(anonymous_12)
FN:159,(anonymous_13)
FN:168,(anonymous_14)
FN:169,(anonymous_15)
FN:209,convertToCSV
FN:213,(anonymous_17)
FN:229,(anonymous_18)
FN:230,(anonymous_19)
FNF:15
FNH:0
FNDA:0,GET
FNDA:0,(anonymous_6)
FNDA:0,(anonymous_7)
FNDA:0,(anonymous_8)
FNDA:0,(anonymous_9)
FNDA:0,POST
FNDA:0,(anonymous_11)
FNDA:0,(anonymous_12)
FNDA:0,(anonymous_13)
FNDA:0,(anonymous_14)
FNDA:0,(anonymous_15)
FNDA:0,convertToCSV
FNDA:0,(anonymous_17)
FNDA:0,(anonymous_18)
FNDA:0,(anonymous_19)
DA:1,0
DA:2,0
DA:4,0
DA:5,0
DA:7,0
DA:8,0
DA:9,0
DA:10,0
DA:11,0
DA:12,0
DA:13,0
DA:14,0
DA:17,0
DA:20,0
DA:21,0
DA:22,0
DA:23,0
DA:24,0
DA:25,0
DA:27,0
DA:28,0
DA:29,0
DA:34,0
DA:36,0
DA:37,0
DA:38,0
DA:41,0
DA:42,0
DA:44,0
DA:51,0
DA:54,0
DA:56,0
DA:57,0
DA:59,0
DA:63,0
DA:68,0
DA:69,0
DA:70,0
DA:76,0
DA:77,0
DA:78,0
DA:85,0
DA:102,0
DA:103,0
DA:115,0
DA:116,0
DA:117,0
DA:118,0
DA:120,0
DA:122,0
DA:123,0
DA:124,0
DA:127,0
DA:139,0
DA:140,0
DA:142,0
DA:143,0
DA:144,0
DA:153,0
DA:154,0
DA:155,0
DA:156,0
DA:157,0
DA:159,0
DA:160,0
DA:166,0
DA:167,0
DA:168,0
DA:169,0
DA:170,0
DA:171,0
DA:174,0
DA:180,0
DA:182,0
DA:187,0
DA:194,0
DA:197,0
DA:198,0
DA:210,0
DA:213,0
DA:226,0
DA:227,0
DA:230,0
DA:231,0
DA:232,0
DA:239,0
LF:86
LH:0
BRDA:10,0,0,0
BRDA:10,0,1,0
BRDA:17,1,0,0
BRDA:17,1,1,0
BRDA:21,2,0,0
BRDA:21,3,0,0
BRDA:21,3,1,0
BRDA:24,4,0,0
BRDA:27,5,0,0
BRDA:27,6,0,0
BRDA:27,6,1,0
BRDA:28,7,0,0
BRDA:28,8,0,0
BRDA:28,8,1,0
BRDA:38,9,0,0
BRDA:42,10,0,0
BRDA:42,11,0,0
BRDA:42,11,1,0
BRDA:54,12,0,0
BRDA:57,13,0,0
BRDA:57,13,1,0
BRDA:68,14,0,0
BRDA:68,14,1,0
BRDA:76,15,0,0
BRDA:76,15,1,0
BRDA:91,16,0,0
BRDA:91,16,1,0
BRDA:92,17,0,0
BRDA:92,17,1,0
BRDA:94,18,0,0
BRDA:94,18,1,0
BRDA:107,19,0,0
BRDA:107,19,1,0
BRDA:118,20,0,0
BRDA:120,21,0,0
BRDA:120,21,1,0
BRDA:122,22,0,0
BRDA:122,22,1,0
BRDA:140,23,0,0
BRDA:143,24,0,0
BRDA:159,25,0,0
BRDA:180,26,0,0
BRDA:182,27,0,0
BRDA:182,28,0,0
BRDA:202,29,0,0
BRDA:202,29,1,0
BRDA:210,30,0,0
BRDA:232,31,0,0
BRDA:232,31,1,0
BRDA:232,32,0,0
BRDA:232,32,1,0
BRF:51
BRH:0
end_of_record
TN:
SF:app/api/data/status/route.ts
FN:7,GET
FN:9,(anonymous_8)
FN:16,(anonymous_9)
FN:31,(anonymous_10)
FN:32,(anonymous_11)
FN:38,(anonymous_12)
FN:49,(anonymous_13)
FN:50,(anonymous_14)
FN:51,(anonymous_15)
FNF:9
FNH:0
FNDA:0,GET
FNDA:0,(anonymous_8)
FNDA:0,(anonymous_9)
FNDA:0,(anonymous_10)
FNDA:0,(anonymous_11)
FNDA:0,(anonymous_12)
FNDA:0,(anonymous_13)
FNDA:0,(anonymous_14)
FNDA:0,(anonymous_15)
DA:1,0
DA:2,0
DA:4,0
DA:5,0
DA:7,0
DA:8,0
DA:9,0
DA:12,0
DA:15,0
DA:16,0
DA:17,0
DA:23,0
DA:24,0
DA:27,0
DA:31,0
DA:32,0
DA:38,0
DA:46,0
DA:47,0
DA:49,0
DA:50,0
DA:51,0
DA:54,0
DA:77,0
DA:78,0
LF:25
LH:0
BRDA:12,0,0,0
BRDA:12,0,1,0
BRDA:17,1,0,0
BRDA:17,1,1,0
BRDA:17,1,2,0
BRDA:33,2,0,0
BRDA:33,2,1,0
BRDA:35,3,0,0
BRDA:35,3,1,0
BRDA:51,4,0,0
BRDA:51,4,1,0
BRDA:58,5,0,0
BRDA:58,5,1,0
BRDA:60,6,0,0
BRDA:60,6,1,0
BRDA:69,7,0,0
BRDA:69,7,1,0
BRDA:82,8,0,0
BRDA:82,8,1,0
BRF:19
BRH:0
end_of_record
TN:
SF:app/api/kraken/historical/route.ts
FN:24,GET
FN:73,(anonymous_2)
FN:83,(anonymous_3)
FNF:3
FNH:0
FNDA:0,GET
FNDA:0,(anonymous_2)
FNDA:0,(anonymous_3)
DA:1,0
DA:24,0
DA:25,0
DA:26,0
DA:27,0
DA:28,0
DA:29,0
DA:32,0
DA:35,0
DA:45,0
DA:48,0
DA:51,0
DA:53,0
DA:55,0
DA:62,0
DA:63,0
DA:66,0
DA:68,0
DA:69,0
DA:73,0
DA:74,0
DA:75,0
DA:78,0
DA:81,0
DA:83,0
DA:93,0
DA:101,0
DA:104,0
DA:105,0
DA:106,0
DA:108,0
DA:109,0
DA:110,0
DA:111,0
DA:113,0
DA:124,0
LF:36
LH:0
BRDA:27,0,0,0
BRDA:27,0,1,0
BRDA:28,1,0,0
BRDA:28,1,1,0
BRDA:29,2,0,0
BRDA:29,2,1,0
BRDA:45,3,0,0
BRDA:45,3,1,0
BRDA:62,4,0,0
BRDA:68,5,0,0
BRDA:68,6,0,0
BRDA:68,6,1,0
BRDA:74,7,0,0
BRDA:74,8,0,0
BRDA:74,8,1,0
BRDA:105,9,0,0
BRDA:105,9,1,0
BRDA:125,10,0,0
BRDA:125,10,1,0
BRF:19
BRH:0
end_of_record
TN:
SF:app/api/kraken/orderbook/route.ts
FN:4,GET
FNF:1
FNH:0
FNDA:0,GET
DA:1,0
DA:2,0
DA:4,0
DA:5,0
DA:6,0
DA:7,0
DA:9,0
DA:10,0
DA:14,0
DA:15,0
DA:22,0
DA:24,0
DA:25,0
DA:31,0
DA:33,0
DA:34,0
LF:16
LH:0
BRDA:6,0,0,0
BRDA:6,0,1,0
BRDA:7,1,0,0
BRDA:7,1,1,0
BRDA:14,2,0,0
BRDA:14,3,0,0
BRDA:14,3,1,0
BRDA:24,4,0,0
BRF:8
BRH:0
end_of_record
TN:
SF:app/api/kraken/orderbook/test/route.ts
FN:3,GET
FN:34,(anonymous_2)
FN:42,(anonymous_3)
FN:48,(anonymous_4)
FNF:4
FNH:0
FNDA:0,GET
FNDA:0,(anonymous_2)
FNDA:0,(anonymous_3)
FNDA:0,(anonymous_4)
DA:1,0
DA:3,0
DA:4,0
DA:5,0
DA:6,0
DA:9,0
DA:11,0
DA:14,0
DA:16,0
DA:23,0
DA:24,0
DA:27,0
DA:29,0
DA:30,0
DA:34,0
DA:35,0
DA:36,0
DA:39,0
DA:42,0
DA:48,0
DA:54,0
DA:55,0
DA:56,0
DA:58,0
DA:73,0
DA:75,0
LF:26
LH:0
BRDA:6,0,0,0
BRDA:6,0,1,0
BRDA:23,1,0,0
BRDA:29,2,0,0
BRDA:29,3,0,0
BRDA:29,3,1,0
BRDA:35,4,0,0
BRDA:35,5,0,0
BRDA:35,5,1,0
BRDA:54,6,0,0
BRDA:54,6,1,0
BRDA:55,7,0,0
BRDA:55,7,1,0
BRDA:68,8,0,0
BRDA:68,8,1,0
BRDA:76,9,0,0
BRDA:76,9,1,0
BRF:17
BRH:0
end_of_record
TN:
SF:app/api/kraken/ticker/route.ts
FN:4,GET
FNF:1
FNH:0
FNDA:0,GET
DA:1,0
DA:2,0
DA:4,0
DA:5,0
DA:6,0
DA:8,0
DA:9,0
DA:13,0
DA:14,0
DA:20,0
DA:22,0
DA:23,0
LF:12
LH:0
BRDA:6,0,0,0
BRDA:6,0,1,0
BRDA:13,1,0,0
BRDA:13,2,0,0
BRDA:13,2,1,0
BRF:5
BRH:0
end_of_record
TN:
SF:app/api/live/activity-feed/route.ts
FN:8,GET
FN:29,(anonymous_9)
FN:30,(anonymous_10)
FN:40,(anonymous_11)
FN:48,(anonymous_12)
FN:68,(anonymous_13)
FN:71,(anonymous_14)
FN:73,(anonymous_15)
FN:77,(anonymous_16)
FN:82,(anonymous_17)
FN:84,(anonymous_18)
FN:87,(anonymous_19)
FN:87,(anonymous_20)
FN:89,(anonymous_21)
FN:90,(anonymous_22)
FN:92,(anonymous_23)
FN:93,(anonymous_24)
FN:94,(anonymous_25)
FN:94,(anonymous_26)
FN:95,(anonymous_27)
FN:95,(anonymous_28)
FN:97,(anonymous_29)
FN:98,(anonymous_30)
FN:99,(anonymous_31)
FN:130,POST
FN:134,(anonymous_33)
FN:147,(anonymous_34)
FN:150,(anonymous_35)
FN:160,(anonymous_36)
FN:168,(anonymous_37)
FN:215,(anonymous_38)
FNF:31
FNH:0
FNDA:0,GET
FNDA:0,(anonymous_9)
FNDA:0,(anonymous_10)
FNDA:0,(anonymous_11)
FNDA:0,(anonymous_12)
FNDA:0,(anonymous_13)
FNDA:0,(anonymous_14)
FNDA:0,(anonymous_15)
FNDA:0,(anonymous_16)
FNDA:0,(anonymous_17)
FNDA:0,(anonymous_18)
FNDA:0,(anonymous_19)
FNDA:0,(anonymous_20)
FNDA:0,(anonymous_21)
FNDA:0,(anonymous_22)
FNDA:0,(anonymous_23)
FNDA:0,(anonymous_24)
FNDA:0,(anonymous_25)
FNDA:0,(anonymous_26)
FNDA:0,(anonymous_27)
FNDA:0,(anonymous_28)
FNDA:0,(anonymous_29)
FNDA:0,(anonymous_30)
FNDA:0,(anonymous_31)
FNDA:0,POST
FNDA:0,(anonymous_33)
FNDA:0,(anonymous_34)
FNDA:0,(anonymous_35)
FNDA:0,(anonymous_36)
FNDA:0,(anonymous_37)
FNDA:0,(anonymous_38)
DA:1,0
DA:3,0
DA:4,0
DA:6,0
DA:8,0
DA:9,0
DA:10,0
DA:12,0
DA:14,0
DA:20,0
DA:21,0
DA:22,0
DA:26,0
DA:29,0
DA:30,0
DA:32,0
DA:35,0
DA:36,0
DA:39,0
DA:41,0
DA:48,0
DA:62,0
DA:65,0
DA:68,0
DA:69,0
DA:70,0
DA:71,0
DA:73,0
DA:76,0
DA:77,0
DA:78,0
DA:81,0
DA:82,0
DA:84,0
DA:87,0
DA:89,0
DA:90,0
DA:92,0
DA:93,0
DA:94,0
DA:95,0
DA:97,0
DA:98,0
DA:99,0
DA:102,0
DA:121,0
DA:122,0
DA:130,0
DA:131,0
DA:133,0
DA:136,0
DA:142,0
DA:147,0
DA:148,0
DA:150,0
DA:153,0
DA:155,0
DA:156,0
DA:161,0
DA:168,0
DA:182,0
DA:188,0
DA:189,0
DA:195,0
DA:201,0
DA:202,0
DA:208,0
DA:215,0
DA:216,0
DA:221,0
LF:70
LH:0
BRDA:6,0,0,0
BRDA:6,0,1,0
BRDA:10,1,0,0
BRDA:10,1,1,0
BRDA:20,2,0,0
BRDA:32,3,0,0
BRDA:32,3,1,0
BRDA:35,4,0,0
BRDA:35,4,1,0
BRDA:41,5,0,0
BRDA:41,5,1,0
BRDA:41,5,2,0
BRDA:41,5,3,0
BRDA:41,5,4,0
BRDA:49,6,0,0
BRDA:49,6,1,0
BRDA:53,7,0,0
BRDA:53,7,1,0
BRDA:54,8,0,0
BRDA:54,8,1,0
BRDA:55,9,0,0
BRDA:55,9,1,0
BRDA:56,10,0,0
BRDA:56,10,1,0
BRDA:57,11,0,0
BRDA:57,11,1,0
BRDA:58,12,0,0
BRDA:58,12,1,0
BRDA:70,13,0,0
BRDA:70,13,1,0
BRDA:78,14,0,0
BRDA:78,14,1,0
BRDA:116,15,0,0
BRDA:116,15,1,0
BRDA:155,16,0,0
BRDA:161,17,0,0
BRDA:161,17,1,0
BRDA:161,17,2,0
BRDA:161,17,3,0
BRDA:161,17,4,0
BRDA:169,18,0,0
BRDA:169,18,1,0
BRDA:173,19,0,0
BRDA:173,19,1,0
BRDA:174,20,0,0
BRDA:174,20,1,0
BRDA:175,21,0,0
BRDA:175,21,1,0
BRDA:176,22,0,0
BRDA:176,22,1,0
BRDA:177,23,0,0
BRDA:177,23,1,0
BRDA:178,24,0,0
BRDA:178,24,1,0
BRDA:188,25,0,0
BRF:55
BRH:0
end_of_record
TN:
SF:app/api/live/start-system/route.ts
FN:3,POST
FNF:1
FNH:0
FNDA:0,POST
DA:1,0
DA:3,0
DA:4,0
DA:6,0
DA:12,0
DA:13,0
LF:6
LH:0
BRF:0
BRH:0
end_of_record
TN:
SF:app/api/portfolio/balance/route.ts
FN:8,getKrakenSignature
FN:18,GET
FNF:2
FNH:0
FNDA:0,getKrakenSignature
FNDA:0,GET
DA:1,0
DA:2,0
DA:3,0
DA:5,0
DA:6,0
DA:9,0
DA:10,0
DA:11,0
DA:12,0
DA:13,0
DA:14,0
DA:15,0
DA:18,0
DA:19,0
DA:20,0
DA:21,0
DA:22,0
DA:23,0
DA:25,0
DA:37,0
DA:38,0
DA:44,0
DA:46,0
DA:47,0
LF:24
LH:0
BRDA:37,0,0,0
BRDA:37,1,0,0
BRDA:37,1,1,0
BRF:3
BRH:0
end_of_record
TN:
SF:app/api/sentiment/activity/route.ts
FN:4,GET
FN:48,(anonymous_4)
FN:64,(anonymous_5)
FN:84,(anonymous_6)
FN:96,(anonymous_7)
FN:105,(anonymous_8)
FN:114,(anonymous_9)
FN:122,(anonymous_10)
FN:172,POST
FNF:9
FNH:0
FNDA:0,GET
FNDA:0,(anonymous_4)
FNDA:0,(anonymous_5)
FNDA:0,(anonymous_6)
FNDA:0,(anonymous_7)
FNDA:0,(anonymous_8)
FNDA:0,(anonymous_9)
FNDA:0,(anonymous_10)
FNDA:0,POST
DA:1,0
DA:2,0
DA:4,0
DA:5,0
DA:6,0
DA:7,0
DA:8,0
DA:9,0
DA:10,0
DA:11,0
DA:12,0
DA:14,0
DA:15,0
DA:17,0
DA:18,0
DA:25,0
DA:26,0
DA:32,0
DA:33,0
DA:40,0
DA:41,0
DA:47,0
DA:48,0
DA:49,0
DA:56,0
DA:57,0
DA:63,0
DA:64,0
DA:65,0
DA:72,0
DA:73,0
DA:74,0
DA:75,0
DA:83,0
DA:85,0
DA:88,0
DA:93,0
DA:96,0
DA:97,0
DA:101,0
DA:105,0
DA:106,0
DA:110,0
DA:114,0
DA:115,0
DA:116,0
DA:120,0
DA:123,0
DA:124,0
DA:129,0
DA:141,0
DA:142,0
DA:153,0
DA:160,0
DA:161,0
DA:172,0
DA:173,0
DA:174,0
DA:175,0
DA:177,0
DA:179,0
DA:180,0
DA:186,0
DA:187,0
DA:194,0
DA:195,0
DA:202,0
DA:203,0
DA:204,0
DA:205,0
DA:207,0
DA:216,0
DA:223,0
DA:230,0
DA:231,0
LF:75
LH:0
BRDA:6,0,0,0
BRDA:6,0,1,0
BRDA:7,1,0,0
BRDA:7,1,1,0
BRDA:15,2,0,0
BRDA:15,2,1,0
BRDA:15,2,2,0
BRDA:15,2,3,0
BRDA:15,2,4,0
BRDA:15,2,5,0
BRDA:15,2,6,0
BRDA:15,2,7,0
BRDA:25,3,0,0
BRDA:25,4,0,0
BRDA:25,4,1,0
BRDA:40,5,0,0
BRDA:56,6,0,0
BRDA:72,7,0,0
BRDA:72,7,1,0
BRDA:73,8,0,0
BRDA:73,8,1,0
BRDA:73,9,0,0
BRDA:73,9,1,0
BRDA:123,10,0,0
BRDA:165,11,0,0
BRDA:165,11,1,0
BRDA:177,12,0,0
BRDA:177,12,1,0
BRDA:177,12,2,0
BRDA:177,12,3,0
BRDA:179,13,0,0
BRDA:194,14,0,0
BRDA:194,15,0,0
BRDA:194,15,1,0
BRDA:235,16,0,0
BRDA:235,16,1,0
BRF:36
BRH:0
end_of_record
TN:
SF:app/api/sentiment/analyze/route.ts
FN:4,POST
FN:47,GET
FNF:2
FNH:0
FNDA:0,POST
FNDA:0,GET
DA:1,0
DA:2,0
DA:4,0
DA:5,0
DA:6,0
DA:7,0
DA:9,0
DA:11,0
DA:13,0
DA:14,0
DA:18,0
DA:20,0
DA:21,0
DA:26,0
DA:35,0
DA:36,0
DA:47,0
DA:49,0
LF:18
LH:0
BRDA:11,0,0,0
BRDA:11,0,1,0
BRDA:18,1,0,0
BRDA:18,1,1,0
BRDA:18,2,0,0
BRDA:18,2,1,0
BRDA:40,3,0,0
BRDA:40,3,1,0
BRF:8
BRH:0
end_of_record
TN:
SF:app/api/sentiment/historical/route.ts
FN:4,GET
FN:81,POST
FN:113,(anonymous_5)
FN:127,(anonymous_6)
FN:128,(anonymous_7)
FNF:5
FNH:0
FNDA:0,GET
FNDA:0,POST
FNDA:0,(anonymous_5)
FNDA:0,(anonymous_6)
FNDA:0,(anonymous_7)
DA:1,0
DA:2,0
DA:4,0
DA:5,0
DA:6,0
DA:7,0
DA:8,0
DA:10,0
DA:11,0
DA:12,0
DA:14,0
DA:16,0
DA:17,0
DA:23,0
DA:24,0
DA:31,0
DA:32,0
DA:38,0
DA:39,0
DA:46,0
DA:47,0
DA:54,0
DA:55,0
DA:62,0
DA:69,0
DA:70,0
DA:81,0
DA:82,0
DA:83,0
DA:84,0
DA:86,0
DA:87,0
DA:89,0
DA:91,0
DA:92,0
DA:98,0
DA:99,0
DA:100,0
DA:101,0
DA:102,0
DA:104,0
DA:105,0
DA:113,0
DA:114,0
DA:115,0
DA:116,0
DA:118,0
DA:119,0
DA:122,0
DA:127,0
DA:128,0
DA:136,0
DA:138,0
DA:149,0
DA:156,0
DA:157,0
LF:56
LH:0
BRDA:6,0,0,0
BRDA:6,0,1,0
BRDA:8,1,0,0
BRDA:8,1,1,0
BRDA:14,2,0,0
BRDA:14,2,1,0
BRDA:14,2,2,0
BRDA:14,2,3,0
BRDA:14,2,4,0
BRDA:16,3,0,0
BRDA:31,4,0,0
BRDA:41,5,0,0
BRDA:41,5,1,0
BRDA:74,6,0,0
BRDA:74,6,1,0
BRDA:84,7,0,0
BRDA:89,8,0,0
BRDA:89,8,1,0
BRDA:89,8,2,0
BRDA:91,9,0,0
BRDA:91,10,0,0
BRDA:91,10,1,0
BRDA:107,11,0,0
BRDA:107,11,1,0
BRDA:115,12,0,0
BRDA:115,12,1,0
BRDA:116,13,0,0
BRDA:116,13,1,0
BRDA:118,14,0,0
BRDA:119,15,0,0
BRDA:119,15,1,0
BRDA:119,16,0,0
BRDA:119,16,1,0
BRDA:127,17,0,0
BRDA:127,17,1,0
BRDA:161,18,0,0
BRDA:161,18,1,0
BRF:37
BRH:0
end_of_record
TN:
SF:app/api/sentiment/pump-detector/route.ts
FN:6,GET
FN:34,(anonymous_4)
FN:36,(anonymous_5)
FN:52,(anonymous_6)
FN:54,(anonymous_7)
FN:59,(anonymous_8)
FN:61,(anonymous_9)
FN:123,(anonymous_10)
FN:125,(anonymous_11)
FN:146,POST
FN:178,(anonymous_13)
FN:191,(anonymous_14)
FNF:12
FNH:0
FNDA:0,GET
FNDA:0,(anonymous_4)
FNDA:0,(anonymous_5)
FNDA:0,(anonymous_6)
FNDA:0,(anonymous_7)
FNDA:0,(anonymous_8)
FNDA:0,(anonymous_9)
FNDA:0,(anonymous_10)
FNDA:0,(anonymous_11)
FNDA:0,POST
FNDA:0,(anonymous_13)
FNDA:0,(anonymous_14)
DA:1,0
DA:2,0
DA:3,0
DA:4,0
DA:6,0
DA:7,0
DA:8,0
DA:9,0
DA:10,0
DA:12,0
DA:13,0
DA:27,0
DA:28,0
DA:30,0
DA:31,0
DA:34,0
DA:35,0
DA:36,0
DA:40,0
DA:41,0
DA:42,0
DA:43,0
DA:44,0
DA:45,0
DA:51,0
DA:52,0
DA:54,0
DA:56,0
DA:59,0
DA:61,0
DA:66,0
DA:67,0
DA:68,0
DA:69,0
DA:72,0
DA:73,0
DA:75,0
DA:84,0
DA:85,0
DA:86,0
DA:88,0
DA:95,0
DA:96,0
DA:97,0
DA:100,0
DA:101,0
DA:106,0
DA:107,0
DA:114,0
DA:115,0
DA:123,0
DA:124,0
DA:125,0
DA:126,0
DA:129,0
DA:134,0
DA:135,0
DA:146,0
DA:147,0
DA:148,0
DA:149,0
DA:151,0
DA:152,0
DA:158,0
DA:160,0
DA:161,0
DA:162,0
DA:164,0
DA:165,0
DA:166,0
DA:168,0
DA:169,0
DA:172,0
DA:178,0
DA:179,0
DA:180,0
DA:181,0
DA:183,0
DA:184,0
DA:187,0
DA:191,0
DA:196,0
DA:197,0
LF:83
LH:0
BRDA:9,0,0,0
BRDA:9,0,1,0
BRDA:10,1,0,0
BRDA:10,1,1,0
BRDA:35,2,0,0
BRDA:35,2,1,0
BRDA:42,3,0,0
BRDA:44,4,0,0
BRDA:44,4,1,0
BRDA:59,5,0,0
BRDA:59,5,1,0
BRDA:60,6,0,0
BRDA:60,6,1,0
BRDA:66,7,0,0
BRDA:84,8,0,0
BRDA:106,9,0,0
BRDA:114,10,0,0
BRDA:114,11,0,0
BRDA:114,11,1,0
BRDA:123,12,0,0
BRDA:123,12,1,0
BRDA:125,13,0,0
BRDA:126,14,0,0
BRDA:126,14,1,0
BRDA:139,15,0,0
BRDA:139,15,1,0
BRDA:149,16,0,0
BRDA:149,17,0,0
BRDA:151,18,0,0
BRDA:151,19,0,0
BRDA:151,19,1,0
BRDA:168,20,0,0
BRDA:180,21,0,0
BRDA:180,21,1,0
BRDA:181,22,0,0
BRDA:181,22,1,0
BRDA:183,23,0,0
BRDA:191,24,0,0
BRDA:191,24,1,0
BRDA:201,25,0,0
BRDA:201,25,1,0
BRF:41
BRH:0
end_of_record
TN:
SF:app/api/sentiment/reddit/route.ts
FN:4,GET
FN:36,POST
FN:54,(anonymous_5)
FN:55,(anonymous_6)
FN:56,(anonymous_7)
FN:57,(anonymous_8)
FN:80,getTopKeywords
FN:90,(anonymous_10)
FN:92,(anonymous_11)
FNF:9
FNH:0
FNDA:0,GET
FNDA:0,POST
FNDA:0,(anonymous_5)
FNDA:0,(anonymous_6)
FNDA:0,(anonymous_7)
FNDA:0,(anonymous_8)
FNDA:0,getTopKeywords
FNDA:0,(anonymous_10)
FNDA:0,(anonymous_11)
DA:1,0
DA:2,0
DA:4,0
DA:5,0
DA:6,0
DA:7,0
DA:8,0
DA:9,0
DA:11,0
DA:12,0
DA:15,0
DA:17,0
DA:19,0
DA:24,0
DA:25,0
DA:36,0
DA:37,0
DA:38,0
DA:39,0
DA:41,0
DA:43,0
DA:44,0
DA:46,0
DA:49,0
DA:52,0
DA:54,0
DA:55,0
DA:57,0
DA:63,0
DA:68,0
DA:69,0
DA:81,0
DA:83,0
DA:84,0
DA:85,0
DA:89,0
DA:90,0
DA:92,0
LF:38
LH:0
BRDA:6,0,0,0
BRDA:6,0,1,0
BRDA:7,1,0,0
BRDA:7,1,1,0
BRDA:8,2,0,0
BRDA:8,2,1,0
BRDA:29,3,0,0
BRDA:29,3,1,0
BRDA:39,4,0,0
BRDA:43,5,0,0
BRDA:43,5,1,0
BRDA:57,6,0,0
BRDA:57,6,1,0
BRDA:73,7,0,0
BRDA:73,7,1,0
BRDA:85,8,0,0
BRDA:85,8,1,0
BRF:17
BRH:0
end_of_record
TN:
SF:app/api/sentiment/subreddits/route.ts
FN:5,GET
FN:26,(anonymous_4)
FN:29,(anonymous_5)
FN:33,(anonymous_6)
FN:36,(anonymous_7)
FN:130,POST
FNF:6
FNH:0
FNDA:0,GET
FNDA:0,(anonymous_4)
FNDA:0,(anonymous_5)
FNDA:0,(anonymous_6)
FNDA:0,(anonymous_7)
FNDA:0,POST
DA:1,0
DA:3,0
DA:5,0
DA:6,0
DA:7,0
DA:8,0
DA:9,0
DA:10,0
DA:11,0
DA:12,0
DA:13,0
DA:14,0
DA:16,0
DA:17,0
DA:19,0
DA:22,0
DA:23,0
DA:25,0
DA:26,0
DA:28,0
DA:29,0
DA:31,0
DA:32,0
DA:33,0
DA:35,0
DA:36,0
DA:38,0
DA:39,0
DA:42,0
DA:49,0
DA:50,0
DA:56,0
DA:57,0
DA:64,0
DA:65,0
DA:72,0
DA:73,0
DA:80,0
DA:81,0
DA:88,0
DA:89,0
DA:95,0
DA:96,0
DA:103,0
DA:104,0
DA:111,0
DA:118,0
DA:119,0
DA:130,0
DA:131,0
DA:132,0
DA:133,0
DA:135,0
DA:137,0
DA:138,0
DA:145,0
DA:146,0
DA:147,0
DA:153,0
DA:154,0
DA:155,0
DA:161,0
DA:168,0
DA:169,0
DA:175,0
DA:176,0
DA:177,0
DA:183,0
DA:190,0
DA:191,0
DA:197,0
DA:198,0
DA:199,0
DA:205,0
DA:212,0
DA:213,0
DA:219,0
DA:220,0
DA:221,0
DA:227,0
DA:228,0
DA:238,0
DA:239,0
DA:245,0
DA:246,0
DA:256,0
DA:257,0
DA:263,0
DA:264,0
DA:274,0
DA:275,0
DA:281,0
DA:282,0
DA:283,0
DA:289,0
DA:296,0
DA:297,0
DA:303,0
DA:304,0
DA:305,0
DA:311,0
DA:318,0
DA:319,0
DA:325,0
DA:326,0
DA:327,0
DA:333,0
DA:340,0
DA:341,0
DA:347,0
DA:348,0
DA:349,0
DA:355,0
DA:362,0
DA:363,0
DA:369,0
DA:370,0
DA:376,0
DA:377,0
DA:383,0
DA:390,0
DA:397,0
DA:398,0
LF:123
LH:0
BRDA:7,0,0,0
BRDA:7,0,1,0
BRDA:17,1,0,0
BRDA:17,1,1,0
BRDA:17,1,2,0
BRDA:17,1,3,0
BRDA:17,1,4,0
BRDA:17,1,5,0
BRDA:17,1,6,0
BRDA:17,1,7,0
BRDA:22,2,0,0
BRDA:25,3,0,0
BRDA:28,4,0,0
BRDA:31,5,0,0
BRDA:35,6,0,0
BRDA:38,7,0,0
BRDA:49,8,0,0
BRDA:59,9,0,0
BRDA:59,9,1,0
BRDA:88,10,0,0
BRDA:123,11,0,0
BRDA:123,11,1,0
BRDA:135,12,0,0
BRDA:135,12,1,0
BRDA:135,12,2,0
BRDA:135,12,3,0
BRDA:135,12,4,0
BRDA:135,12,5,0
BRDA:135,12,6,0
BRDA:135,12,7,0
BRDA:135,12,8,0
BRDA:135,12,9,0
BRDA:135,12,10,0
BRDA:135,12,11,0
BRDA:137,13,0,0
BRDA:146,14,0,0
BRDA:154,15,0,0
BRDA:168,16,0,0
BRDA:168,17,0,0
BRDA:168,17,1,0
BRDA:176,18,0,0
BRDA:190,19,0,0
BRDA:198,20,0,0
BRDA:212,21,0,0
BRDA:220,22,0,0
BRDA:231,23,0,0
BRDA:231,23,1,0
BRDA:238,24,0,0
BRDA:238,25,0,0
BRDA:238,25,1,0
BRDA:238,25,2,0
BRDA:256,26,0,0
BRDA:256,27,0,0
BRDA:256,27,1,0
BRDA:274,28,0,0
BRDA:282,29,0,0
BRDA:296,30,0,0
BRDA:296,31,0,0
BRDA:296,31,1,0
BRDA:304,32,0,0
BRDA:318,33,0,0
BRDA:326,34,0,0
BRDA:340,35,0,0
BRDA:348,36,0,0
BRDA:362,37,0,0
BRDA:376,38,0,0
BRDA:402,39,0,0
BRDA:402,39,1,0
BRF:68
BRH:0
end_of_record
TN:
SF:app/api/sentiment/twitter/route.ts
FN:4,GET
FN:128,POST
FN:187,(anonymous_5)
FN:225,(anonymous_6)
FNF:4
FNH:0
FNDA:0,GET
FNDA:0,POST
FNDA:0,(anonymous_5)
FNDA:0,(anonymous_6)
DA:1,0
DA:2,0
DA:4,0
DA:5,0
DA:6,0
DA:7,0
DA:8,0
DA:9,0
DA:10,0
DA:11,0
DA:13,0
DA:14,0
DA:17,0
DA:18,0
DA:19,0
DA:23,0
DA:26,0
DA:27,0
DA:30,0
DA:32,0
DA:33,0
DA:39,0
DA:40,0
DA:47,0
DA:48,0
DA:54,0
DA:55,0
DA:62,0
DA:63,0
DA:64,0
DA:70,0
DA:71,0
DA:78,0
DA:79,0
DA:86,0
DA:87,0
DA:93,0
DA:94,0
DA:101,0
DA:102,0
DA:109,0
DA:116,0
DA:117,0
DA:128,0
DA:129,0
DA:130,0
DA:131,0
DA:133,0
DA:136,0
DA:137,0
DA:138,0
DA:142,0
DA:145,0
DA:146,0
DA:149,0
DA:151,0
DA:152,0
DA:158,0
DA:159,0
DA:170,0
DA:171,0
DA:177,0
DA:178,0
DA:179,0
DA:180,0
DA:181,0
DA:187,0
DA:189,0
DA:190,0
DA:197,0
DA:207,0
DA:208,0
DA:214,0
DA:215,0
DA:216,0
DA:217,0
DA:218,0
DA:225,0
DA:227,0
DA:228,0
DA:235,0
DA:245,0
DA:252,0
DA:253,0
LF:84
LH:0
BRDA:6,0,0,0
BRDA:6,0,1,0
BRDA:10,1,0,0
BRDA:10,1,1,0
BRDA:11,2,0,0
BRDA:11,2,1,0
BRDA:18,3,0,0
BRDA:18,3,1,0
BRDA:30,4,0,0
BRDA:30,4,1,0
BRDA:30,4,2,0
BRDA:30,4,3,0
BRDA:30,4,4,0
BRDA:30,4,5,0
BRDA:30,4,6,0
BRDA:32,5,0,0
BRDA:47,6,0,0
BRDA:57,7,0,0
BRDA:57,7,1,0
BRDA:62,8,0,0
BRDA:62,8,1,0
BRDA:63,9,0,0
BRDA:86,10,0,0
BRDA:121,11,0,0
BRDA:121,11,1,0
BRDA:131,12,0,0
BRDA:131,13,0,0
BRDA:137,14,0,0
BRDA:137,14,1,0
BRDA:149,15,0,0
BRDA:149,15,1,0
BRDA:149,15,2,0
BRDA:149,15,3,0
BRDA:151,16,0,0
BRDA:151,17,0,0
BRDA:151,17,1,0
BRDA:170,18,0,0
BRDA:170,19,0,0
BRDA:170,19,1,0
BRDA:192,20,0,0
BRDA:192,20,1,0
BRDA:207,21,0,0
BRDA:207,22,0,0
BRDA:207,22,1,0
BRDA:230,23,0,0
BRDA:230,23,1,0
BRDA:257,24,0,0
BRDA:257,24,1,0
BRF:48
BRH:0
end_of_record
TN:
SF:app/api/strategies/route.ts
FN:35,GET
FN:44,(anonymous_6)
FN:56,POST
FN:100,PUT
FN:146,DELETE
FNF:5
FNH:0
FNDA:0,GET
FNDA:0,(anonymous_6)
FNDA:0,POST
FNDA:0,PUT
FNDA:0,DELETE
DA:1,0
DA:2,0
DA:33,0
DA:35,0
DA:36,0
DA:37,0
DA:38,0
DA:39,0
DA:43,0
DA:44,0
DA:46,0
DA:48,0
DA:49,0
DA:56,0
DA:57,0
DA:58,0
DA:59,0
DA:60,0
DA:63,0
DA:66,0
DA:67,0
DA:74,0
DA:83,0
DA:90,0
DA:92,0
DA:93,0
DA:100,0
DA:101,0
DA:102,0
DA:103,0
DA:104,0
DA:107,0
DA:109,0
DA:110,0
DA:116,0
DA:117,0
DA:118,0
DA:125,0
DA:134,0
DA:136,0
DA:138,0
DA:139,0
DA:146,0
DA:147,0
DA:148,0
DA:149,0
DA:150,0
DA:153,0
DA:154,0
DA:156,0
DA:157,0
DA:163,0
DA:164,0
DA:165,0
DA:171,0
DA:173,0
DA:175,0
DA:176,0
LF:58
LH:0
BRDA:38,0,0,0
BRDA:59,1,0,0
BRDA:66,2,0,0
BRDA:66,3,0,0
BRDA:66,3,1,0
BRDA:103,4,0,0
BRDA:109,5,0,0
BRDA:117,6,0,0
BRDA:117,7,0,0
BRDA:117,7,1,0
BRDA:149,8,0,0
BRDA:156,9,0,0
BRDA:164,10,0,0
BRDA:164,11,0,0
BRDA:164,11,1,0
BRF:15
BRH:0
end_of_record
TN:
SF:app/api/trading/cancel/route.ts
FN:21,POST
FN:56,DELETE
FN:91,GET
FN:102,(anonymous_7)
FNF:4
FNH:0
FNDA:0,POST
FNDA:0,DELETE
FNDA:0,GET
FNDA:0,(anonymous_7)
DA:1,0
DA:2,0
DA:21,0
DA:22,0
DA:23,0
DA:26,0
DA:27,0
DA:33,0
DA:35,0
DA:38,0
DA:40,0
DA:47,0
DA:49,0
DA:56,0
DA:57,0
DA:58,0
DA:59,0
DA:61,0
DA:63,0
DA:64,0
DA:67,0
DA:69,0
DA:74,0
DA:81,0
DA:83,0
DA:91,0
DA:92,0
DA:93,0
DA:94,0
DA:96,0
DA:98,0
DA:100,0
DA:102,0
DA:114,0
DA:121,0
DA:127,0
DA:129,0
LF:37
LH:0
BRDA:26,0,0,0
BRDA:51,1,0,0
BRDA:51,1,1,0
BRDA:63,2,0,0
BRDA:63,2,1,0
BRDA:85,3,0,0
BRDA:85,3,1,0
BRDA:98,4,0,0
BRDA:102,5,0,0
BRDA:102,5,1,0
BRDA:131,6,0,0
BRDA:131,6,1,0
BRF:12
BRH:0
end_of_record
TN:
SF:app/api/trading/circuit-breaker/route.ts
FN:7,getCircuitBreaker
FN:20,(anonymous_4)
FN:24,(anonymous_5)
FN:28,(anonymous_6)
FN:32,(anonymous_7)
FN:40,POST
FN:165,(anonymous_9)
FN:203,GET
FN:260,(anonymous_11)
FNF:9
FNH:0
FNDA:0,getCircuitBreaker
FNDA:0,(anonymous_4)
FNDA:0,(anonymous_5)
FNDA:0,(anonymous_6)
FNDA:0,(anonymous_7)
FNDA:0,POST
FNDA:0,(anonymous_9)
FNDA:0,GET
FNDA:0,(anonymous_11)
DA:1,0
DA:2,0
DA:5,0
DA:8,0
DA:9,0
DA:20,0
DA:21,0
DA:24,0
DA:25,0
DA:28,0
DA:29,0
DA:32,0
DA:33,0
DA:37,0
DA:40,0
DA:41,0
DA:42,0
DA:43,0
DA:45,0
DA:47,0
DA:49,0
DA:50,0
DA:51,0
DA:57,0
DA:59,0
DA:67,0
DA:69,0
DA:77,0
DA:78,0
DA:79,0
DA:85,0
DA:87,0
DA:95,0
DA:97,0
DA:98,0
DA:101,0
DA:102,0
DA:105,0
DA:106,0
DA:109,0
DA:110,0
DA:113,0
DA:130,0
DA:132,0
DA:133,0
DA:134,0
DA:135,0
DA:136,0
DA:137,0
DA:138,0
DA:139,0
DA:141,0
DA:143,0
DA:151,0
DA:153,0
DA:162,0
DA:164,0
DA:165,0
DA:166,0
DA:167,0
DA:169,0
DA:172,0
DA:178,0
DA:187,0
DA:194,0
DA:196,0
DA:203,0
DA:204,0
DA:205,0
DA:206,0
DA:208,0
DA:210,0
DA:212,0
DA:222,0
DA:229,0
DA:237,0
DA:244,0
DA:245,0
DA:247,0
DA:260,0
DA:261,0
DA:262,0
DA:263,0
DA:264,0
DA:267,0
DA:274,0
DA:289,0
DA:296,0
DA:298,0
LF:89
LH:0
BRDA:8,0,0,0
BRDA:47,1,0,0
BRDA:47,1,1,0
BRDA:47,1,2,0
BRDA:47,1,3,0
BRDA:47,1,4,0
BRDA:47,1,5,0
BRDA:47,1,6,0
BRDA:47,1,7,0
BRDA:50,2,0,0
BRDA:78,3,0,0
BRDA:97,4,0,0
BRDA:101,5,0,0
BRDA:105,6,0,0
BRDA:109,7,0,0
BRDA:133,8,0,0
BRDA:134,9,0,0
BRDA:135,10,0,0
BRDA:136,11,0,0
BRDA:137,12,0,0
BRDA:138,13,0,0
BRDA:139,14,0,0
BRDA:166,15,0,0
BRDA:198,16,0,0
BRDA:198,16,1,0
BRDA:210,17,0,0
BRDA:210,17,1,0
BRDA:210,17,2,0
BRDA:210,17,3,0
BRDA:210,17,4,0
BRDA:210,17,5,0
BRDA:210,17,6,0
BRDA:261,18,0,0
BRDA:261,18,1,0
BRDA:263,19,0,0
BRDA:283,20,0,0
BRDA:283,20,1,0
BRDA:300,21,0,0
BRDA:300,21,1,0
BRF:39
BRH:0
end_of_record
TN:
SF:app/api/trading/integration/route.ts
FN:6,createPortfolioFromBalance
FN:71,GET
FN:110,POST
FN:135,(anonymous_7)
FN:230,DELETE
FNF:5
FNH:0
FNDA:0,createPortfolioFromBalance
FNDA:0,GET
FNDA:0,POST
FNDA:0,(anonymous_7)
FNDA:0,DELETE
DA:1,0
DA:2,0
DA:7,0
DA:9,0
DA:15,0
DA:16,0
DA:19,0
DA:22,0
DA:23,0
DA:25,0
DA:26,0
DA:28,0
DA:29,0
DA:30,0
DA:33,0
DA:45,0
DA:49,0
DA:57,0
DA:60,0
DA:71,0
DA:72,0
DA:73,0
DA:74,0
DA:75,0
DA:77,0
DA:98,0
DA:99,0
DA:110,0
DA:111,0
DA:112,0
DA:113,0
DA:115,0
DA:116,0
DA:122,0
DA:124,0
DA:125,0
DA:132,0
DA:134,0
DA:135,0
DA:137,0
DA:138,0
DA:145,0
DA:146,0
DA:152,0
DA:153,0
DA:159,0
DA:160,0
DA:166,0
DA:167,0
DA:173,0
DA:177,0
DA:180,0
DA:183,0
DA:185,0
DA:198,0
DA:199,0
DA:206,0
DA:209,0
DA:211,0
DA:218,0
DA:219,0
DA:230,0
DA:231,0
DA:233,0
DA:234,0
DA:238,0
DA:246,0
DA:251,0
DA:252,0
LF:69
LH:0
BRDA:9,0,0,0
BRDA:9,0,1,0
BRDA:15,1,0,0
BRDA:28,2,0,0
BRDA:28,2,1,0
BRDA:28,3,0,0
BRDA:28,3,1,0
BRDA:30,4,0,0
BRDA:45,5,0,0
BRDA:80,6,0,0
BRDA:80,6,1,0
BRDA:84,7,0,0
BRDA:84,7,1,0
BRDA:90,8,0,0
BRDA:90,8,1,0
BRDA:91,9,0,0
BRDA:91,9,1,0
BRDA:92,10,0,0
BRDA:92,10,1,0
BRDA:115,11,0,0
BRDA:115,12,0,0
BRDA:115,12,1,0
BRDA:122,13,0,0
BRDA:122,13,1,0
BRDA:124,14,0,0
BRDA:132,15,0,0
BRDA:137,16,0,0
BRDA:145,17,0,0
BRDA:145,18,0,0
BRDA:145,18,1,0
BRDA:152,19,0,0
BRDA:152,20,0,0
BRDA:152,20,1,0
BRDA:152,20,2,0
BRDA:159,21,0,0
BRDA:159,22,0,0
BRDA:159,22,1,0
BRDA:159,22,2,0
BRDA:166,23,0,0
BRDA:166,24,0,0
BRDA:166,24,1,0
BRDA:166,24,2,0
BRDA:194,25,0,0
BRDA:194,25,1,0
BRDA:198,26,0,0
BRDA:222,27,0,0
BRDA:222,27,1,0
BRDA:233,28,0,0
BRF:48
BRH:0
end_of_record
TN:
SF:app/api/trading/integration/start/route.ts
FN:6,createPortfolioFromBalance
FN:70,POST
FNF:2
FNH:0
FNDA:0,createPortfolioFromBalance
FNDA:0,POST
DA:1,0
DA:2,0
DA:7,0
DA:9,0
DA:15,0
DA:16,0
DA:19,0
DA:22,0
DA:23,0
DA:25,0
DA:26,0
DA:28,0
DA:29,0
DA:30,0
DA:33,0
DA:45,0
DA:49,0
DA:57,0
DA:60,0
DA:70,0
DA:71,0
DA:72,0
DA:73,0
DA:76,0
DA:77,0
DA:87,0
DA:89,0
DA:91,0
DA:92,0
DA:95,0
DA:96,0
DA:100,0
DA:101,0
DA:106,0
DA:109,0
DA:112,0
DA:113,0
DA:115,0
DA:141,0
DA:142,0
LF:40
LH:0
BRDA:9,0,0,0
BRDA:9,0,1,0
BRDA:15,1,0,0
BRDA:28,2,0,0
BRDA:28,2,1,0
BRDA:28,3,0,0
BRDA:28,3,1,0
BRDA:30,4,0,0
BRDA:45,5,0,0
BRDA:76,6,0,0
BRDA:87,7,0,0
BRDA:91,8,0,0
BRDA:95,9,0,0
BRDA:100,10,0,0
BRDA:118,11,0,0
BRDA:118,11,1,0
BRDA:121,12,0,0
BRDA:121,12,1,0
BRDA:122,13,0,0
BRDA:122,13,1,0
BRDA:123,14,0,0
BRDA:123,14,1,0
BRDA:124,15,0,0
BRDA:124,15,1,0
BRDA:125,16,0,0
BRDA:125,16,1,0
BRDA:128,17,0,0
BRDA:128,17,1,0
BRDA:129,18,0,0
BRDA:129,18,1,0
BRDA:130,19,0,0
BRDA:130,19,1,0
BRDA:146,20,0,0
BRDA:146,20,1,0
BRF:34
BRH:0
end_of_record
TN:
SF:app/api/trading/integration/stop/route.ts
FN:4,POST
FNF:1
FNH:0
FNDA:0,POST
DA:1,0
DA:2,0
DA:4,0
DA:5,0
DA:7,0
DA:8,0
DA:18,0
DA:19,0
DA:22,0
DA:24,0
DA:46,0
DA:47,0
LF:12
LH:0
BRDA:7,0,0,0
BRDA:27,1,0,0
BRDA:27,1,1,0
BRDA:31,2,0,0
BRDA:31,2,1,0
BRDA:37,3,0,0
BRDA:37,3,1,0
BRDA:38,4,0,0
BRDA:38,4,1,0
BRDA:39,5,0,0
BRDA:39,5,1,0
BRDA:51,6,0,0
BRDA:51,6,1,0
BRF:13
BRH:0
end_of_record
TN:
SF:app/api/trading/monitor/route.ts
FN:7,getOrderMonitor
FN:16,(anonymous_4)
FN:21,(anonymous_5)
FN:25,(anonymous_6)
FN:29,(anonymous_7)
FN:37,POST
FN:141,GET
FN:232,(anonymous_10)
FN:233,(anonymous_11)
FN:234,(anonymous_12)
FN:235,(anonymous_13)
FNF:11
FNH:0
FNDA:0,getOrderMonitor
FNDA:0,(anonymous_4)
FNDA:0,(anonymous_5)
FNDA:0,(anonymous_6)
FNDA:0,(anonymous_7)
FNDA:0,POST
FNDA:0,GET
FNDA:0,(anonymous_10)
FNDA:0,(anonymous_11)
FNDA:0,(anonymous_12)
FNDA:0,(anonymous_13)
DA:1,0
DA:2,0
DA:5,0
DA:8,0
DA:9,0
DA:16,0
DA:17,0
DA:21,0
DA:22,0
DA:25,0
DA:26,0
DA:29,0
DA:30,0
DA:34,0
DA:37,0
DA:38,0
DA:39,0
DA:40,0
DA:42,0
DA:44,0
DA:46,0
DA:47,0
DA:54,0
DA:55,0
DA:62,0
DA:64,0
DA:65,0
DA:71,0
DA:73,0
DA:80,0
DA:82,0
DA:83,0
DA:89,0
DA:91,0
DA:100,0
DA:102,0
DA:103,0
DA:104,0
DA:105,0
DA:107,0
DA:109,0
DA:116,0
DA:118,0
DA:125,0
DA:132,0
DA:134,0
DA:141,0
DA:142,0
DA:143,0
DA:144,0
DA:145,0
DA:147,0
DA:149,0
DA:151,0
DA:160,0
DA:163,0
DA:164,0
DA:166,0
DA:169,0
DA:177,0
DA:178,0
DA:184,0
DA:186,0
DA:187,0
DA:192,0
DA:200,0
DA:201,0
DA:207,0
DA:209,0
DA:210,0
DA:218,0
DA:226,0
DA:227,0
DA:229,0
DA:232,0
DA:233,0
DA:234,0
DA:235,0
DA:239,0
DA:246,0
DA:253,0
DA:255,0
LF:82
LH:0
BRDA:8,0,0,0
BRDA:44,1,0,0
BRDA:44,1,1,0
BRDA:44,1,2,0
BRDA:44,1,3,0
BRDA:44,1,4,0
BRDA:44,1,5,0
BRDA:44,1,6,0
BRDA:64,2,0,0
BRDA:64,3,0,0
BRDA:64,3,1,0
BRDA:64,3,2,0
BRDA:64,3,3,0
BRDA:64,3,4,0
BRDA:82,4,0,0
BRDA:93,5,0,0
BRDA:93,5,1,0
BRDA:103,6,0,0
BRDA:104,7,0,0
BRDA:105,8,0,0
BRDA:136,9,0,0
BRDA:136,9,1,0
BRDA:149,10,0,0
BRDA:149,10,1,0
BRDA:149,10,2,0
BRDA:149,10,3,0
BRDA:149,10,4,0
BRDA:149,10,5,0
BRDA:163,11,0,0
BRDA:163,11,1,0
BRDA:177,12,0,0
BRDA:186,13,0,0
BRDA:186,13,1,0
BRDA:200,14,0,0
BRDA:209,15,0,0
BRDA:209,15,1,0
BRDA:214,16,0,0
BRDA:214,16,1,0
BRDA:215,17,0,0
BRDA:215,17,1,0
BRDA:257,18,0,0
BRDA:257,18,1,0
BRF:42
BRH:0
end_of_record
TN:
SF:app/api/trading/order/route.ts
FN:22,POST
FN:67,(anonymous_4)
FN:96,convertToKrakenPair
FN:118,mapOrderType
FN:129,GET
FNF:5
FNH:0
FNDA:0,POST
FNDA:0,(anonymous_4)
FNDA:0,convertToKrakenPair
FNDA:0,mapOrderType
FNDA:0,GET
DA:1,0
DA:2,0
DA:22,0
DA:23,0
DA:24,0
DA:27,0
DA:28,0
DA:35,0
DA:36,0
DA:43,0
DA:44,0
DA:50,0
DA:53,0
DA:56,0
DA:67,0
DA:68,0
DA:69,0
DA:73,0
DA:76,0
DA:78,0
DA:86,0
DA:88,0
DA:97,0
DA:115,0
DA:119,0
DA:125,0
DA:129,0
DA:130,0
DA:131,0
DA:132,0
DA:134,0
DA:135,0
DA:141,0
DA:142,0
DA:144,0
DA:150,0
DA:152,0
LF:37
LH:0
BRDA:27,0,0,0
BRDA:27,1,0,0
BRDA:27,1,1,0
BRDA:27,1,2,0
BRDA:27,1,3,0
BRDA:35,2,0,0
BRDA:35,3,0,0
BRDA:35,3,1,0
BRDA:43,4,0,0
BRDA:43,5,0,0
BRDA:43,5,1,0
BRDA:63,6,0,0
BRDA:63,6,1,0
BRDA:68,7,0,0
BRDA:90,8,0,0
BRDA:90,8,1,0
BRDA:115,9,0,0
BRDA:115,9,1,0
BRDA:125,10,0,0
BRDA:125,10,1,0
BRDA:134,11,0,0
BRDA:146,12,0,0
BRDA:146,12,1,0
BRDA:154,13,0,0
BRDA:154,13,1,0
BRF:25
BRH:0
end_of_record
TN:
SF:app/api/trading/paper/route.ts
FN:7,getPaperTradingEngine
FN:14,POST
FN:125,GET
FN:186,(anonymous_6)
FN:201,(anonymous_7)
FNF:5
FNH:0
FNDA:0,getPaperTradingEngine
FNDA:0,POST
FNDA:0,GET
FNDA:0,(anonymous_6)
FNDA:0,(anonymous_7)
DA:1,0
DA:2,0
DA:5,0
DA:8,0
DA:11,0
DA:14,0
DA:15,0
DA:16,0
DA:17,0
DA:19,0
DA:21,0
DA:23,0
DA:24,0
DA:31,0
DA:32,0
DA:39,0
DA:41,0
DA:42,0
DA:48,0
DA:57,0
DA:61,0
DA:63,0
DA:64,0
DA:70,0
DA:71,0
DA:75,0
DA:77,0
DA:78,0
DA:84,0
DA:92,0
DA:99,0
DA:100,0
DA:102,0
DA:109,0
DA:116,0
DA:118,0
DA:125,0
DA:126,0
DA:127,0
DA:128,0
DA:130,0
DA:132,0
DA:134,0
DA:142,0
DA:145,0
DA:146,0
DA:148,0
DA:151,0
DA:159,0
DA:161,0
DA:169,0
DA:171,0
DA:172,0
DA:174,0
DA:175,0
DA:180,0
DA:186,0
DA:188,0
DA:197,0
DA:201,0
DA:210,0
DA:217,0
DA:219,0
LF:63
LH:0
BRDA:8,0,0,0
BRDA:21,1,0,0
BRDA:21,1,1,0
BRDA:21,1,2,0
BRDA:21,1,3,0
BRDA:21,1,4,0
BRDA:21,1,5,0
BRDA:21,1,6,0
BRDA:41,2,0,0
BRDA:41,3,0,0
BRDA:41,3,1,0
BRDA:41,3,2,0
BRDA:41,3,3,0
BRDA:63,4,0,0
BRDA:77,5,0,0
BRDA:77,6,0,0
BRDA:77,6,1,0
BRDA:77,6,2,0
BRDA:77,6,3,0
BRDA:100,7,0,0
BRDA:100,7,1,0
BRDA:120,8,0,0
BRDA:120,8,1,0
BRDA:132,9,0,0
BRDA:132,9,1,0
BRDA:132,9,2,0
BRDA:132,9,3,0
BRDA:132,9,4,0
BRDA:132,9,5,0
BRDA:145,10,0,0
BRDA:145,10,1,0
BRDA:171,11,0,0
BRDA:171,11,1,0
BRDA:174,12,0,0
BRDA:174,12,1,0
BRDA:186,13,0,0
BRDA:186,13,1,0
BRDA:201,14,0,0
BRDA:201,14,1,0
BRDA:221,15,0,0
BRDA:221,15,1,0
BRF:41
BRH:0
end_of_record
TN:
SF:app/api/trading/positions/route.ts
FN:40,GET
FN:60,(anonymous_5)
FN:102,(anonymous_6)
FN:126,POST
FN:204,DELETE
FNF:5
FNH:0
FNDA:0,GET
FNDA:0,(anonymous_5)
FNDA:0,(anonymous_6)
FNDA:0,POST
FNDA:0,DELETE
DA:1,0
DA:2,0
DA:40,0
DA:41,0
DA:42,0
DA:43,0
DA:44,0
DA:45,0
DA:47,0
DA:49,0
DA:51,0
DA:53,0
DA:54,0
DA:55,0
DA:56,0
DA:57,0
DA:58,0
DA:60,0
DA:61,0
DA:63,0
DA:64,0
DA:65,0
DA:66,0
DA:68,0
DA:69,0
DA:72,0
DA:73,0
DA:77,0
DA:78,0
DA:79,0
DA:80,0
DA:84,0
DA:93,0
DA:101,0
DA:102,0
DA:105,0
DA:107,0
DA:109,0
DA:116,0
DA:118,0
DA:126,0
DA:127,0
DA:128,0
DA:129,0
DA:131,0
DA:132,0
DA:138,0
DA:140,0
DA:142,0
DA:143,0
DA:150,0
DA:151,0
DA:153,0
DA:154,0
DA:161,0
DA:169,0
DA:171,0
DA:180,0
DA:187,0
DA:194,0
DA:196,0
DA:204,0
DA:205,0
DA:206,0
DA:207,0
DA:209,0
DA:210,0
DA:216,0
DA:219,0
DA:221,0
DA:224,0
DA:225,0
DA:226,0
DA:234,0
DA:235,0
DA:241,0
DA:245,0
DA:252,0
DA:254,0
LF:79
LH:0
BRDA:49,0,0,0
BRDA:63,1,0,0
BRDA:63,1,1,0
BRDA:64,2,0,0
BRDA:64,2,1,0
BRDA:65,3,0,0
BRDA:65,3,1,0
BRDA:66,4,0,0
BRDA:66,4,1,0
BRDA:72,5,0,0
BRDA:77,6,0,0
BRDA:77,6,1,0
BRDA:79,7,0,0
BRDA:101,8,0,0
BRDA:120,9,0,0
BRDA:120,9,1,0
BRDA:131,10,0,0
BRDA:140,11,0,0
BRDA:140,11,1,0
BRDA:140,11,2,0
BRDA:142,12,0,0
BRDA:153,13,0,0
BRDA:163,14,0,0
BRDA:163,14,1,0
BRDA:165,15,0,0
BRDA:165,15,1,0
BRDA:198,16,0,0
BRDA:198,16,1,0
BRDA:209,17,0,0
BRDA:228,18,0,0
BRDA:228,18,1,0
BRDA:256,19,0,0
BRDA:256,19,1,0
BRF:33
BRH:0
end_of_record
TN:
SF:app/api/trends/route.ts
FN:18,GET
FN:42,generateTrendsData
FN:70,(anonymous_3)
FN:79,(anonymous_4)
FN:89,fetchRealGoogleTrends
FNF:5
FNH:0
FNDA:0,GET
FNDA:0,generateTrendsData
FNDA:0,(anonymous_3)
FNDA:0,(anonymous_4)
FNDA:0,fetchRealGoogleTrends
DA:1,0
DA:18,0
DA:19,0
DA:20,0
DA:21,0
DA:22,0
DA:24,0
DA:25,0
DA:30,0
DA:32,0
DA:34,0
DA:35,0
DA:43,0
DA:44,0
DA:47,0
DA:48,0
DA:49,0
DA:50,0
DA:53,0
DA:54,0
DA:55,0
DA:57,0
DA:64,0
DA:70,0
DA:73,0
DA:79,0
DA:81,0
DA:115,0
LF:28
LH:0
BRDA:22,0,0,0
BRDA:22,0,1,0
BRDA:24,1,0,0
BRDA:44,2,0,0
BRDA:44,2,1,0
BRDA:44,3,0,0
BRDA:44,3,1,0
BRDA:54,4,0,0
BRDA:54,4,1,0
BRF:9
BRH:0
end_of_record
TN:
SF:app/api/ws/route.ts
FN:7,GET
FNF:1
FNH:0
FNDA:0,GET
DA:3,0
DA:7,0
DA:8,0
LF:3
LH:0
BRF:0
BRH:0
end_of_record
TN:
SF:app/dashboard/page.tsx
FN:4,DashboardPage
FNF:1
FNH:0
FNDA:0,DashboardPage
DA:1,0
DA:2,0
DA:4,0
DA:5,0
LF:4
LH:0
BRF:0
BRH:0
end_of_record
TN:
SF:app/financial-excellence/page.tsx
FN:94,FinancialExcellencePage
FN:120,(anonymous_6)
FN:126,(anonymous_7)
FN:132,(anonymous_8)
FN:138,(anonymous_9)
FN:179,(anonymous_10)
FN:180,(anonymous_11)
FN:241,(anonymous_14)
FNF:8
FNH:0
FNDA:0,FinancialExcellencePage
FNDA:0,(anonymous_6)
FNDA:0,(anonymous_7)
FNDA:0,(anonymous_8)
FNDA:0,(anonymous_9)
FNDA:0,(anonymous_10)
FNDA:0,(anonymous_11)
FNDA:0,(anonymous_14)
DA:3,0
DA:4,0
DA:5,0
DA:6,0
DA:7,0
DA:8,0
DA:9,0
DA:10,0
DA:11,0
DA:12,0
DA:13,0
DA:14,0
DA:15,0
DA:16,0
DA:17,0
DA:20,0
DA:27,0
DA:38,0
DA:45,0
DA:53,0
DA:63,0
DA:88,0
DA:94,0
DA:95,0
DA:96,0
DA:97,0
DA:120,0
DA:126,0
DA:132,0
DA:138,0
DA:179,0
DA:180,0
DA:242,0
LF:33
LH:0
BRDA:97,0,0,0
BRDA:97,0,1,0
BRDA:126,1,0,0
BRDA:126,1,1,0
BRDA:132,2,0,0
BRDA:132,2,1,0
BRDA:138,3,0,0
BRDA:138,3,1,0
BRDA:191,4,0,0
BRDA:191,4,1,0
BRDA:196,5,0,0
BRDA:196,5,1,0
BRDA:208,6,0,0
BRDA:208,6,1,0
BRDA:213,7,0,0
BRDA:213,7,1,0
BRF:16
BRH:0
end_of_record
TN:
SF:app/hooks/useLiveOrderBook.ts
FN:25,useLiveOrderBook
FN:35,(anonymous_2)
FN:46,(anonymous_3)
FN:50,(anonymous_4)
FN:67,(anonymous_5)
FN:71,(anonymous_6)
FN:101,(anonymous_7)
FN:122,(anonymous_8)
FN:134,(anonymous_9)
FN:147,(anonymous_10)
FN:152,(anonymous_11)
FN:158,(anonymous_12)
FN:169,(anonymous_13)
FN:172,(anonymous_14)
FNF:14
FNH:0
FNDA:0,useLiveOrderBook
FNDA:0,(anonymous_2)
FNDA:0,(anonymous_3)
FNDA:0,(anonymous_4)
FNDA:0,(anonymous_5)
FNDA:0,(anonymous_6)
FNDA:0,(anonymous_7)
FNDA:0,(anonymous_8)
FNDA:0,(anonymous_9)
FNDA:0,(anonymous_10)
FNDA:0,(anonymous_11)
FNDA:0,(anonymous_12)
FNDA:0,(anonymous_13)
FNDA:0,(anonymous_14)
DA:3,0
DA:25,0
DA:26,0
DA:28,0
DA:29,0
DA:30,0
DA:32,0
DA:35,0
DA:36,0
DA:37,0
DA:39,0
DA:40,0
DA:43,0
DA:44,0
DA:45,0
DA:46,0
DA:50,0
DA:53,0
DA:54,0
DA:55,0
DA:64,0
DA:65,0
DA:66,0
DA:67,0
DA:71,0
DA:74,0
DA:75,0
DA:76,0
DA:85,0
DA:86,0
DA:87,0
DA:88,0
DA:90,0
DA:101,0
DA:102,0
DA:104,0
DA:108,0
DA:110,0
DA:113,0
DA:114,0
DA:115,0
DA:116,0
DA:119,0
DA:120,0
DA:122,0
DA:123,0
DA:124,0
DA:125,0
DA:128,0
DA:134,0
DA:135,0
DA:136,0
DA:138,0
DA:139,0
DA:140,0
DA:143,0
DA:147,0
DA:148,0
DA:149,0
DA:152,0
DA:153,0
DA:154,0
DA:155,0
DA:158,0
DA:159,0
DA:163,0
DA:164,0
DA:169,0
DA:170,0
DA:172,0
DA:173,0
DA:174,0
DA:175,0
DA:180,0
LF:74
LH:0
BRDA:26,0,0,0
BRDA:43,1,0,0
BRDA:43,2,0,0
BRDA:43,2,1,0
BRDA:44,3,0,0
BRDA:44,3,1,0
BRDA:44,3,2,0
BRDA:64,4,0,0
BRDA:64,5,0,0
BRDA:64,5,1,0
BRDA:65,6,0,0
BRDA:65,6,1,0
BRDA:65,6,2,0
BRDA:85,7,0,0
BRDA:85,7,1,0
BRDA:86,8,0,0
BRDA:86,8,1,0
BRDA:88,9,0,0
BRDA:88,9,1,0
BRDA:102,10,0,0
BRDA:108,11,0,0
BRDA:108,11,1,0
BRDA:113,12,0,0
BRDA:113,12,1,0
BRDA:115,13,0,0
BRDA:115,13,1,0
BRDA:138,14,0,0
BRDA:138,15,0,0
BRDA:138,15,1,0
BRDA:173,16,0,0
BRDA:184,17,0,0
BRDA:184,17,1,0
BRDA:185,18,0,0
BRDA:185,18,1,0
BRDA:186,19,0,0
BRDA:186,19,1,0
BRDA:187,20,0,0
BRDA:187,20,1,0
BRF:38
BRH:0
end_of_record
TN:
SF:app/hooks/useLivePrices.ts
FN:16,useLivePrices
FN:28,(anonymous_4)
FN:49,(anonymous_5)
FN:61,(anonymous_6)
FN:80,(anonymous_7)
FN:95,(anonymous_8)
FN:100,(anonymous_9)
FN:106,(anonymous_10)
FN:119,(anonymous_11)
FN:129,(anonymous_12)
FN:139,(anonymous_13)
FN:141,(anonymous_14)
FN:145,(anonymous_15)
FN:153,(anonymous_16)
FN:158,(anonymous_17)
FN:170,(anonymous_18)
FN:174,(anonymous_19)
FN:191,(anonymous_20)
FN:192,(anonymous_21)
FN:197,useLivePrice
FNF:20
FNH:0
FNDA:0,useLivePrices
FNDA:0,(anonymous_4)
FNDA:0,(anonymous_5)
FNDA:0,(anonymous_6)
FNDA:0,(anonymous_7)
FNDA:0,(anonymous_8)
FNDA:0,(anonymous_9)
FNDA:0,(anonymous_10)
FNDA:0,(anonymous_11)
FNDA:0,(anonymous_12)
FNDA:0,(anonymous_13)
FNDA:0,(anonymous_14)
FNDA:0,(anonymous_15)
FNDA:0,(anonymous_16)
FNDA:0,(anonymous_17)
FNDA:0,(anonymous_18)
FNDA:0,(anonymous_19)
FNDA:0,(anonymous_20)
FNDA:0,(anonymous_21)
FNDA:0,useLivePrice
DA:3,1
DA:16,1
DA:17,0
DA:19,0
DA:20,0
DA:21,0
DA:23,0
DA:24,0
DA:25,0
DA:28,0
DA:29,0
DA:31,0
DA:35,0
DA:37,0
DA:40,0
DA:41,0
DA:42,0
DA:43,0
DA:46,0
DA:47,0
DA:49,0
DA:50,0
DA:51,0
DA:52,0
DA:55,0
DA:61,0
DA:62,0
DA:63,0
DA:65,0
DA:66,0
DA:69,0
DA:75,0
DA:76,0
DA:78,0
DA:80,0
DA:81,0
DA:82,0
DA:83,0
DA:91,0
DA:95,0
DA:96,0
DA:97,0
DA:100,0
DA:101,0
DA:102,0
DA:103,0
DA:106,0
DA:107,0
DA:108,0
DA:113,0
DA:114,0
DA:119,0
DA:120,0
DA:121,0
DA:129,0
DA:130,0
DA:131,0
DA:139,0
DA:141,0
DA:142,0
DA:145,0
DA:146,0
DA:147,0
DA:154,0
DA:155,0
DA:158,0
DA:159,0
DA:160,0
DA:161,0
DA:163,0
DA:164,0
DA:170,0
DA:171,0
DA:173,0
DA:174,0
DA:175,0
DA:176,0
DA:181,0
DA:185,0
DA:191,0
DA:192,0
DA:197,1
DA:198,0
DA:199,0
LF:84
LH:3
BRDA:16,0,0,0
BRDA:17,1,0,0
BRDA:17,2,0,0
BRDA:29,3,0,0
BRDA:35,4,0,0
BRDA:35,4,1,0
BRDA:40,5,0,0
BRDA:40,5,1,0
BRDA:42,6,0,0
BRDA:42,6,1,0
BRDA:57,7,0,0
BRDA:57,7,1,0
BRDA:65,8,0,0
BRDA:65,8,1,0
BRDA:75,9,0,0
BRDA:78,10,0,0
BRDA:82,11,0,0
BRDA:107,12,0,0
BRDA:120,13,0,0
BRDA:130,14,0,0
BRDA:146,15,0,0
BRDA:154,16,0,0
BRDA:159,17,0,0
BRDA:163,18,0,0
BRDA:171,19,0,0
BRDA:171,20,0,0
BRDA:171,20,1,0
BRDA:175,21,0,0
BRDA:191,22,0,0
BRDA:191,22,1,0
BRDA:200,23,0,0
BRDA:200,23,1,0
BRF:32
BRH:0
end_of_record
TN:
SF:app/portfolio/page.tsx
FN:86,PortfolioPage
FN:96,(anonymous_5)
FN:251,(anonymous_6)
FN:276,(anonymous_7)
FN:285,(anonymous_8)
FN:289,(anonymous_9)
FN:290,(anonymous_10)
FN:296,(anonymous_11)
FN:364,(anonymous_12)
FN:397,(anonymous_13)
FN:401,(anonymous_14)
FN:403,(anonymous_15)
FN:449,(anonymous_16)
FN:451,(anonymous_17)
FN:527,(anonymous_18)
FN:530,(anonymous_19)
FN:688,(anonymous_20)
FN:787,(anonymous_21)
FN:794,(anonymous_22)
FN:995,(anonymous_23)
FNF:20
FNH:0
FNDA:0,PortfolioPage
FNDA:0,(anonymous_5)
FNDA:0,(anonymous_6)
FNDA:0,(anonymous_7)
FNDA:0,(anonymous_8)
FNDA:0,(anonymous_9)
FNDA:0,(anonymous_10)
FNDA:0,(anonymous_11)
FNDA:0,(anonymous_12)
FNDA:0,(anonymous_13)
FNDA:0,(anonymous_14)
FNDA:0,(anonymous_15)
FNDA:0,(anonymous_16)
FNDA:0,(anonymous_17)
FNDA:0,(anonymous_18)
FNDA:0,(anonymous_19)
FNDA:0,(anonymous_20)
FNDA:0,(anonymous_21)
FNDA:0,(anonymous_22)
FNDA:0,(anonymous_23)
DA:3,0
DA:4,0
DA:5,0
DA:18,0
DA:20,0
DA:86,0
DA:87,0
DA:88,0
DA:89,0
DA:90,0
DA:91,0
DA:92,0
DA:93,0
DA:96,0
DA:97,0
DA:190,0
DA:210,0
DA:250,0
DA:251,0
DA:270,0
DA:271,0
DA:272,0
DA:273,0
DA:276,0
DA:277,0
DA:285,0
DA:286,0
DA:289,0
DA:290,0
DA:291,0
DA:292,0
DA:293,0
DA:296,0
DA:297,0
DA:298,0
DA:299,0
DA:300,0
DA:303,0
DA:318,0
DA:365,0
DA:397,0
DA:398,0
DA:400,0
DA:401,0
DA:403,0
DA:417,0
DA:450,0
DA:451,0
DA:452,0
DA:453,0
DA:528,0
DA:530,0
DA:688,0
DA:788,0
DA:794,0
DA:996,0
LF:56
LH:0
BRDA:398,0,0,0
BRDA:533,1,0,0
BRDA:533,1,1,0
BRDA:534,2,0,0
BRDA:534,2,1,0
BRDA:535,3,0,0
BRDA:535,3,1,0
BRDA:550,4,0,0
BRDA:589,5,0,0
BRDA:589,5,1,0
BRDA:591,6,0,0
BRDA:591,6,1,0
BRDA:615,7,0,0
BRDA:615,7,1,0
BRDA:617,8,0,0
BRDA:617,8,1,0
BRDA:641,9,0,0
BRDA:641,9,1,0
BRDA:642,10,0,0
BRDA:642,10,1,0
BRDA:701,11,0,0
BRDA:701,11,1,0
BRDA:706,12,0,0
BRDA:794,13,0,0
BRDA:794,13,1,0
BRDA:858,14,0,0
BRDA:858,14,1,0
BRDA:861,15,0,0
BRDA:861,15,1,0
BRDA:873,16,0,0
BRDA:873,16,1,0
BRDA:875,17,0,0
BRDA:875,17,1,0
BRDA:1011,18,0,0
BRDA:1011,18,1,0
BRDA:1011,19,0,0
BRDA:1011,19,1,0
BRDA:1013,20,0,0
BRDA:1013,20,1,0
BRDA:1013,21,0,0
BRDA:1013,21,1,0
BRDA:1016,22,0,0
BRDA:1016,22,1,0
BRDA:1016,23,0,0
BRDA:1016,23,1,0
BRDA:1018,24,0,0
BRDA:1018,24,1,0
BRDA:1018,25,0,0
BRDA:1018,25,1,0
BRDA:1036,26,0,0
BRDA:1036,26,1,0
BRDA:1052,27,0,0
BRDA:1052,27,1,0
BRF:53
BRH:0
end_of_record
TN:
SF:app/risk/alerts/page.tsx
FN:35,AlertsCenterPage
FN:48,(anonymous_5)
FN:171,(anonymous_6)
FN:178,(anonymous_7)
FN:179,(anonymous_8)
FN:181,(anonymous_9)
FN:182,(anonymous_10)
FN:182,(anonymous_11)
FN:187,(anonymous_12)
FN:188,(anonymous_13)
FN:188,(anonymous_14)
FN:191,(anonymous_15)
FN:192,(anonymous_16)
FN:192,(anonymous_17)
FN:195,(anonymous_18)
FN:196,(anonymous_19)
FN:196,(anonymous_20)
FN:201,(anonymous_21)
FN:202,(anonymous_22)
FN:202,(anonymous_23)
FN:205,(anonymous_24)
FN:217,(anonymous_25)
FN:223,(anonymous_26)
FN:232,(anonymous_27)
FN:243,(anonymous_28)
FN:349,(anonymous_29)
FN:352,(anonymous_30)
FN:373,(anonymous_31)
FN:407,(anonymous_32)
FN:422,(anonymous_33)
FN:475,(anonymous_34)
FN:587,(anonymous_35)
FN:617,(anonymous_36)
FN:638,(anonymous_37)
FN:658,(anonymous_38)
FN:686,(anonymous_39)
FN:702,(anonymous_40)
FN:721,(anonymous_41)
FN:760,(anonymous_42)
FN:799,(anonymous_43)
FN:812,(anonymous_44)
FNF:41
FNH:0
FNDA:0,AlertsCenterPage
FNDA:0,(anonymous_5)
FNDA:0,(anonymous_6)
FNDA:0,(anonymous_7)
FNDA:0,(anonymous_8)
FNDA:0,(anonymous_9)
FNDA:0,(anonymous_10)
FNDA:0,(anonymous_11)
FNDA:0,(anonymous_12)
FNDA:0,(anonymous_13)
FNDA:0,(anonymous_14)
FNDA:0,(anonymous_15)
FNDA:0,(anonymous_16)
FNDA:0,(anonymous_17)
FNDA:0,(anonymous_18)
FNDA:0,(anonymous_19)
FNDA:0,(anonymous_20)
FNDA:0,(anonymous_21)
FNDA:0,(anonymous_22)
FNDA:0,(anonymous_23)
FNDA:0,(anonymous_24)
FNDA:0,(anonymous_25)
FNDA:0,(anonymous_26)
FNDA:0,(anonymous_27)
FNDA:0,(anonymous_28)
FNDA:0,(anonymous_29)
FNDA:0,(anonymous_30)
FNDA:0,(anonymous_31)
FNDA:0,(anonymous_32)
FNDA:0,(anonymous_33)
FNDA:0,(anonymous_34)
FNDA:0,(anonymous_35)
FNDA:0,(anonymous_36)
FNDA:0,(anonymous_37)
FNDA:0,(anonymous_38)
FNDA:0,(anonymous_39)
FNDA:0,(anonymous_40)
FNDA:0,(anonymous_41)
FNDA:0,(anonymous_42)
FNDA:0,(anonymous_43)
FNDA:0,(anonymous_44)
DA:3,0
DA:4,0
DA:35,0
DA:36,0
DA:37,0
DA:38,0
DA:39,0
DA:40,0
DA:41,0
DA:48,0
DA:49,0
DA:122,0
DA:167,0
DA:168,0
DA:171,0
DA:172,0
DA:173,0
DA:174,0
DA:175,0
DA:178,0
DA:179,0
DA:181,0
DA:182,0
DA:183,0
DA:187,0
DA:188,0
DA:191,0
DA:192,0
DA:195,0
DA:196,0
DA:197,0
DA:201,0
DA:202,0
DA:205,0
DA:206,0
DA:207,0
DA:217,0
DA:218,0
DA:219,0
DA:223,0
DA:224,0
DA:225,0
DA:226,0
DA:227,0
DA:228,0
DA:232,0
DA:233,0
DA:234,0
DA:235,0
DA:236,0
DA:237,0
DA:238,0
DA:239,0
DA:243,0
DA:244,0
DA:245,0
DA:246,0
DA:247,0
DA:248,0
DA:250,0
DA:251,0
DA:252,0
DA:253,0
DA:350,0
DA:352,0
DA:373,0
DA:408,0
DA:422,0
DA:476,0
DA:477,0
DA:587,0
DA:617,0
DA:638,0
DA:658,0
DA:686,0
DA:702,0
DA:722,0
DA:723,0
DA:761,0
DA:799,0
DA:812,0
LF:81
LH:0
BRDA:172,0,0,0
BRDA:172,1,0,0
BRDA:172,1,1,0
BRDA:173,2,0,0
BRDA:173,3,0,0
BRDA:173,3,1,0
BRDA:173,3,2,0
BRDA:174,4,0,0
BRDA:174,5,0,0
BRDA:174,5,1,0
BRDA:179,6,0,0
BRDA:179,6,1,0
BRDA:183,7,0,0
BRDA:183,7,1,0
BRDA:197,8,0,0
BRDA:197,8,1,0
BRDA:206,9,0,0
BRDA:206,10,0,0
BRDA:206,10,1,0
BRDA:206,10,2,0
BRDA:210,11,0,0
BRDA:210,11,1,0
BRDA:211,12,0,0
BRDA:211,12,1,0
BRDA:224,13,0,0
BRDA:224,13,1,0
BRDA:224,13,2,0
BRDA:224,13,3,0
BRDA:233,14,0,0
BRDA:233,14,1,0
BRDA:233,14,2,0
BRDA:233,14,3,0
BRDA:233,14,4,0
BRDA:233,14,5,0
BRDA:250,15,0,0
BRDA:251,16,0,0
BRDA:252,17,0,0
BRDA:295,18,0,0
BRDA:298,19,0,0
BRDA:298,19,1,0
BRDA:304,20,0,0
BRDA:304,20,1,0
BRDA:319,21,0,0
BRDA:319,21,1,0
BRDA:320,22,0,0
BRDA:320,22,1,0
BRDA:355,23,0,0
BRDA:355,23,1,0
BRDA:356,24,0,0
BRDA:356,24,1,0
BRDA:357,25,0,0
BRDA:357,25,1,0
BRDA:395,26,0,0
BRDA:395,26,1,0
BRDA:411,27,0,0
BRDA:411,27,1,0
BRDA:414,28,0,0
BRDA:414,28,1,0
BRDA:451,29,0,0
BRDA:498,30,0,0
BRDA:498,30,1,0
BRDA:504,31,0,0
BRDA:511,32,0,0
BRDA:515,33,0,0
BRDA:515,33,1,0
BRDA:515,34,0,0
BRDA:515,34,1,0
BRDA:521,35,0,0
BRDA:525,36,0,0
BRDA:525,36,1,0
BRDA:525,37,0,0
BRDA:525,37,1,0
BRDA:531,38,0,0
BRDA:536,39,0,0
BRDA:536,39,1,0
BRDA:540,40,0,0
BRDA:540,40,1,0
BRDA:548,41,0,0
BRDA:605,42,0,0
BRDA:616,43,0,0
BRDA:616,43,1,0
BRDA:685,44,0,0
BRDA:685,44,1,0
BRDA:701,45,0,0
BRDA:701,45,1,0
BRDA:739,46,0,0
BRDA:739,46,1,0
BRDA:739,46,2,0
BRDA:748,47,0,0
BRDA:748,47,1,0
BRDA:748,48,0,0
BRDA:748,48,1,0
BRDA:748,48,2,0
BRDA:749,49,0,0
BRDA:749,49,1,0
BRDA:749,50,0,0
BRDA:749,50,1,0
BRDA:749,50,2,0
BRDA:768,51,0,0
BRDA:768,51,1,0
BRDA:803,52,0,0
BRDA:803,52,1,0
BRDA:809,53,0,0
BRDA:809,53,1,0
BRDA:827,54,0,0
BRF:105
BRH:0
end_of_record
TN:
SF:app/risk/dashboard/page.tsx
FN:4,RiskDashboardPage
FNF:1
FNH:0
FNDA:0,RiskDashboardPage
DA:1,0
DA:2,0
DA:4,0
DA:5,0
LF:4
LH:0
BRF:0
BRH:0
end_of_record
TN:
SF:app/risk/pump-detector/page.tsx
FN:66,PumpDetectorPage
FN:93,(anonymous_5)
FN:99,(anonymous_6)
FN:101,(anonymous_7)
FN:106,(anonymous_8)
FN:110,(anonymous_9)
FN:122,(anonymous_10)
FN:134,(anonymous_11)
FN:146,(anonymous_12)
FN:186,(anonymous_13)
FN:207,(anonymous_14)
FN:230,(anonymous_15)
FN:231,(anonymous_16)
FN:234,(anonymous_17)
FN:239,(anonymous_18)
FN:240,(anonymous_19)
FN:244,(anonymous_20)
FN:254,(anonymous_21)
FN:264,(anonymous_22)
FN:288,(anonymous_23)
FN:294,(anonymous_24)
FN:295,(anonymous_25)
FN:304,(anonymous_26)
FN:317,(anonymous_27)
FN:318,(anonymous_28)
FN:332,(anonymous_29)
FN:354,(anonymous_30)
FN:364,(anonymous_31)
FN:371,(anonymous_32)
FN:424,(anonymous_33)
FN:432,(anonymous_34)
FN:470,(anonymous_35)
FN:522,(anonymous_36)
FN:555,(anonymous_37)
FN:574,(anonymous_38)
FN:603,(anonymous_39)
FN:620,(anonymous_40)
FN:636,(anonymous_41)
FN:664,(anonymous_42)
FN:738,(anonymous_43)
FN:738,(anonymous_44)
FN:759,(anonymous_45)
FN:759,(anonymous_46)
FN:786,(anonymous_47)
FN:786,(anonymous_48)
FN:810,(anonymous_49)
FN:810,(anonymous_50)
FN:834,(anonymous_51)
FN:834,(anonymous_52)
FN:860,(anonymous_53)
FN:860,(anonymous_54)
FN:879,(anonymous_55)
FN:882,(anonymous_56)
FN:939,(anonymous_57)
FN:947,(anonymous_58)
FN:1002,(anonymous_59)
FN:1016,(anonymous_60)
FN:1067,(anonymous_61)
FN:1092,(anonymous_62)
FN:1142,(anonymous_63)
FN:1176,(anonymous_64)
FN:1242,(anonymous_65)
FN:1260,(anonymous_66)
FN:1309,(anonymous_67)
FN:1312,(anonymous_68)
FN:1473,(anonymous_69)
FN:1540,(anonymous_70)
FN:1620,(anonymous_71)
FNF:68
FNH:0
FNDA:0,PumpDetectorPage
FNDA:0,(anonymous_5)
FNDA:0,(anonymous_6)
FNDA:0,(anonymous_7)
FNDA:0,(anonymous_8)
FNDA:0,(anonymous_9)
FNDA:0,(anonymous_10)
FNDA:0,(anonymous_11)
FNDA:0,(anonymous_12)
FNDA:0,(anonymous_13)
FNDA:0,(anonymous_14)
FNDA:0,(anonymous_15)
FNDA:0,(anonymous_16)
FNDA:0,(anonymous_17)
FNDA:0,(anonymous_18)
FNDA:0,(anonymous_19)
FNDA:0,(anonymous_20)
FNDA:0,(anonymous_21)
FNDA:0,(anonymous_22)
FNDA:0,(anonymous_23)
FNDA:0,(anonymous_24)
FNDA:0,(anonymous_25)
FNDA:0,(anonymous_26)
FNDA:0,(anonymous_27)
FNDA:0,(anonymous_28)
FNDA:0,(anonymous_29)
FNDA:0,(anonymous_30)
FNDA:0,(anonymous_31)
FNDA:0,(anonymous_32)
FNDA:0,(anonymous_33)
FNDA:0,(anonymous_34)
FNDA:0,(anonymous_35)
FNDA:0,(anonymous_36)
FNDA:0,(anonymous_37)
FNDA:0,(anonymous_38)
FNDA:0,(anonymous_39)
FNDA:0,(anonymous_40)
FNDA:0,(anonymous_41)
FNDA:0,(anonymous_42)
FNDA:0,(anonymous_43)
FNDA:0,(anonymous_44)
FNDA:0,(anonymous_45)
FNDA:0,(anonymous_46)
FNDA:0,(anonymous_47)
FNDA:0,(anonymous_48)
FNDA:0,(anonymous_49)
FNDA:0,(anonymous_50)
FNDA:0,(anonymous_51)
FNDA:0,(anonymous_52)
FNDA:0,(anonymous_53)
FNDA:0,(anonymous_54)
FNDA:0,(anonymous_55)
FNDA:0,(anonymous_56)
FNDA:0,(anonymous_57)
FNDA:0,(anonymous_58)
FNDA:0,(anonymous_59)
FNDA:0,(anonymous_60)
FNDA:0,(anonymous_61)
FNDA:0,(anonymous_62)
FNDA:0,(anonymous_63)
FNDA:0,(anonymous_64)
FNDA:0,(anonymous_65)
FNDA:0,(anonymous_66)
FNDA:0,(anonymous_67)
FNDA:0,(anonymous_68)
FNDA:0,(anonymous_69)
FNDA:0,(anonymous_70)
FNDA:0,(anonymous_71)
DA:3,0
DA:4,0
DA:66,0
DA:67,0
DA:68,0
DA:69,0
DA:70,0
DA:71,0
DA:72,0
DA:73,0
DA:74,0
DA:75,0
DA:76,0
DA:77,0
DA:78,0
DA:79,0
DA:80,0
DA:81,0
DA:91,0
DA:93,0
DA:94,0
DA:95,0
DA:96,0
DA:99,0
DA:100,0
DA:101,0
DA:102,0
DA:103,0
DA:106,0
DA:110,0
DA:111,0
DA:112,0
DA:113,0
DA:114,0
DA:115,0
DA:118,0
DA:122,0
DA:123,0
DA:124,0
DA:125,0
DA:126,0
DA:127,0
DA:130,0
DA:134,0
DA:135,0
DA:136,0
DA:137,0
DA:138,0
DA:139,0
DA:142,0
DA:146,0
DA:147,0
DA:149,0
DA:150,0
DA:164,0
DA:165,0
DA:166,0
DA:175,0
DA:176,0
DA:178,0
DA:181,0
DA:182,0
DA:186,0
DA:187,0
DA:188,0
DA:197,0
DA:198,0
DA:199,0
DA:200,0
DA:203,0
DA:207,0
DA:208,0
DA:210,0
DA:211,0
DA:220,0
DA:221,0
DA:222,0
DA:223,0
DA:226,0
DA:230,0
DA:231,0
DA:234,0
DA:239,0
DA:240,0
DA:241,0
DA:244,0
DA:245,0
DA:246,0
DA:247,0
DA:248,0
DA:249,0
DA:250,0
DA:254,0
DA:255,0
DA:256,0
DA:257,0
DA:258,0
DA:259,0
DA:260,0
DA:264,0
DA:265,0
DA:266,0
DA:267,0
DA:276,0
DA:278,0
DA:279,0
DA:282,0
DA:284,0
DA:288,0
DA:289,0
DA:290,0
DA:291,0
DA:293,0
DA:294,0
DA:295,0
DA:296,0
DA:300,0
DA:304,0
DA:305,0
DA:306,0
DA:307,0
DA:312,0
DA:313,0
DA:315,0
DA:316,0
DA:317,0
DA:318,0
DA:319,0
DA:322,0
DA:326,0
DA:328,0
DA:332,0
DA:333,0
DA:334,0
DA:344,0
DA:346,0
DA:347,0
DA:350,0
DA:354,0
DA:355,0
DA:356,0
DA:357,0
DA:358,0
DA:359,0
DA:360,0
DA:364,0
DA:365,0
DA:366,0
DA:367,0
DA:368,0
DA:371,0
DA:372,0
DA:424,0
DA:432,0
DA:470,0
DA:522,0
DA:555,0
DA:574,0
DA:603,0
DA:620,0
DA:636,0
DA:664,0
DA:738,0
DA:759,0
DA:786,0
DA:810,0
DA:834,0
DA:860,0
DA:880,0
DA:882,0
DA:940,0
DA:948,0
DA:1002,0
DA:1016,0
DA:1067,0
DA:1092,0
DA:1142,0
DA:1177,0
DA:1243,0
DA:1244,0
DA:1260,0
DA:1310,0
DA:1313,0
DA:1314,0
DA:1474,0
DA:1541,0
DA:1620,0
LF:187
LH:0
BRDA:100,0,0,0
BRDA:114,1,0,0
BRDA:126,2,0,0
BRDA:138,3,0,0
BRDA:147,4,0,0
BRDA:158,5,0,0
BRDA:158,5,1,0
BRDA:165,6,0,0
BRDA:165,6,1,0
BRDA:178,7,0,0
BRDA:178,7,1,0
BRDA:198,8,0,0
BRDA:208,9,0,0
BRDA:221,10,0,0
BRDA:233,11,0,0
BRDA:233,11,1,0
BRDA:241,12,0,0
BRDA:241,12,1,0
BRDA:245,13,0,0
BRDA:245,13,1,0
BRDA:245,13,2,0
BRDA:245,13,3,0
BRDA:245,13,4,0
BRDA:255,14,0,0
BRDA:255,14,1,0
BRDA:255,14,2,0
BRDA:255,14,3,0
BRDA:255,14,4,0
BRDA:272,15,0,0
BRDA:272,15,1,0
BRDA:272,16,0,0
BRDA:272,16,1,0
BRDA:278,17,0,0
BRDA:293,18,0,0
BRDA:309,19,0,0
BRDA:309,19,1,0
BRDA:315,20,0,0
BRDA:316,21,0,0
BRDA:316,21,1,0
BRDA:346,22,0,0
BRDA:355,23,0,0
BRDA:355,23,1,0
BRDA:355,23,2,0
BRDA:355,23,3,0
BRDA:355,23,4,0
BRDA:365,24,0,0
BRDA:366,25,0,0
BRDA:367,26,0,0
BRDA:442,27,0,0
BRDA:442,27,1,0
BRDA:443,28,0,0
BRDA:443,28,1,0
BRDA:447,29,0,0
BRDA:447,29,1,0
BRDA:461,30,0,0
BRDA:461,30,1,0
BRDA:462,31,0,0
BRDA:462,31,1,0
BRDA:466,32,0,0
BRDA:466,32,1,0
BRDA:574,33,0,0
BRDA:574,33,1,0
BRDA:584,34,0,0
BRDA:584,34,1,0
BRDA:585,35,0,0
BRDA:585,35,1,0
BRDA:589,36,0,0
BRDA:589,36,1,0
BRDA:647,37,0,0
BRDA:679,38,0,0
BRDA:885,39,0,0
BRDA:885,39,1,0
BRDA:886,40,0,0
BRDA:886,40,1,0
BRDA:911,41,0,0
BRDA:911,41,1,0
BRDA:912,42,0,0
BRDA:912,42,1,0
BRDA:961,43,0,0
BRDA:993,44,0,0
BRDA:993,44,1,0
BRDA:996,45,0,0
BRDA:996,45,1,0
BRDA:1013,46,0,0
BRDA:1013,46,1,0
BRDA:1141,47,0,0
BRDA:1141,47,1,0
BRDA:1149,48,0,0
BRDA:1181,49,0,0
BRDA:1181,49,1,0
BRDA:1183,50,0,0
BRDA:1183,50,1,0
BRDA:1186,51,0,0
BRDA:1186,51,1,0
BRDA:1188,52,0,0
BRDA:1188,52,1,0
BRDA:1205,53,0,0
BRDA:1205,53,1,0
BRDA:1207,54,0,0
BRDA:1207,54,1,0
BRDA:1230,55,0,0
BRDA:1230,55,1,0
BRDA:1282,56,0,0
BRDA:1282,56,1,0
BRDA:1318,57,0,0
BRDA:1318,57,1,0
BRDA:1320,58,0,0
BRDA:1320,58,1,0
BRDA:1323,59,0,0
BRDA:1323,59,1,0
BRDA:1325,60,0,0
BRDA:1325,60,1,0
BRDA:1328,61,0,0
BRDA:1328,61,1,0
BRDA:1330,62,0,0
BRDA:1330,62,1,0
BRDA:1368,63,0,0
BRDA:1379,64,0,0
BRDA:1378,65,0,0
BRDA:1378,65,1,0
BRDA:1546,66,0,0
BRDA:1546,66,1,0
BRDA:1549,67,0,0
BRDA:1549,67,1,0
BRDA:1566,68,0,0
BRDA:1586,69,0,0
BRDA:1594,70,0,0
BRDA:1629,71,0,0
BRDA:1629,71,1,0
BRDA:1630,72,0,0
BRDA:1630,72,1,0
BRF:131
BRH:0
end_of_record
TN:
SF:app/sentiment/page.tsx
FN:65,LiveSentimentDashboard
FN:114,(anonymous_6)
FN:119,(anonymous_7)
FN:120,(anonymous_8)
FN:144,(anonymous_9)
FN:153,(anonymous_10)
FN:155,(anonymous_11)
FN:155,(anonymous_12)
FN:165,(anonymous_13)
FN:168,(anonymous_14)
FN:170,(anonymous_15)
FN:173,(anonymous_16)
FN:179,(anonymous_17)
FN:196,(anonymous_18)
FN:207,(anonymous_19)
FN:225,(anonymous_20)
FN:226,(anonymous_21)
FN:267,(anonymous_22)
FN:270,(anonymous_23)
FN:283,(anonymous_24)
FN:291,(anonymous_25)
FN:293,(anonymous_26)
FN:296,(anonymous_27)
FN:301,(anonymous_28)
FN:301,(anonymous_29)
FN:312,(anonymous_30)
FN:320,(anonymous_31)
FN:323,(anonymous_32)
FN:328,(anonymous_33)
FN:332,(anonymous_34)
FN:340,(anonymous_35)
FN:346,(anonymous_36)
FN:354,(anonymous_37)
FN:357,(anonymous_38)
FN:362,(anonymous_39)
FN:364,(anonymous_40)
FN:366,(anonymous_41)
FN:368,(anonymous_42)
FN:370,(anonymous_43)
FN:372,(anonymous_44)
FN:380,(anonymous_45)
FN:386,(anonymous_46)
FN:400,(anonymous_47)
FN:415,(anonymous_48)
FN:436,(anonymous_49)
FN:437,(anonymous_50)
FN:447,(anonymous_51)
FN:453,(anonymous_52)
FN:461,(anonymous_53)
FN:477,(anonymous_54)
FN:490,(anonymous_55)
FN:507,(anonymous_56)
FN:527,(anonymous_57)
FN:639,(anonymous_58)
FN:682,(anonymous_59)
FN:793,(anonymous_60)
FN:816,(anonymous_61)
FN:841,(anonymous_62)
FN:864,(anonymous_63)
FN:887,(anonymous_64)
FN:922,(anonymous_65)
FN:960,(anonymous_66)
FN:960,(anonymous_67)
FN:1008,(anonymous_68)
FN:1011,(anonymous_69)
FN:1031,(anonymous_70)
FN:1112,(anonymous_71)
FN:1140,(anonymous_72)
FN:1204,(anonymous_73)
FN:1205,(anonymous_74)
FN:1206,(anonymous_75)
FN:1298,(anonymous_76)
FNF:72
FNH:0
FNDA:0,LiveSentimentDashboard
FNDA:0,(anonymous_6)
FNDA:0,(anonymous_7)
FNDA:0,(anonymous_8)
FNDA:0,(anonymous_9)
FNDA:0,(anonymous_10)
FNDA:0,(anonymous_11)
FNDA:0,(anonymous_12)
FNDA:0,(anonymous_13)
FNDA:0,(anonymous_14)
FNDA:0,(anonymous_15)
FNDA:0,(anonymous_16)
FNDA:0,(anonymous_17)
FNDA:0,(anonymous_18)
FNDA:0,(anonymous_19)
FNDA:0,(anonymous_20)
FNDA:0,(anonymous_21)
FNDA:0,(anonymous_22)
FNDA:0,(anonymous_23)
FNDA:0,(anonymous_24)
FNDA:0,(anonymous_25)
FNDA:0,(anonymous_26)
FNDA:0,(anonymous_27)
FNDA:0,(anonymous_28)
FNDA:0,(anonymous_29)
FNDA:0,(anonymous_30)
FNDA:0,(anonymous_31)
FNDA:0,(anonymous_32)
FNDA:0,(anonymous_33)
FNDA:0,(anonymous_34)
FNDA:0,(anonymous_35)
FNDA:0,(anonymous_36)
FNDA:0,(anonymous_37)
FNDA:0,(anonymous_38)
FNDA:0,(anonymous_39)
FNDA:0,(anonymous_40)
FNDA:0,(anonymous_41)
FNDA:0,(anonymous_42)
FNDA:0,(anonymous_43)
FNDA:0,(anonymous_44)
FNDA:0,(anonymous_45)
FNDA:0,(anonymous_46)
FNDA:0,(anonymous_47)
FNDA:0,(anonymous_48)
FNDA:0,(anonymous_49)
FNDA:0,(anonymous_50)
FNDA:0,(anonymous_51)
FNDA:0,(anonymous_52)
FNDA:0,(anonymous_53)
FNDA:0,(anonymous_54)
FNDA:0,(anonymous_55)
FNDA:0,(anonymous_56)
FNDA:0,(anonymous_57)
FNDA:0,(anonymous_58)
FNDA:0,(anonymous_59)
FNDA:0,(anonymous_60)
FNDA:0,(anonymous_61)
FNDA:0,(anonymous_62)
FNDA:0,(anonymous_63)
FNDA:0,(anonymous_64)
FNDA:0,(anonymous_65)
FNDA:0,(anonymous_66)
FNDA:0,(anonymous_67)
FNDA:0,(anonymous_68)
FNDA:0,(anonymous_69)
FNDA:0,(anonymous_70)
FNDA:0,(anonymous_71)
FNDA:0,(anonymous_72)
FNDA:0,(anonymous_73)
FNDA:0,(anonymous_74)
FNDA:0,(anonymous_75)
FNDA:0,(anonymous_76)
DA:3,0
DA:4,0
DA:65,0
DA:66,0
DA:67,0
DA:68,0
DA:69,0
DA:76,0
DA:77,0
DA:78,0
DA:79,0
DA:80,0
DA:81,0
DA:82,0
DA:84,0
DA:85,0
DA:86,0
DA:87,0
DA:88,0
DA:91,0
DA:108,0
DA:109,0
DA:110,0
DA:111,0
DA:114,0
DA:115,0
DA:119,0
DA:120,0
DA:121,0
DA:122,0
DA:127,0
DA:128,0
DA:129,0
DA:131,0
DA:132,0
DA:135,0
DA:136,0
DA:140,0
DA:144,0
DA:145,0
DA:146,0
DA:147,0
DA:148,0
DA:149,0
DA:151,0
DA:153,0
DA:154,0
DA:155,0
DA:156,0
DA:165,0
DA:166,0
DA:168,0
DA:169,0
DA:170,0
DA:172,0
DA:173,0
DA:178,0
DA:179,0
DA:187,0
DA:189,0
DA:190,0
DA:196,0
DA:197,0
DA:198,0
DA:199,0
DA:200,0
DA:202,0
DA:203,0
DA:204,0
DA:205,0
DA:206,0
DA:207,0
DA:208,0
DA:211,0
DA:225,0
DA:226,0
DA:227,0
DA:228,0
DA:230,0
DA:232,0
DA:244,0
DA:247,0
DA:260,0
DA:263,0
DA:267,0
DA:268,0
DA:269,0
DA:271,0
DA:273,0
DA:274,0
DA:276,0
DA:278,0
DA:280,0
DA:281,0
DA:283,0
DA:284,0
DA:285,0
DA:288,0
DA:291,0
DA:292,0
DA:293,0
DA:295,0
DA:296,0
DA:301,0
DA:312,0
DA:313,0
DA:314,0
DA:320,0
DA:321,0
DA:322,0
DA:323,0
DA:324,0
DA:328,0
DA:329,0
DA:332,0
DA:333,0
DA:334,0
DA:335,0
DA:336,0
DA:337,0
DA:340,0
DA:346,0
DA:353,0
DA:354,0
DA:357,0
DA:358,0
DA:360,0
DA:362,0
DA:364,0
DA:366,0
DA:368,0
DA:370,0
DA:372,0
DA:376,0
DA:377,0
DA:380,0
DA:381,0
DA:382,0
DA:383,0
DA:385,0
DA:386,0
DA:392,0
DA:395,0
DA:396,0
DA:400,0
DA:401,0
DA:402,0
DA:404,0
DA:405,0
DA:406,0
DA:412,0
DA:414,0
DA:415,0
DA:422,0
DA:426,0
DA:429,0
DA:430,0
DA:432,0
DA:436,0
DA:437,0
DA:447,0
DA:448,0
DA:453,0
DA:454,0
DA:455,0
DA:461,0
DA:462,0
DA:477,0
DA:490,0
DA:507,0
DA:527,0
DA:640,0
DA:682,0
DA:793,0
DA:816,0
DA:841,0
DA:864,0
DA:887,0
DA:922,0
DA:960,0
DA:961,0
DA:1008,0
DA:1011,0
DA:1032,0
DA:1113,0
DA:1141,0
DA:1204,0
DA:1206,0
DA:1207,0
DA:1211,0
DA:1213,0
DA:1299,0
LF:192
LH:0
BRDA:127,0,0,0
BRDA:127,0,1,0
BRDA:151,1,0,0
BRDA:151,2,0,0
BRDA:151,2,1,0
BRDA:156,3,0,0
BRDA:156,3,1,0
BRDA:156,3,2,0
BRDA:169,4,0,0
BRDA:172,5,0,0
BRDA:178,6,0,0
BRDA:181,7,0,0
BRDA:181,7,1,0
BRDA:181,7,2,0
BRDA:182,8,0,0
BRDA:182,8,1,0
BRDA:182,9,0,0
BRDA:182,9,1,0
BRDA:189,10,0,0
BRDA:230,11,0,0
BRDA:230,11,1,0
BRDA:242,12,0,0
BRDA:242,12,1,0
BRDA:268,13,0,0
BRDA:271,14,0,0
BRDA:271,14,1,0
BRDA:271,15,0,0
BRDA:271,15,1,0
BRDA:292,16,0,0
BRDA:295,17,0,0
BRDA:303,18,0,0
BRDA:303,18,1,0
BRDA:304,19,0,0
BRDA:304,19,1,0
BRDA:305,20,0,0
BRDA:305,20,1,0
BRDA:306,21,0,0
BRDA:306,21,1,0
BRDA:306,22,0,0
BRDA:306,22,1,0
BRDA:313,23,0,0
BRDA:322,24,0,0
BRDA:353,25,0,0
BRDA:353,25,1,0
BRDA:360,26,0,0
BRDA:360,26,1,0
BRDA:360,26,2,0
BRDA:360,26,3,0
BRDA:360,26,4,0
BRDA:360,26,5,0
BRDA:385,27,0,0
BRDA:390,28,0,0
BRDA:390,28,1,0
BRDA:405,29,0,0
BRDA:405,29,1,0
BRDA:414,30,0,0
BRDA:414,30,1,0
BRDA:422,31,0,0
BRDA:426,32,0,0
BRDA:426,32,1,0
BRDA:448,33,0,0
BRDA:454,34,0,0
BRDA:475,35,0,0
BRDA:475,35,1,0
BRDA:479,36,0,0
BRDA:479,36,1,0
BRDA:480,37,0,0
BRDA:480,37,1,0
BRDA:482,38,0,0
BRDA:482,38,1,0
BRDA:488,39,0,0
BRDA:488,39,1,0
BRDA:492,40,0,0
BRDA:492,40,1,0
BRDA:493,41,0,0
BRDA:493,41,1,0
BRDA:495,42,0,0
BRDA:495,42,1,0
BRDA:502,43,0,0
BRDA:539,44,0,0
BRDA:539,44,1,0
BRDA:540,45,0,0
BRDA:540,45,1,0
BRDA:541,46,0,0
BRDA:541,46,1,0
BRDA:544,47,0,0
BRDA:544,47,1,0
BRDA:551,48,0,0
BRDA:551,48,1,0
BRDA:552,49,0,0
BRDA:552,49,1,0
BRDA:554,50,0,0
BRDA:556,51,0,0
BRDA:556,51,1,0
BRDA:556,52,0,0
BRDA:556,52,1,0
BRDA:562,53,0,0
BRDA:562,53,1,0
BRDA:608,54,0,0
BRDA:608,54,1,0
BRDA:647,55,0,0
BRDA:647,55,1,0
BRDA:650,56,0,0
BRDA:650,56,1,0
BRDA:662,57,0,0
BRDA:662,57,1,0
BRDA:685,58,0,0
BRDA:685,58,1,0
BRDA:688,59,0,0
BRDA:688,59,1,0
BRDA:689,60,0,0
BRDA:689,60,1,0
BRDA:693,61,0,0
BRDA:693,61,1,0
BRDA:694,62,0,0
BRDA:694,62,1,0
BRDA:695,63,0,0
BRDA:695,63,1,0
BRDA:697,64,0,0
BRDA:697,64,1,0
BRDA:698,65,0,0
BRDA:698,65,1,0
BRDA:702,66,0,0
BRDA:702,66,1,0
BRDA:702,67,0,0
BRDA:702,67,1,0
BRDA:713,68,0,0
BRDA:721,69,0,0
BRDA:721,69,1,0
BRDA:722,70,0,0
BRDA:722,70,1,0
BRDA:763,71,0,0
BRDA:763,71,1,0
BRDA:771,72,0,0
BRDA:890,73,0,0
BRDA:890,73,1,0
BRDA:893,74,0,0
BRDA:893,74,1,0
BRDA:914,75,0,0
BRDA:914,75,1,0
BRDA:922,76,0,0
BRDA:922,76,1,0
BRDA:922,76,2,0
BRDA:922,76,3,0
BRDA:931,77,0,0
BRDA:945,78,0,0
BRDA:945,78,1,0
BRDA:966,79,0,0
BRDA:966,79,1,0
BRDA:978,80,0,0
BRDA:1000,81,0,0
BRDA:1000,81,1,0
BRDA:1000,82,0,0
BRDA:1000,82,1,0
BRDA:1022,83,0,0
BRDA:1028,84,0,0
BRDA:1028,84,1,0
BRDA:1039,85,0,0
BRDA:1039,85,1,0
BRDA:1040,86,0,0
BRDA:1040,86,1,0
BRDA:1041,87,0,0
BRDA:1041,87,1,0
BRDA:1053,88,0,0
BRDA:1067,89,0,0
BRDA:1067,89,1,0
BRDA:1155,90,0,0
BRDA:1196,91,0,0
BRDA:1196,91,1,0
BRDA:1204,92,0,0
BRDA:1204,92,1,0
BRDA:1207,93,0,0
BRDA:1207,93,1,0
BRDA:1218,94,0,0
BRDA:1218,94,1,0
BRDA:1222,95,0,0
BRDA:1222,95,1,0
BRDA:1237,96,0,0
BRDA:1244,97,0,0
BRDA:1315,98,0,0
BRDA:1315,98,1,0
BRDA:1316,99,0,0
BRDA:1316,99,1,0
BRDA:1327,100,0,0
BRDA:1327,100,1,0
BRDA:1340,101,0,0
BRF:186
BRH:0
end_of_record
TN:
SF:app/settings/page.tsx
FN:12,TabPanel
FN:32,SettingsPage
FN:63,(anonymous_6)
FN:72,(anonymous_7)
FN:75,(anonymous_8)
FN:80,(anonymous_9)
FN:147,(anonymous_10)
FN:150,(anonymous_11)
FN:219,(anonymous_12)
FN:231,(anonymous_13)
FN:352,(anonymous_14)
FN:385,(anonymous_15)
FN:401,(anonymous_16)
FN:433,(anonymous_17)
FN:449,(anonymous_18)
FN:558,(anonymous_19)
FN:750,(anonymous_20)
FN:786,(anonymous_21)
FN:815,(anonymous_22)
FN:846,(anonymous_23)
FN:896,(anonymous_24)
FN:928,(anonymous_25)
FNF:22
FNH:0
FNDA:0,TabPanel
FNDA:0,SettingsPage
FNDA:0,(anonymous_6)
FNDA:0,(anonymous_7)
FNDA:0,(anonymous_8)
FNDA:0,(anonymous_9)
FNDA:0,(anonymous_10)
FNDA:0,(anonymous_11)
FNDA:0,(anonymous_12)
FNDA:0,(anonymous_13)
FNDA:0,(anonymous_14)
FNDA:0,(anonymous_15)
FNDA:0,(anonymous_16)
FNDA:0,(anonymous_17)
FNDA:0,(anonymous_18)
FNDA:0,(anonymous_19)
FNDA:0,(anonymous_20)
FNDA:0,(anonymous_21)
FNDA:0,(anonymous_22)
FNDA:0,(anonymous_23)
FNDA:0,(anonymous_24)
FNDA:0,(anonymous_25)
DA:3,0
DA:4,0
DA:13,0
DA:32,0
DA:33,0
DA:34,0
DA:35,0
DA:36,0
DA:37,0
DA:38,0
DA:39,0
DA:40,0
DA:46,0
DA:52,0
DA:53,0
DA:54,0
DA:56,0
DA:63,0
DA:64,0
DA:65,0
DA:66,0
DA:67,0
DA:68,0
DA:69,0
DA:71,0
DA:72,0
DA:75,0
DA:76,0
DA:77,0
DA:79,0
DA:80,0
DA:81,0
DA:82,0
DA:84,0
DA:88,0
DA:148,0
DA:150,0
DA:219,0
DA:232,0
DA:352,0
DA:385,0
DA:401,0
DA:433,0
DA:449,0
DA:559,0
DA:750,0
DA:786,0
DA:815,0
DA:846,0
DA:897,0
DA:928,0
LF:51
LH:0
BRDA:22,0,0,0
BRDA:22,0,1,0
BRDA:82,1,0,0
BRDA:82,1,1,0
BRDA:154,2,0,0
BRDA:154,2,1,0
BRDA:155,3,0,0
BRDA:155,3,1,0
BRDA:158,4,0,0
BRDA:158,4,1,0
BRDA:161,5,0,0
BRDA:161,5,1,0
BRDA:383,6,0,0
BRDA:383,6,1,0
BRDA:414,7,0,0
BRDA:414,7,1,0
BRDA:431,8,0,0
BRDA:431,8,1,0
BRDA:462,9,0,0
BRDA:462,9,1,0
BRDA:467,10,0,0
BRDA:469,11,0,0
BRDA:469,11,1,0
BRDA:472,12,0,0
BRDA:472,12,1,0
BRDA:481,13,0,0
BRDA:481,13,1,0
BRDA:486,14,0,0
BRDA:486,14,1,0
BRDA:500,15,0,0
BRDA:500,15,1,0
BRDA:509,16,0,0
BRDA:509,16,1,0
BRDA:509,17,0,0
BRDA:509,17,1,0
BRDA:510,18,0,0
BRDA:510,18,1,0
BRDA:510,19,0,0
BRDA:510,19,1,0
BRDA:520,20,0,0
BRDA:520,20,1,0
BRDA:530,21,0,0
BRDA:530,21,1,0
BRDA:564,22,0,0
BRDA:564,22,1,0
BRDA:910,23,0,0
BRDA:910,23,1,0
BRDA:911,24,0,0
BRDA:911,24,1,0
BRDA:912,25,0,0
BRDA:912,25,1,0
BRDA:913,26,0,0
BRDA:913,26,1,0
BRDA:919,27,0,0
BRDA:919,27,1,0
BRDA:920,28,0,0
BRDA:920,28,1,0
BRDA:921,29,0,0
BRDA:921,29,1,0
BRDA:922,30,0,0
BRDA:922,30,1,0
BRDA:972,31,0,0
BRDA:972,31,1,0
BRDA:982,32,0,0
BRDA:982,32,1,0
BRF:65
BRH:0
end_of_record
TN:
SF:app/strategies/page.tsx
FN:187,StrategiesPage
FN:217,(anonymous_5)
FN:223,(anonymous_6)
FN:233,(anonymous_7)
FN:244,(anonymous_8)
FN:253,(anonymous_9)
FN:258,(anonymous_10)
FN:259,(anonymous_11)
FN:260,(anonymous_12)
FN:266,(anonymous_13)
FN:267,(anonymous_14)
FN:267,(anonymous_15)
FN:273,(anonymous_16)
FN:279,(anonymous_17)
FN:285,(anonymous_18)
FN:315,(anonymous_19)
FN:327,(anonymous_20)
FN:328,(anonymous_21)
FN:343,(anonymous_22)
FN:344,(anonymous_23)
FN:346,(anonymous_24)
FN:347,(anonymous_25)
FN:398,(anonymous_26)
FN:401,(anonymous_27)
FN:422,(anonymous_28)
FN:632,(anonymous_29)
FN:653,(anonymous_30)
FN:676,(anonymous_31)
FN:679,(anonymous_32)
FN:838,(anonymous_33)
FN:861,(anonymous_34)
FN:944,(anonymous_35)
FN:981,(anonymous_36)
FN:984,(anonymous_37)
FN:1020,(anonymous_38)
FN:1189,(anonymous_39)
FN:1226,(anonymous_40)
FN:1228,(anonymous_41)
FN:1248,(anonymous_42)
FN:1250,(anonymous_43)
FN:1319,(anonymous_44)
FN:1416,(anonymous_45)
FN:1502,(anonymous_46)
FN:1524,(anonymous_47)
FN:1539,(anonymous_48)
FN:1620,(anonymous_49)
FN:1641,(anonymous_50)
FNF:47
FNH:0
FNDA:0,StrategiesPage
FNDA:0,(anonymous_5)
FNDA:0,(anonymous_6)
FNDA:0,(anonymous_7)
FNDA:0,(anonymous_8)
FNDA:0,(anonymous_9)
[...]
FNDA:55,(anonymous_19)
FNDA:33,(anonymous_20)
FNDA:55,(anonymous_21)
FNDA:24,(anonymous_22)
FNDA:48,(anonymous_23)
FNDA:3,(anonymous_24)
FNDA:6,(anonymous_25)
DA:46,40
DA:48,41
DA:49,41
DA:52,41
DA:72,25
DA:74,25
DA:75,1
DA:76,1
DA:80,24
DA:83,24
DA:84,24
DA:85,24
DA:93,24
DA:95,24
DA:99,0
DA:103,5
DA:104,5
DA:107,15
DA:110,26
DA:112,5
DA:114,28
DA:115,83
DA:116,68
DA:118,28
DA:119,24
DA:121,24
DA:128,24
DA:129,24
DA:134,24
DA:136,5
DA:140,29
DA:144,8
DA:145,1
DA:149,7
DA:150,1
DA:154,6
DA:155,1
DA:158,5
DA:162,15
DA:176,15
DA:183,7
DA:184,3
DA:187,4
DA:188,4
DA:189,4
DA:192,4
DA:196,2
DA:197,2
DA:199,2
DA:200,3
DA:201,2
DA:203,2
DA:204,1
DA:206,1
DA:210,2
DA:214,53
DA:216,150
DA:217,3
DA:218,3
DA:219,2
DA:224,148
DA:225,3
DA:226,3
DA:227,2
DA:232,146
DA:233,3
DA:234,3
DA:235,1
DA:240,145
DA:241,145
DA:242,8
DA:243,1
DA:245,7
DA:246,1
DA:251,143
DA:253,143
DA:254,97
DA:255,3
DA:260,140
DA:261,2
DA:265,138
DA:273,24
DA:274,55
DA:277,55
DA:278,55
DA:279,6
DA:280,6
DA:286,55
DA:287,18
DA:293,55
DA:294,55
DA:295,55
DA:296,55
DA:299,55
DA:300,6
DA:303,49
DA:306,55
DA:310,33
DA:314,55
DA:315,3
DA:316,51
DA:317,0
DA:318,1
DA:319,0
DA:324,24
DA:327,24
DA:328,24
DA:329,2
DA:333,24
DA:334,18
DA:338,24
DA:339,0
DA:343,24
DA:345,24
DA:349,48
DA:350,34
DA:353,48
DA:354,48
DA:357,48
DA:358,48
DA:359,4
DA:370,3
DA:371,3
DA:373,3
DA:374,6
DA:375,6
DA:378,3
DA:379,3
DA:382,3
DA:383,6
DA:384,3
DA:386,3
DA:396,1
LF:133
LH:129
BRDA:74,0,0,1
BRDA:84,1,0,24
BRDA:118,2,0,24
BRDA:144,3,0,1
BRDA:149,4,0,1
BRDA:154,5,0,1
BRDA:154,6,0,6
BRDA:154,6,1,0
BRDA:162,7,0,15
BRDA:162,7,1,14
BRDA:183,8,0,3
BRDA:184,9,0,3
BRDA:184,9,1,2
BRDA:203,10,0,1
BRDA:203,10,1,1
BRDA:216,11,0,3
BRDA:218,12,0,2
BRDA:218,13,0,3
BRDA:218,13,1,3
BRDA:224,14,0,3
BRDA:226,15,0,2
BRDA:226,16,0,3
BRDA:226,16,1,3
BRDA:232,17,0,3
BRDA:234,18,0,1
BRDA:234,19,0,3
BRDA:234,19,1,3
BRDA:241,20,0,8
BRDA:241,21,0,145
BRDA:241,21,1,8
BRDA:242,22,0,1
BRDA:245,23,0,1
BRDA:251,24,0,143
BRDA:253,25,0,97
BRDA:253,26,0,143
BRDA:253,26,1,97
BRDA:254,27,0,3
BRDA:260,28,0,2
BRDA:260,29,0,140
BRDA:260,29,1,3
BRDA:278,30,0,6
BRDA:278,30,1,49
BRDA:286,31,0,18
BRDA:286,31,1,37
BRDA:293,32,0,55
BRDA:293,32,1,0
BRDA:299,33,0,6
BRDA:299,33,1,49
BRDA:314,34,0,3
BRDA:314,34,1,51
BRDA:314,34,2,0
BRDA:314,34,3,1
BRDA:314,34,4,0
BRDA:328,35,0,2
BRDA:328,36,0,24
BRDA:328,36,1,4
BRDA:333,37,0,18
BRDA:338,38,0,0
BRDA:338,39,0,24
BRDA:338,39,1,1
BRDA:349,40,0,34
BRDA:358,41,0,4
BRDA:379,42,0,2
BRDA:379,42,1,1
BRDA:390,43,0,1
BRDA:390,43,1,2
BRF:66
BRH:61
end_of_record
TN:
SF:lib/trading/strategies/defaults.ts
FN:204,getStrategyForCondition
FN:231,createCustomStrategy
FNF:2
FNH:0
FNDA:0,getStrategyForCondition
FNDA:0,createCustomStrategy
DA:14,0
DA:56,0
DA:102,0
DA:149,0
DA:194,0
DA:204,0
DA:210,0
DA:211,0
DA:215,0
DA:216,0
DA:220,0
DA:221,0
DA:225,0
DA:231,0
DA:235,0
LF:15
LH:0
BRDA:210,0,0,0
BRDA:210,1,0,0
BRDA:210,1,1,0
BRDA:215,2,0,0
BRDA:215,3,0,0
BRDA:215,3,1,0
BRDA:220,4,0,0
BRDA:220,5,0,0
BRDA:220,5,1,0
BRF:9
BRH:0
end_of_record
TN:
SF:lib/trading/strategies/index.ts
FNF:0
FNH:0
DA:7,0
DA:8,0
DA:9,0
DA:10,0
DA:11,0
DA:12,0
DA:13,0
DA:14,0
LF:8
LH:0
BRF:0
BRH:0
end_of_record
TN:
SF:lib/utils/api-errors.ts
FN:4,(anonymous_5)
FN:14,handleApiError
FN:81,createApiResponse
FN:94,validateRequiredParams
FN:98,(anonymous_9)
FNF:5
FNH:0
FNDA:0,(anonymous_5)
FNDA:0,handleApiError
FNDA:0,createApiResponse
FNDA:0,validateRequiredParams
FNDA:0,(anonymous_9)
DA:1,0
DA:3,0
DA:6,0
DA:7,0
DA:9,0
DA:10,0
DA:14,0
DA:15,0
DA:18,0
DA:19,0
DA:21,0
DA:25,0
DA:26,0
DA:36,0
DA:38,0
DA:39,0
DA:49,0
DA:50,0
DA:61,0
DA:72,0
DA:81,0
DA:88,0
DA:94,0
DA:98,0
DA:99,0
DA:100,0
LF:26
LH:0
BRDA:6,0,0,0
BRDA:15,1,0,0
BRDA:15,1,1,0
BRDA:18,2,0,0
BRDA:18,2,1,0
BRDA:25,3,0,0
BRDA:36,4,0,0
BRDA:38,5,0,0
BRDA:49,6,0,0
BRDA:64,7,0,0
BRDA:64,7,1,0
BRDA:89,8,0,0
BRDA:89,8,1,0
BRDA:99,9,0,0
BRF:14
BRH:0
end_of_record
TN:
SF:lib/utils/formatters.ts
FN:5,(anonymous_7)
FN:16,(anonymous_8)
FN:25,(anonymous_9)
FN:36,(anonymous_10)
FN:43,(anonymous_11)
FN:47,(anonymous_12)
FNF:6
FNH:6
FNDA:13,(anonymous_7)
FNDA:11,(anonymous_8)
FNDA:9,(anonymous_9)
FNDA:14,(anonymous_10)
FNDA:11,(anonymous_11)
FNDA:16,(anonymous_12)
DA:5,13
DA:6,13
DA:8,13
DA:10,10
DA:11,7
DA:12,4
DA:13,3
DA:16,11
DA:17,11
DA:25,9
DA:26,9
DA:28,9
DA:30,7
DA:31,4
DA:32,3
DA:33,2
DA:36,14
DA:37,14
DA:38,12
DA:39,8
DA:40,4
DA:43,11
DA:44,11
DA:47,16
DA:48,16
DA:49,16
LF:26
LH:26
BRDA:6,0,0,5
BRDA:6,0,1,8
BRDA:8,1,0,3
BRDA:10,2,0,3
BRDA:11,3,0,3
BRDA:12,4,0,1
BRDA:16,5,0,8
BRDA:21,6,0,4
BRDA:21,6,1,7
BRDA:26,7,0,3
BRDA:26,7,1,6
BRDA:28,8,0,2
BRDA:30,9,0,3
BRDA:31,10,0,1
BRDA:32,11,0,1
BRDA:37,12,0,2
BRDA:38,13,0,4
BRDA:39,14,0,4
BRDA:43,15,0,7
BRDA:48,16,0,6
BRDA:48,16,1,10
BRDA:48,17,0,6
BRDA:48,17,1,4
BRF:23
BRH:23
end_of_record
TN:
SF:services/ApiService.ts
FN:10,(anonymous_2)
FN:15,(anonymous_3)
FN:29,(anonymous_4)
FN:31,(anonymous_5)
FN:45,(anonymous_6)
FN:55,(anonymous_7)
FNF:6
FNH:0
FNDA:0,(anonymous_2)
FNDA:0,(anonymous_3)
FNDA:0,(anonymous_4)
FNDA:0,(anonymous_5)
FNDA:0,(anonymous_6)
FNDA:0,(anonymous_7)
DA:1,0
DA:3,0
DA:4,0
DA:5,0
DA:11,0
DA:12,0
DA:16,0
DA:17,0
DA:19,0
DA:20,0
DA:21,0
DA:22,0
DA:26,0
DA:30,0
DA:31,0
DA:32,0
DA:33,0
DA:37,0
DA:38,0
DA:39,0
DA:42,0
DA:46,0
DA:47,0
DA:50,0
DA:51,0
DA:53,0
DA:54,0
DA:55,0
DA:56,0
DA:57,0
DA:61,0
DA:63,0
DA:73,0
DA:74,0
DA:77,0
LF:35
LH:0
BRDA:11,0,0,0
BRDA:11,0,1,0
BRDA:12,1,0,0
BRDA:12,1,1,0
BRDA:16,2,0,0
BRDA:29,3,0,0
BRDA:32,4,0,0
BRDA:38,5,0,0
BRDA:46,6,0,0
BRDA:46,7,0,0
BRDA:46,7,1,0
BRDA:56,8,0,0
BRDA:73,9,0,0
BRF:13
BRH:0
end_of_record
TN:
SF:services/KrakenService.ts
FN:22,(anonymous_3)
FN:26,(anonymous_4)
FN:30,(anonymous_5)
FN:35,(anonymous_6)
FN:39,(anonymous_7)
FN:46,(anonymous_8)
FN:50,(anonymous_9)
FN:54,(anonymous_10)
FN:58,(anonymous_11)
FN:62,(anonymous_12)
FN:66,(anonymous_13)
FN:73,(anonymous_14)
FN:78,(anonymous_15)
FN:82,(anonymous_16)
FN:86,(anonymous_17)
FN:92,(anonymous_18)
FN:106,(anonymous_19)
FN:110,(anonymous_20)
FN:120,(anonymous_21)
FN:124,(anonymous_22)
FN:128,(anonymous_23)
FN:142,(anonymous_24)
FN:146,(anonymous_25)
FN:151,(anonymous_26)
FN:175,(anonymous_27)
FN:182,(anonymous_28)
FN:186,(anonymous_29)
FN:194,(anonymous_30)
FN:208,(anonymous_31)
FN:212,(anonymous_32)
FN:216,(anonymous_33)
FN:220,(anonymous_34)
FN:224,(anonymous_35)
FN:228,(anonymous_36)
FN:232,(anonymous_37)
FN:236,(anonymous_38)
FNF:36
FNH:0
FNDA:0,(anonymous_3)
FNDA:0,(anonymous_4)
FNDA:0,(anonymous_5)
FNDA:0,(anonymous_6)
FNDA:0,(anonymous_7)
FNDA:0,(anonymous_8)
FNDA:0,(anonymous_9)
FNDA:0,(anonymous_10)
FNDA:0,(anonymous_11)
FNDA:0,(anonymous_12)
FNDA:0,(anonymous_13)
FNDA:0,(anonymous_14)
FNDA:0,(anonymous_15)
FNDA:0,(anonymous_16)
FNDA:0,(anonymous_17)
FNDA:0,(anonymous_18)
FNDA:0,(anonymous_19)
FNDA:0,(anonymous_20)
FNDA:0,(anonymous_21)
FNDA:0,(anonymous_22)
FNDA:0,(anonymous_23)
FNDA:0,(anonymous_24)
FNDA:0,(anonymous_25)
FNDA:0,(anonymous_26)
FNDA:0,(anonymous_27)
FNDA:0,(anonymous_28)
FNDA:0,(anonymous_29)
FNDA:0,(anonymous_30)
FNDA:0,(anonymous_31)
FNDA:0,(anonymous_32)
FNDA:0,(anonymous_33)
FNDA:0,(anonymous_34)
FNDA:0,(anonymous_35)
FNDA:0,(anonymous_36)
FNDA:0,(anonymous_37)
FNDA:0,(anonymous_38)
DA:17,0
DA:19,0
DA:23,0
DA:27,0
DA:31,0
DA:36,0
DA:43,0
DA:47,0
DA:51,0
DA:55,0
DA:59,0
DA:63,0
DA:70,0
DA:74,0
DA:79,0
DA:83,0
DA:89,0
DA:103,0
DA:107,0
DA:117,0
DA:121,0
DA:125,0
DA:139,0
DA:143,0
DA:147,0
DA:172,0
DA:179,0
DA:183,0
DA:190,0
DA:195,0
DA:209,0
DA:213,0
DA:217,0
DA:221,0
DA:225,0
DA:229,0
DA:233,0
DA:237,0
DA:238,0
DA:251,0
DA:258,0
DA:270,0
LF:42
LH:0
BRDA:47,0,0,0
BRDA:47,0,1,0
BRDA:51,1,0,0
BRDA:51,1,1,0
BRDA:83,2,0,0
BRDA:83,2,1,0
BRDA:147,3,0,0
BRDA:147,3,1,0
BRDA:232,4,0,0
BRDA:246,5,0,0
BRDA:246,5,1,0
BRDA:247,6,0,0
BRDA:247,6,1,0
BRDA:248,7,0,0
BRDA:248,7,1,0
BRF:15
BRH:0
end_of_record
TN:
SF:services/PortfolioService.ts
FN:5,(anonymous_1)
FN:17,(anonymous_2)
FN:33,(anonymous_3)
FN:37,(anonymous_4)
FNF:4
FNH:0
FNDA:0,(anonymous_1)
FNDA:0,(anonymous_2)
FNDA:0,(anonymous_3)
FNDA:0,(anonymous_4)
DA:1,0
DA:2,0
DA:3,0
DA:6,0
DA:8,0
DA:9,0
DA:10,0
DA:12,0
DA:13,0
DA:18,0
DA:19,0
DA:20,0
DA:21,0
DA:24,0
DA:25,0
DA:26,0
DA:28,0
DA:29,0
DA:34,0
DA:38,0
LF:20
LH:0
BRDA:6,0,0,0
BRDA:19,1,0,0
BRDA:19,1,1,0
BRDA:20,2,0,0
BRF:4
BRH:0
end_of_record
TN:
SF:services/SettingsService.ts
FN:36,(anonymous_1)
FN:40,(anonymous_2)
FN:53,(anonymous_3)
FN:61,(anonymous_4)
FN:65,(anonymous_5)
FN:69,(anonymous_6)
FN:73,(anonymous_7)
FN:78,(anonymous_8)
FN:83,(anonymous_9)
FN:88,(anonymous_10)
FNF:10
FNH:0
FNDA:0,(anonymous_1)
FNDA:0,(anonymous_2)
FNDA:0,(anonymous_3)
FNDA:0,(anonymous_4)
FNDA:0,(anonymous_5)
FNDA:0,(anonymous_6)
FNDA:0,(anonymous_7)
FNDA:0,(anonymous_8)
FNDA:0,(anonymous_9)
FNDA:0,(anonymous_10)
DA:8,0
DA:10,0
DA:33,0
DA:37,0
DA:41,0
DA:42,0
DA:43,0
DA:44,0
DA:46,0
DA:48,0
DA:49,0
DA:54,0
DA:55,0
DA:57,0
DA:62,0
DA:66,0
DA:70,0
DA:74,0
DA:75,0
DA:79,0
DA:80,0
DA:84,0
DA:85,0
DA:89,0
DA:91,0
DA:93,0
DA:94,0
LF:27
LH:0
BRDA:14,0,0,0
BRDA:14,0,1,0
BRDA:15,1,0,0
BRDA:15,1,1,0
BRDA:43,2,0,0
BRF:5
BRH:0
end_of_record
TN:
SF:services/WebSocketService.ts
FN:198,(anonymous_1)
FN:377,(anonymous_2)
FN:412,(anonymous_3)
FN:420,(anonymous_4)
FN:200,(anonymous_5)
FN:209,(anonymous_6)
FN:228,(anonymous_7)
FN:240,(anonymous_8)
FN:241,(anonymous_9)
FN:246,(anonymous_10)
FN:250,(anonymous_11)
FN:259,(anonymous_12)
FN:263,(anonymous_13)
FN:264,(anonymous_14)
FN:277,(anonymous_15)
FN:278,(anonymous_16)
FN:291,(anonymous_17)
FN:303,(anonymous_18)
FN:304,(anonymous_19)
FN:313,(anonymous_20)
FN:330,(anonymous_21)
FN:350,(anonymous_22)
FN:427,(anonymous_23)
FN:437,(anonymous_24)
FN:448,(anonymous_25)
FN:452,(anonymous_26)
FN:458,(anonymous_27)
FN:460,(anonymous_28)
FN:468,(anonymous_29)
FN:479,(anonymous_30)
FN:494,(anonymous_31)
FN:513,(anonymous_32)
FN:543,(anonymous_33)
FN:547,(anonymous_34)
FN:557,(anonymous_35)
FN:572,(anonymous_36)
FN:577,(anonymous_37)
FN:581,(anonymous_38)
FN:587,(anonymous_39)
FN:590,(anonymous_40)
FN:601,(anonymous_41)
FN:615,(anonymous_42)
FN:617,(anonymous_43)
FN:627,(anonymous_44)
FN:643,(anonymous_45)
FN:644,(anonymous_46)
FN:649,(anonymous_47)
FN:665,(anonymous_48)
FN:682,(anonymous_49)
FN:689,(anonymous_50)
FN:698,(anonymous_51)
FN:703,(anonymous_52)
FN:704,(anonymous_53)
FN:713,(anonymous_54)
FN:731,(anonymous_55)
FN:732,(anonymous_56)
FN:746,(anonymous_57)
FN:751,(anonymous_58)
FN:769,(anonymous_59)
FN:770,(anonymous_60)
FN:786,(anonymous_61)
FN:791,(anonymous_62)
FN:812,(anonymous_63)
FN:813,(anonymous_64)
FN:827,(anonymous_65)
FN:840,(anonymous_66)
FN:857,(anonymous_67)
FN:858,(anonymous_68)
FN:893,(anonymous_69)
FN:919,(anonymous_70)
FN:936,(anonymous_71)
FN:959,(anonymous_72)
FN:960,(anonymous_73)
FN:974,(anonymous_74)
FN:1001,(anonymous_75)
FN:1006,(anonymous_76)
FN:1028,(anonymous_77)
FN:1029,(anonymous_78)
FN:1055,(anonymous_79)
FN:1060,(anonymous_80)
FN:1078,(anonymous_81)
FN:1097,(anonymous_82)
FN:1109,(anonymous_83)
FN:1130,(anonymous_84)
FN:1135,(anonymous_85)
FN:1155,(anonymous_86)
FN:1160,(anonymous_87)
FN:1164,(anonymous_88)
FN:1171,(anonymous_89)
FN:1189,(anonymous_90)
FN:1193,(anonymous_91)
FN:1199,(anonymous_92)
FN:1221,(anonymous_93)
FN:1242,(anonymous_94)
FN:1247,(anonymous_95)
FN:1266,(anonymous_96)
FN:1271,(anonymous_97)
FN:1282,(anonymous_98)
FNF:98
FNH:0
FNDA:0,(anonymous_1)
FNDA:0,(anonymous_2)
FNDA:0,(anonymous_3)
FNDA:0,(anonymous_4)
FNDA:0,(anonymous_5)
FNDA:0,(anonymous_6)
FNDA:0,(anonymous_7)
FNDA:0,(anonymous_8)
FNDA:0,(anonymous_9)
FNDA:0,(anonymous_10)
FNDA:0,(anonymous_11)
FNDA:0,(anonymous_12)
FNDA:0,(anonymous_13)
FNDA:0,(anonymous_14)
FNDA:0,(anonymous_15)
FNDA:0,(anonymous_16)
FNDA:0,(anonymous_17)
FNDA:0,(anonymous_18)
FNDA:0,(anonymous_19)
FNDA:0,(anonymous_20)
FNDA:0,(anonymous_21)
FNDA:0,(anonymous_22)
FNDA:0,(anonymous_23)
FNDA:0,(anonymous_24)
FNDA:0,(anonymous_25)
FNDA:0,(anonymous_26)
FNDA:0,(anonymous_27)
FNDA:0,(anonymous_28)
FNDA:0,(anonymous_29)
FNDA:0,(anonymous_30)
FNDA:0,(anonymous_31)
FNDA:0,(anonymous_32)
FNDA:0,(anonymous_33)
FNDA:0,(anonymous_34)
FNDA:0,(anonymous_35)
FNDA:0,(anonymous_36)
FNDA:0,(anonymous_37)
FNDA:0,(anonymous_38)
FNDA:0,(anonymous_39)
FNDA:0,(anonymous_40)
FNDA:0,(anonymous_41)
FNDA:0,(anonymous_42)
FNDA:0,(anonymous_43)
FNDA:0,(anonymous_44)
FNDA:0,(anonymous_45)
FNDA:0,(anonymous_46)
FNDA:0,(anonymous_47)
FNDA:0,(anonymous_48)
FNDA:0,(anonymous_49)
FNDA:0,(anonymous_50)
FNDA:0,(anonymous_51)
FNDA:0,(anonymous_52)
FNDA:0,(anonymous_53)
FNDA:0,(anonymous_54)
FNDA:0,(anonymous_55)
FNDA:0,(anonymous_56)
FNDA:0,(anonymous_57)
FNDA:0,(anonymous_58)
FNDA:0,(anonymous_59)
FNDA:0,(anonymous_60)
FNDA:0,(anonymous_61)
FNDA:0,(anonymous_62)
FNDA:0,(anonymous_63)
FNDA:0,(anonymous_64)
FNDA:0,(anonymous_65)
FNDA:0,(anonymous_66)
FNDA:0,(anonymous_67)
FNDA:0,(anonymous_68)
FNDA:0,(anonymous_69)
FNDA:0,(anonymous_70)
FNDA:0,(anonymous_71)
FNDA:0,(anonymous_72)
FNDA:0,(anonymous_73)
FNDA:0,(anonymous_74)
FNDA:0,(anonymous_75)
FNDA:0,(anonymous_76)
FNDA:0,(anonymous_77)
FNDA:0,(anonymous_78)
FNDA:0,(anonymous_79)
FNDA:0,(anonymous_80)
FNDA:0,(anonymous_81)
FNDA:0,(anonymous_82)
FNDA:0,(anonymous_83)
FNDA:0,(anonymous_84)
FNDA:0,(anonymous_85)
FNDA:0,(anonymous_86)
FNDA:0,(anonymous_87)
FNDA:0,(anonymous_88)
FNDA:0,(anonymous_89)
FNDA:0,(anonymous_90)
FNDA:0,(anonymous_91)
FNDA:0,(anonymous_92)
FNDA:0,(anonymous_93)
FNDA:0,(anonymous_94)
FNDA:0,(anonymous_95)
FNDA:0,(anonymous_96)
FNDA:0,(anonymous_97)
FNDA:0,(anonymous_98)
DA:1,0
DA:3,0
DA:171,0
DA:172,0
DA:173,0
DA:174,0
DA:175,0
DA:177,0
DA:178,0
DA:179,0
DA:180,0
DA:181,0
DA:182,0
DA:183,0
DA:184,0
DA:185,0
DA:186,0
DA:187,0
DA:189,0
DA:190,0
DA:191,0
DA:192,0
DA:193,0
DA:194,0
DA:195,0
DA:196,0
DA:199,0
DA:200,0
DA:201,0
DA:202,0
DA:210,0
DA:211,0
DA:214,0
DA:215,0
DA:216,0
DA:217,0
DA:218,0
DA:219,0
DA:221,0
DA:225,0
DA:230,0
DA:231,0
DA:235,0
DA:236,0
DA:240,0
DA:241,0
DA:242,0
DA:245,0
DA:247,0
DA:248,0
DA:251,0
DA:252,0
DA:256,0
DA:261,0
DA:262,0
DA:263,0
DA:264,0
DA:265,0
DA:266,0
DA:267,0
DA:269,0
DA:276,0
DA:277,0
DA:278,0
DA:279,0
DA:280,0
DA:281,0
DA:288,0
DA:289,0
DA:290,0
DA:291,0
DA:294,0
DA:295,0
DA:297,0
DA:298,0
DA:301,0
DA:303,0
DA:304,0
DA:305,0
DA:306,0
DA:307,0
DA:308,0
DA:309,0
DA:313,0
DA:314,0
DA:315,0
DA:316,0
DA:317,0
DA:318,0
DA:319,0
DA:322,0
DA:325,0
DA:327,0
DA:330,0
DA:331,0
DA:332,0
DA:335,0
DA:336,0
DA:337,0
DA:340,0
DA:344,0
DA:345,0
DA:346,0
DA:347,0
DA:350,0
DA:351,0
DA:352,0
DA:353,0
DA:355,0
DA:356,0
DA:357,0
DA:360,0
DA:364,0
DA:365,0
DA:368,0
DA:371,0
DA:372,0
DA:373,0
DA:377,0
DA:378,0
DA:379,0
DA:380,0
DA:383,0
DA:384,0
DA:385,0
DA:386,0
DA:388,0
DA:389,0
DA:392,0
DA:393,0
DA:394,0
DA:395,0
DA:399,0
DA:403,0
DA:404,0
DA:410,0
DA:411,0
DA:412,0
DA:414,0
DA:418,0
DA:419,0
DA:420,0
DA:423,0
DA:429,0
DA:430,0
DA:431,0
DA:434,0
DA:435,0
DA:436,0
DA:437,0
DA:438,0
DA:440,0
DA:441,0
DA:442,0
DA:443,0
DA:444,0
DA:449,0
DA:452,0
DA:453,0
DA:454,0
DA:455,0
DA:458,0
DA:459,0
DA:460,0
DA:461,0
DA:469,0
DA:470,0
DA:471,0
DA:473,0
DA:474,0
DA:475,0
DA:480,0
DA:481,0
DA:482,0
DA:485,0
DA:486,0
DA:495,0
DA:496,0
DA:497,0
DA:501,0
DA:503,0
DA:504,0
DA:511,0
DA:513,0
DA:514,0
DA:515,0
DA:517,0
DA:518,0
DA:519,0
DA:520,0
DA:525,0
DA:526,0
DA:531,0
DA:532,0
DA:537,0
DA:538,0
DA:539,0
DA:544,0
DA:548,0
DA:558,0
DA:560,0
DA:569,0
DA:572,0
DA:573,0
DA:578,0
DA:582,0
DA:583,0
DA:584,0
DA:586,0
DA:587,0
DA:591,0
DA:592,0
DA:593,0
DA:594,0
DA:595,0
DA:596,0
DA:602,0
DA:603,0
DA:604,0
DA:606,0
DA:607,0
DA:613,0
DA:615,0
DA:616,0
DA:618,0
DA:619,0
DA:628,0
DA:629,0
DA:630,0
DA:632,0
DA:634,0
DA:637,0
DA:638,0
DA:639,0
DA:643,0
DA:644,0
DA:645,0
DA:646,0
DA:649,0
DA:650,0
DA:651,0
DA:654,0
DA:657,0
DA:661,0
DA:662,0
DA:666,0
DA:668,0
DA:669,0
DA:675,0
DA:676,0
DA:677,0
DA:678,0
DA:683,0
DA:690,0
DA:692,0
DA:693,0
DA:696,0
DA:697,0
DA:698,0
DA:704,0
DA:705,0
DA:707,0
DA:713,0
DA:714,0
DA:715,0
DA:717,0
DA:721,0
DA:732,0
DA:733,0
DA:735,0
DA:745,0
DA:746,0
DA:747,0
DA:751,0
DA:752,0
DA:753,0
DA:755,0
DA:759,0
DA:770,0
DA:771,0
DA:772,0
DA:773,0
DA:776,0
DA:778,0
DA:785,0
DA:786,0
DA:787,0
DA:791,0
DA:792,0
DA:793,0
DA:795,0
DA:799,0
DA:813,0
DA:814,0
DA:815,0
DA:816,0
DA:819,0
DA:821,0
DA:827,0
DA:828,0
DA:829,0
DA:831,0
DA:835,0
DA:841,0
DA:842,0
DA:858,0
DA:859,0
DA:860,0
DA:861,0
DA:865,0
DA:866,0
DA:867,0
DA:870,0
DA:872,0
DA:882,0
DA:883,0
DA:884,0
DA:888,0
DA:889,0
DA:891,0
DA:893,0
DA:895,0
DA:896,0
DA:897,0
DA:898,0
DA:899,0
DA:902,0
DA:903,0
DA:904,0
DA:906,0
DA:908,0
DA:909,0
DA:910,0
DA:916,0
DA:919,0
DA:920,0
DA:921,0
DA:923,0
DA:927,0
DA:937,0
DA:938,0
DA:939,0
DA:940,0
DA:941,0
DA:943,0
DA:944,0
DA:945,0
DA:947,0
DA:948,0
DA:960,0
DA:962,0
DA:963,0
DA:964,0
DA:968,0
DA:969,0
DA:970,0
DA:974,0
DA:975,0
DA:976,0
DA:980,0
DA:981,0
DA:982,0
DA:983,0
DA:987,0
DA:989,0
DA:1000,0
DA:1001,0
DA:1002,0
DA:1006,0
DA:1007,0
DA:1009,0
DA:1010,0
DA:1012,0
DA:1016,0
DA:1029,0
DA:1031,0
DA:1032,0
DA:1033,0
DA:1037,0
DA:1038,0
DA:1039,0
DA:1042,0
DA:1044,0
DA:1054,0
DA:1055,0
DA:1056,0
DA:1060,0
DA:1061,0
DA:1063,0
DA:1064,0
DA:1066,0
DA:1070,0
DA:1079,0
DA:1081,0
DA:1089,0
DA:1098,0
DA:1110,0
DA:1111,0
DA:1114,0
DA:1116,0
DA:1127,0
DA:1130,0
DA:1131,0
DA:1136,0
DA:1138,0
DA:1147,0
DA:1156,0
DA:1161,0
DA:1163,0
DA:1164,0
DA:1171,0
DA:1185,0
DA:1190,0
DA:1192,0
DA:1193,0
DA:1199,0
DA:1211,0
DA:1226,0
DA:1228,0
DA:1239,0
DA:1242,0
DA:1243,0
DA:1248,0
DA:1250,0
DA:1258,0
DA:1267,0
DA:1272,0
DA:1274,0
DA:1279,0
DA:1282,0
DA:1283,0
LF:431
LH:0
BRDA:383,0,0,0
BRDA:384,1,0,0
BRDA:392,2,0,0
BRDA:393,3,0,0
BRDA:393,3,1,0
BRDA:403,4,0,0
BRDA:411,5,0,0
BRDA:418,6,0,0
BRDA:418,6,1,0
BRDA:419,7,0,0
BRDA:204,8,0,0
BRDA:204,8,1,0
BRDA:210,9,0,0
BRDA:210,10,0,0
BRDA:210,10,1,0
BRDA:217,11,0,0
BRDA:230,12,0,0
BRDA:235,13,0,0
BRDA:261,14,0,0
BRDA:276,15,0,0
BRDA:279,16,0,0
BRDA:279,17,0,0
BRDA:279,17,1,0
BRDA:290,18,0,0
BRDA:305,19,0,0
BRDA:305,20,0,0
BRDA:305,20,1,0
BRDA:335,21,0,0
BRDA:335,22,0,0
BRDA:335,22,1,0
BRDA:355,23,0,0
BRDA:362,24,0,0
BRDA:362,24,1,0
BRDA:429,25,0,0
BRDA:440,26,0,0
BRDA:440,26,1,0
BRDA:453,27,0,0
BRDA:469,28,0,0
BRDA:473,29,0,0
BRDA:480,30,0,0
BRDA:495,31,0,0
BRDA:501,32,0,0
BRDA:501,32,1,0
BRDA:503,33,0,0
BRDA:503,33,1,0
BRDA:517,34,0,0
BRDA:517,34,1,0
BRDA:525,35,0,0
BRDA:558,36,0,0
BRDA:558,36,1,0
BRDA:582,37,0,0
BRDA:592,38,0,0
BRDA:594,39,0,0
BRDA:602,40,0,0
BRDA:602,40,1,0
BRDA:628,41,0,0
BRDA:637,42,0,0
BRDA:637,43,0,0
BRDA:637,43,1,0
BRDA:637,43,2,0
BRDA:666,44,0,0
BRDA:675,45,0,0
BRDA:675,45,1,0
BRDA:677,46,0,0
BRDA:690,47,0,0
BRDA:697,48,0,0
BRDA:714,49,0,0
BRDA:714,49,1,0
BRDA:745,50,0,0
BRDA:752,51,0,0
BRDA:752,51,1,0
BRDA:771,52,0,0
BRDA:785,53,0,0
BRDA:792,54,0,0
BRDA:792,54,1,0
BRDA:814,55,0,0
BRDA:814,56,0,0
BRDA:814,56,1,0
BRDA:814,56,2,0
BRDA:828,57,0,0
BRDA:828,57,1,0
BRDA:843,58,0,0
BRDA:843,58,1,0
BRDA:846,59,0,0
BRDA:846,59,1,0
BRDA:859,60,0,0
BRDA:865,61,0,0
BRDA:882,62,0,0
BRDA:888,63,0,0
BRDA:896,64,0,0
BRDA:908,65,0,0
BRDA:920,66,0,0
BRDA:920,66,1,0
BRDA:939,67,0,0
BRDA:962,68,0,0
BRDA:962,69,0,0
BRDA:962,69,1,0
BRDA:962,69,2,0
BRDA:968,70,0,0
BRDA:968,71,0,0
BRDA:968,71,1,0
BRDA:974,72,0,0
BRDA:981,73,0,0
BRDA:981,74,0,0
BRDA:981,74,1,0
BRDA:981,74,2,0
BRDA:993,75,0,0
BRDA:993,75,1,0
BRDA:994,76,0,0
BRDA:994,76,1,0
BRDA:1000,77,0,0
BRDA:1007,78,0,0
BRDA:1007,78,1,0
BRDA:1031,79,0,0
BRDA:1037,80,0,0
BRDA:1037,81,0,0
BRDA:1037,81,1,0
BRDA:1037,81,2,0
BRDA:1054,82,0,0
BRDA:1061,83,0,0
BRDA:1061,83,1,0
BRDA:1079,84,0,0
BRDA:1079,84,1,0
BRDA:1110,85,0,0
BRDA:1114,86,0,0
BRDA:1114,86,1,0
BRDA:1136,87,0,0
BRDA:1136,87,1,0
BRDA:1161,88,0,0
BRDA:1164,89,0,0
BRDA:1164,89,1,0
BRDA:1169,90,0,0
BRDA:1169,90,1,0
BRDA:1171,91,0,0
BRDA:1171,91,1,0
BRDA:1176,92,0,0
BRDA:1176,92,1,0
BRDA:1180,93,0,0
BRDA:1180,93,1,0
BRDA:1181,94,0,0
BRDA:1181,94,1,0
BRDA:1190,95,0,0
BRDA:1193,96,0,0
BRDA:1193,96,1,0
BRDA:1197,97,0,0
BRDA:1197,97,1,0
BRDA:1199,98,0,0
BRDA:1199,98,1,0
BRDA:1203,99,0,0
BRDA:1203,99,1,0
BRDA:1207,100,0,0
BRDA:1207,100,1,0
BRDA:1208,101,0,0
BRDA:1208,101,1,0
BRDA:1223,102,0,0
BRDA:1224,103,0,0
BRDA:1226,104,0,0
BRDA:1226,104,1,0
BRDA:1248,105,0,0
BRDA:1248,105,1,0
BRDA:1272,106,0,0
BRDA:1276,107,0,0
BRDA:1276,107,1,0
BRF:163
BRH:0
end_of_record
